2025-04-27 06:54:10.217 [background-preinit] INFO  org.hibernate.validator.internal.util.Version - HV000001: Hibernate Validator 8.0.1.Final
2025-04-27 06:54:10.285 [main] INFO  com.dlshouwen.swda.Application - Starting Application using Java 17.0.10 with PID 52920 (D:\Workspace\eclipse\dlshouwen\swda-server\swda-app\target\classes started by liuji in D:\Workspace\eclipse\dlshouwen\swda-server\swda-app)
2025-04-27 06:54:10.287 [main] INFO  com.dlshouwen.swda.Application - The following 1 profile is active: "dev"
2025-04-27 06:54:12.206 [main] INFO  o.s.d.r.config.RepositoryConfigurationDelegate - Multiple Spring Data modules found, entering strict repository configuration mode
2025-04-27 06:54:12.208 [main] INFO  o.s.d.r.config.RepositoryConfigurationDelegate - Bootstrapping Spring Data JDBC repositories in DEFAULT mode.
2025-04-27 06:54:12.282 [main] INFO  o.s.d.r.config.RepositoryConfigurationDelegate - Finished Spring Data repository scanning in 69 ms. Found 0 JDBC repository interfaces.
2025-04-27 06:54:12.298 [main] INFO  o.s.d.r.config.RepositoryConfigurationDelegate - Multiple Spring Data modules found, entering strict repository configuration mode
2025-04-27 06:54:12.300 [main] INFO  o.s.d.r.config.RepositoryConfigurationDelegate - Bootstrapping Spring Data Redis repositories in DEFAULT mode.
2025-04-27 06:54:12.339 [main] INFO  o.s.d.r.config.RepositoryConfigurationDelegate - Finished Spring Data repository scanning in 27 ms. Found 0 Redis repository interfaces.
2025-04-27 06:54:13.565 [main] INFO  o.s.boot.web.embedded.tomcat.TomcatWebServer - Tomcat initialized with port 7000 (http)
2025-04-27 06:54:13.579 [main] INFO  org.apache.coyote.http11.Http11NioProtocol - Initializing ProtocolHandler ["http-nio-7000"]
2025-04-27 06:54:13.581 [main] INFO  org.apache.catalina.core.StandardService - Starting service [Tomcat]
2025-04-27 06:54:13.581 [main] INFO  org.apache.catalina.core.StandardEngine - Starting Servlet engine: [Apache Tomcat/10.1.25]
2025-04-27 06:54:13.678 [main] INFO  o.a.c.core.ContainerBase.[Tomcat].[localhost].[/] - Initializing Spring embedded WebApplicationContext
2025-04-27 06:54:13.679 [main] INFO  o.s.b.w.s.c.ServletWebServerApplicationContext - Root WebApplicationContext: initialization completed in 3339 ms
2025-04-27 06:54:14.410 [main] INFO  com.zaxxer.hikari.HikariDataSource - master - Starting...
2025-04-27 06:54:14.636 [main] INFO  com.zaxxer.hikari.pool.HikariPool - master - Added connection com.mysql.cj.jdbc.ConnectionImpl@51d9479c
2025-04-27 06:54:14.637 [main] INFO  com.zaxxer.hikari.HikariDataSource - master - Start completed.
2025-04-27 06:54:14.638 [main] INFO  c.b.dynamic.datasource.DynamicRoutingDataSource - dynamic-datasource - add a datasource named [master] success
2025-04-27 06:54:14.639 [main] INFO  c.b.dynamic.datasource.DynamicRoutingDataSource - dynamic-datasource initial loaded [1] datasource,primary datasource named [master]
2025-04-27 06:54:17.989 [main] INFO  o.s.s.c.a.a.c.InitializeAuthenticationProviderBeanManagerConfigurer$InitializeAuthenticationProviderManagerConfigurer - Found 3 AuthenticationProvider beans, with names [daoAuthenticationProvider, mobileAuthenticationProvider, thirdAuthenticationProvider]. Global Authentication Manager will not be configured with AuthenticationProviders. Consider publishing a single AuthenticationProvider bean, or wiring your Providers directly using the DSL.
2025-04-27 06:54:17.991 [main] INFO  o.s.s.c.a.a.c.InitializeUserDetailsBeanManagerConfigurer$InitializeUserDetailsManagerConfigurer - Global AuthenticationManager configured with UserDetailsService bean with name userDetailsServiceImpl
2025-04-27 06:54:18.454 [main] INFO  o.s.b.actuate.endpoint.web.EndpointLinksResolver - Exposing 14 endpoints beneath base path '/actuator'
2025-04-27 06:54:18.745 [main] INFO  com.fhs.common.spring.SpringContextUtil - ------SpringContextUtil setApplicationContext-------
2025-04-27 06:54:19.343 [main] INFO  org.apache.coyote.http11.Http11NioProtocol - Starting ProtocolHandler ["http-nio-7000"]
2025-04-27 06:54:19.357 [main] INFO  o.s.boot.web.embedded.tomcat.TomcatWebServer - Tomcat started on port 7000 (http) with context path '/'
2025-04-27 06:54:19.376 [main] INFO  com.dlshouwen.swda.Application - Started Application in 9.825 seconds (process running for 10.647)
2025-04-27 06:54:28.366 [http-nio-7000-exec-1] INFO  o.a.c.core.ContainerBase.[Tomcat].[localhost].[/] - Initializing Spring DispatcherServlet 'dispatcherServlet'
2025-04-27 06:54:28.366 [http-nio-7000-exec-1] INFO  org.springframework.web.servlet.DispatcherServlet - Initializing Servlet 'dispatcherServlet'
2025-04-27 06:54:28.369 [http-nio-7000-exec-1] INFO  org.springframework.web.servlet.DispatcherServlet - Completed initialization in 1 ms
2025-04-27 07:35:32.161 [background-preinit] INFO  org.hibernate.validator.internal.util.Version - HV000001: Hibernate Validator 8.0.1.Final
2025-04-27 07:35:32.214 [main] INFO  com.dlshouwen.swda.Application - Starting Application using Java 17.0.10 with PID 42264 (D:\Workspace\eclipse\dlshouwen\swda-server\swda-app\target\classes started by liuji in D:\Workspace\eclipse\dlshouwen\swda-server\swda-app)
2025-04-27 07:35:32.215 [main] INFO  com.dlshouwen.swda.Application - The following 1 profile is active: "dev"
2025-04-27 07:35:33.853 [main] INFO  o.s.d.r.config.RepositoryConfigurationDelegate - Multiple Spring Data modules found, entering strict repository configuration mode
2025-04-27 07:35:33.855 [main] INFO  o.s.d.r.config.RepositoryConfigurationDelegate - Bootstrapping Spring Data JDBC repositories in DEFAULT mode.
2025-04-27 07:35:33.933 [main] INFO  o.s.d.r.config.RepositoryConfigurationDelegate - Finished Spring Data repository scanning in 71 ms. Found 0 JDBC repository interfaces.
2025-04-27 07:35:33.948 [main] INFO  o.s.d.r.config.RepositoryConfigurationDelegate - Multiple Spring Data modules found, entering strict repository configuration mode
2025-04-27 07:35:33.949 [main] INFO  o.s.d.r.config.RepositoryConfigurationDelegate - Bootstrapping Spring Data Redis repositories in DEFAULT mode.
2025-04-27 07:35:33.982 [main] INFO  o.s.d.r.config.RepositoryConfigurationDelegate - Finished Spring Data repository scanning in 24 ms. Found 0 Redis repository interfaces.
2025-04-27 07:35:35.139 [main] INFO  o.s.boot.web.embedded.tomcat.TomcatWebServer - Tomcat initialized with port 7000 (http)
2025-04-27 07:35:35.150 [main] INFO  org.apache.coyote.http11.Http11NioProtocol - Initializing ProtocolHandler ["http-nio-7000"]
2025-04-27 07:35:35.152 [main] INFO  org.apache.catalina.core.StandardService - Starting service [Tomcat]
2025-04-27 07:35:35.152 [main] INFO  org.apache.catalina.core.StandardEngine - Starting Servlet engine: [Apache Tomcat/10.1.25]
2025-04-27 07:35:35.243 [main] INFO  o.a.c.core.ContainerBase.[Tomcat].[localhost].[/] - Initializing Spring embedded WebApplicationContext
2025-04-27 07:35:35.244 [main] INFO  o.s.b.w.s.c.ServletWebServerApplicationContext - Root WebApplicationContext: initialization completed in 2977 ms
2025-04-27 07:35:35.944 [main] INFO  com.zaxxer.hikari.HikariDataSource - master - Starting...
2025-04-27 07:35:36.128 [main] INFO  com.zaxxer.hikari.pool.HikariPool - master - Added connection com.mysql.cj.jdbc.ConnectionImpl@1bfb60b7
2025-04-27 07:35:36.130 [main] INFO  com.zaxxer.hikari.HikariDataSource - master - Start completed.
2025-04-27 07:35:36.130 [main] INFO  c.b.dynamic.datasource.DynamicRoutingDataSource - dynamic-datasource - add a datasource named [master] success
2025-04-27 07:35:36.131 [main] INFO  c.b.dynamic.datasource.DynamicRoutingDataSource - dynamic-datasource initial loaded [1] datasource,primary datasource named [master]
2025-04-27 07:35:39.576 [main] INFO  o.s.s.c.a.a.c.InitializeAuthenticationProviderBeanManagerConfigurer$InitializeAuthenticationProviderManagerConfigurer - Found 3 AuthenticationProvider beans, with names [daoAuthenticationProvider, mobileAuthenticationProvider, thirdAuthenticationProvider]. Global Authentication Manager will not be configured with AuthenticationProviders. Consider publishing a single AuthenticationProvider bean, or wiring your Providers directly using the DSL.
2025-04-27 07:35:39.578 [main] INFO  o.s.s.c.a.a.c.InitializeUserDetailsBeanManagerConfigurer$InitializeUserDetailsManagerConfigurer - Global AuthenticationManager configured with UserDetailsService bean with name userDetailsServiceImpl
2025-04-27 07:35:40.071 [main] INFO  o.s.b.actuate.endpoint.web.EndpointLinksResolver - Exposing 14 endpoints beneath base path '/actuator'
2025-04-27 07:35:40.365 [main] INFO  com.fhs.common.spring.SpringContextUtil - ------SpringContextUtil setApplicationContext-------
2025-04-27 07:35:40.919 [main] INFO  org.apache.coyote.http11.Http11NioProtocol - Starting ProtocolHandler ["http-nio-7000"]
2025-04-27 07:35:40.931 [main] INFO  o.s.boot.web.embedded.tomcat.TomcatWebServer - Tomcat started on port 7000 (http) with context path '/'
2025-04-27 07:35:40.949 [main] INFO  com.dlshouwen.swda.Application - Started Application in 9.36 seconds (process running for 10.054)
2025-04-27 07:36:04.673 [http-nio-7000-exec-1] INFO  o.a.c.core.ContainerBase.[Tomcat].[localhost].[/] - Initializing Spring DispatcherServlet 'dispatcherServlet'
2025-04-27 07:36:04.673 [http-nio-7000-exec-1] INFO  org.springframework.web.servlet.DispatcherServlet - Initializing Servlet 'dispatcherServlet'
2025-04-27 07:36:04.677 [http-nio-7000-exec-1] INFO  org.springframework.web.servlet.DispatcherServlet - Completed initialization in 4 ms
2025-04-27 07:40:18.327 [background-preinit] INFO  org.hibernate.validator.internal.util.Version - HV000001: Hibernate Validator 8.0.1.Final
2025-04-27 07:40:18.387 [main] INFO  com.dlshouwen.swda.Application - Starting Application using Java 17.0.10 with PID 17692 (D:\Workspace\eclipse\dlshouwen\swda-server\swda-app\target\classes started by liuji in D:\Workspace\eclipse\dlshouwen\swda-server\swda-app)
2025-04-27 07:40:18.388 [main] INFO  com.dlshouwen.swda.Application - The following 1 profile is active: "dev"
2025-04-27 07:40:20.051 [main] INFO  o.s.d.r.config.RepositoryConfigurationDelegate - Multiple Spring Data modules found, entering strict repository configuration mode
2025-04-27 07:40:20.052 [main] INFO  o.s.d.r.config.RepositoryConfigurationDelegate - Bootstrapping Spring Data JDBC repositories in DEFAULT mode.
2025-04-27 07:40:20.124 [main] INFO  o.s.d.r.config.RepositoryConfigurationDelegate - Finished Spring Data repository scanning in 67 ms. Found 0 JDBC repository interfaces.
2025-04-27 07:40:20.136 [main] INFO  o.s.d.r.config.RepositoryConfigurationDelegate - Multiple Spring Data modules found, entering strict repository configuration mode
2025-04-27 07:40:20.137 [main] INFO  o.s.d.r.config.RepositoryConfigurationDelegate - Bootstrapping Spring Data Redis repositories in DEFAULT mode.
2025-04-27 07:40:20.165 [main] INFO  o.s.d.r.config.RepositoryConfigurationDelegate - Finished Spring Data repository scanning in 20 ms. Found 0 Redis repository interfaces.
2025-04-27 07:40:21.301 [main] INFO  o.s.boot.web.embedded.tomcat.TomcatWebServer - Tomcat initialized with port 7000 (http)
2025-04-27 07:40:21.314 [main] INFO  org.apache.coyote.http11.Http11NioProtocol - Initializing ProtocolHandler ["http-nio-7000"]
2025-04-27 07:40:21.317 [main] INFO  org.apache.catalina.core.StandardService - Starting service [Tomcat]
2025-04-27 07:40:21.317 [main] INFO  org.apache.catalina.core.StandardEngine - Starting Servlet engine: [Apache Tomcat/10.1.25]
2025-04-27 07:40:21.408 [main] INFO  o.a.c.core.ContainerBase.[Tomcat].[localhost].[/] - Initializing Spring embedded WebApplicationContext
2025-04-27 07:40:21.409 [main] INFO  o.s.b.w.s.c.ServletWebServerApplicationContext - Root WebApplicationContext: initialization completed in 2968 ms
2025-04-27 07:40:22.152 [main] INFO  com.zaxxer.hikari.HikariDataSource - master - Starting...
2025-04-27 07:40:22.353 [main] INFO  com.zaxxer.hikari.pool.HikariPool - master - Added connection com.mysql.cj.jdbc.ConnectionImpl@4af50246
2025-04-27 07:40:22.355 [main] INFO  com.zaxxer.hikari.HikariDataSource - master - Start completed.
2025-04-27 07:40:22.355 [main] INFO  c.b.dynamic.datasource.DynamicRoutingDataSource - dynamic-datasource - add a datasource named [master] success
2025-04-27 07:40:22.356 [main] INFO  c.b.dynamic.datasource.DynamicRoutingDataSource - dynamic-datasource initial loaded [1] datasource,primary datasource named [master]
2025-04-27 07:40:25.635 [main] INFO  o.s.s.c.a.a.c.InitializeAuthenticationProviderBeanManagerConfigurer$InitializeAuthenticationProviderManagerConfigurer - Found 3 AuthenticationProvider beans, with names [daoAuthenticationProvider, mobileAuthenticationProvider, thirdAuthenticationProvider]. Global Authentication Manager will not be configured with AuthenticationProviders. Consider publishing a single AuthenticationProvider bean, or wiring your Providers directly using the DSL.
2025-04-27 07:40:25.636 [main] INFO  o.s.s.c.a.a.c.InitializeUserDetailsBeanManagerConfigurer$InitializeUserDetailsManagerConfigurer - Global AuthenticationManager configured with UserDetailsService bean with name userDetailsServiceImpl
2025-04-27 07:40:26.122 [main] INFO  o.s.b.actuate.endpoint.web.EndpointLinksResolver - Exposing 14 endpoints beneath base path '/actuator'
2025-04-27 07:40:26.397 [main] INFO  com.fhs.common.spring.SpringContextUtil - ------SpringContextUtil setApplicationContext-------
2025-04-27 07:40:27.055 [main] INFO  org.apache.coyote.http11.Http11NioProtocol - Starting ProtocolHandler ["http-nio-7000"]
2025-04-27 07:40:27.077 [main] INFO  o.s.boot.web.embedded.tomcat.TomcatWebServer - Tomcat started on port 7000 (http) with context path '/'
2025-04-27 07:40:27.100 [main] INFO  com.dlshouwen.swda.Application - Started Application in 9.342 seconds (process running for 10.053)
2025-04-27 07:40:42.118 [http-nio-7000-exec-1] INFO  o.a.c.core.ContainerBase.[Tomcat].[localhost].[/] - Initializing Spring DispatcherServlet 'dispatcherServlet'
2025-04-27 07:40:42.119 [http-nio-7000-exec-1] INFO  org.springframework.web.servlet.DispatcherServlet - Initializing Servlet 'dispatcherServlet'
2025-04-27 07:40:42.122 [http-nio-7000-exec-1] INFO  org.springframework.web.servlet.DispatcherServlet - Completed initialization in 3 ms
2025-04-27 07:41:21.709 [background-preinit] INFO  org.hibernate.validator.internal.util.Version - HV000001: Hibernate Validator 8.0.1.Final
2025-04-27 07:41:21.769 [main] INFO  com.dlshouwen.swda.Application - Starting Application using Java 17.0.10 with PID 47908 (D:\Workspace\eclipse\dlshouwen\swda-server\swda-app\target\classes started by liuji in D:\Workspace\eclipse\dlshouwen\swda-server\swda-app)
2025-04-27 07:41:21.771 [main] INFO  com.dlshouwen.swda.Application - The following 1 profile is active: "dev"
2025-04-27 07:41:23.372 [main] INFO  o.s.d.r.config.RepositoryConfigurationDelegate - Multiple Spring Data modules found, entering strict repository configuration mode
2025-04-27 07:41:23.374 [main] INFO  o.s.d.r.config.RepositoryConfigurationDelegate - Bootstrapping Spring Data JDBC repositories in DEFAULT mode.
2025-04-27 07:41:23.446 [main] INFO  o.s.d.r.config.RepositoryConfigurationDelegate - Finished Spring Data repository scanning in 66 ms. Found 0 JDBC repository interfaces.
2025-04-27 07:41:23.458 [main] INFO  o.s.d.r.config.RepositoryConfigurationDelegate - Multiple Spring Data modules found, entering strict repository configuration mode
2025-04-27 07:41:23.459 [main] INFO  o.s.d.r.config.RepositoryConfigurationDelegate - Bootstrapping Spring Data Redis repositories in DEFAULT mode.
2025-04-27 07:41:23.491 [main] INFO  o.s.d.r.config.RepositoryConfigurationDelegate - Finished Spring Data repository scanning in 22 ms. Found 0 Redis repository interfaces.
2025-04-27 07:41:24.607 [main] INFO  o.s.boot.web.embedded.tomcat.TomcatWebServer - Tomcat initialized with port 7000 (http)
2025-04-27 07:41:24.621 [main] INFO  org.apache.coyote.http11.Http11NioProtocol - Initializing ProtocolHandler ["http-nio-7000"]
2025-04-27 07:41:24.624 [main] INFO  org.apache.catalina.core.StandardService - Starting service [Tomcat]
2025-04-27 07:41:24.624 [main] INFO  org.apache.catalina.core.StandardEngine - Starting Servlet engine: [Apache Tomcat/10.1.25]
2025-04-27 07:41:24.715 [main] INFO  o.a.c.core.ContainerBase.[Tomcat].[localhost].[/] - Initializing Spring embedded WebApplicationContext
2025-04-27 07:41:24.715 [main] INFO  o.s.b.w.s.c.ServletWebServerApplicationContext - Root WebApplicationContext: initialization completed in 2890 ms
2025-04-27 07:41:25.405 [main] INFO  com.zaxxer.hikari.HikariDataSource - master - Starting...
2025-04-27 07:41:25.605 [main] INFO  com.zaxxer.hikari.pool.HikariPool - master - Added connection com.mysql.cj.jdbc.ConnectionImpl@2aa65672
2025-04-27 07:41:25.607 [main] INFO  com.zaxxer.hikari.HikariDataSource - master - Start completed.
2025-04-27 07:41:25.608 [main] INFO  c.b.dynamic.datasource.DynamicRoutingDataSource - dynamic-datasource - add a datasource named [master] success
2025-04-27 07:41:25.608 [main] INFO  c.b.dynamic.datasource.DynamicRoutingDataSource - dynamic-datasource initial loaded [1] datasource,primary datasource named [master]
2025-04-27 07:41:29.219 [main] INFO  o.s.s.c.a.a.c.InitializeAuthenticationProviderBeanManagerConfigurer$InitializeAuthenticationProviderManagerConfigurer - Found 3 AuthenticationProvider beans, with names [daoAuthenticationProvider, mobileAuthenticationProvider, thirdAuthenticationProvider]. Global Authentication Manager will not be configured with AuthenticationProviders. Consider publishing a single AuthenticationProvider bean, or wiring your Providers directly using the DSL.
2025-04-27 07:41:29.222 [main] INFO  o.s.s.c.a.a.c.InitializeUserDetailsBeanManagerConfigurer$InitializeUserDetailsManagerConfigurer - Global AuthenticationManager configured with UserDetailsService bean with name userDetailsServiceImpl
2025-04-27 07:41:29.770 [main] INFO  o.s.b.actuate.endpoint.web.EndpointLinksResolver - Exposing 14 endpoints beneath base path '/actuator'
2025-04-27 07:41:30.162 [main] INFO  com.fhs.common.spring.SpringContextUtil - ------SpringContextUtil setApplicationContext-------
2025-04-27 07:41:30.858 [main] INFO  org.apache.coyote.http11.Http11NioProtocol - Starting ProtocolHandler ["http-nio-7000"]
2025-04-27 07:41:30.872 [main] INFO  o.s.boot.web.embedded.tomcat.TomcatWebServer - Tomcat started on port 7000 (http) with context path '/'
2025-04-27 07:41:30.893 [main] INFO  com.dlshouwen.swda.Application - Started Application in 9.814 seconds (process running for 10.541)
2025-04-27 07:41:32.998 [http-nio-7000-exec-1] INFO  o.a.c.core.ContainerBase.[Tomcat].[localhost].[/] - Initializing Spring DispatcherServlet 'dispatcherServlet'
2025-04-27 07:41:32.998 [http-nio-7000-exec-1] INFO  org.springframework.web.servlet.DispatcherServlet - Initializing Servlet 'dispatcherServlet'
2025-04-27 07:41:33.002 [http-nio-7000-exec-1] INFO  org.springframework.web.servlet.DispatcherServlet - Completed initialization in 3 ms
2025-04-27 08:07:14.734 [background-preinit] INFO  org.hibernate.validator.internal.util.Version - HV000001: Hibernate Validator 8.0.1.Final
2025-04-27 08:07:14.797 [main] INFO  com.dlshouwen.swda.Application - Starting Application using Java 17.0.10 with PID 54628 (D:\Workspace\eclipse\dlshouwen\swda-server\swda-app\target\classes started by liuji in D:\Workspace\eclipse\dlshouwen\swda-server\swda-app)
2025-04-27 08:07:14.799 [main] INFO  com.dlshouwen.swda.Application - The following 1 profile is active: "dev"
2025-04-27 08:07:16.465 [main] INFO  o.s.d.r.config.RepositoryConfigurationDelegate - Multiple Spring Data modules found, entering strict repository configuration mode
2025-04-27 08:07:16.467 [main] INFO  o.s.d.r.config.RepositoryConfigurationDelegate - Bootstrapping Spring Data JDBC repositories in DEFAULT mode.
2025-04-27 08:07:16.531 [main] INFO  o.s.d.r.config.RepositoryConfigurationDelegate - Finished Spring Data repository scanning in 60 ms. Found 0 JDBC repository interfaces.
2025-04-27 08:07:16.543 [main] INFO  o.s.d.r.config.RepositoryConfigurationDelegate - Multiple Spring Data modules found, entering strict repository configuration mode
2025-04-27 08:07:16.544 [main] INFO  o.s.d.r.config.RepositoryConfigurationDelegate - Bootstrapping Spring Data Redis repositories in DEFAULT mode.
2025-04-27 08:07:16.575 [main] INFO  o.s.d.r.config.RepositoryConfigurationDelegate - Finished Spring Data repository scanning in 21 ms. Found 0 Redis repository interfaces.
2025-04-27 08:07:17.706 [main] INFO  o.s.boot.web.embedded.tomcat.TomcatWebServer - Tomcat initialized with port 7000 (http)
2025-04-27 08:07:17.718 [main] INFO  org.apache.coyote.http11.Http11NioProtocol - Initializing ProtocolHandler ["http-nio-7000"]
2025-04-27 08:07:17.721 [main] INFO  org.apache.catalina.core.StandardService - Starting service [Tomcat]
2025-04-27 08:07:17.721 [main] INFO  org.apache.catalina.core.StandardEngine - Starting Servlet engine: [Apache Tomcat/10.1.25]
2025-04-27 08:07:17.811 [main] INFO  o.a.c.core.ContainerBase.[Tomcat].[localhost].[/] - Initializing Spring embedded WebApplicationContext
2025-04-27 08:07:17.811 [main] INFO  o.s.b.w.s.c.ServletWebServerApplicationContext - Root WebApplicationContext: initialization completed in 2956 ms
2025-04-27 08:07:18.534 [main] INFO  com.zaxxer.hikari.HikariDataSource - master - Starting...
2025-04-27 08:07:18.733 [main] INFO  com.zaxxer.hikari.pool.HikariPool - master - Added connection com.mysql.cj.jdbc.ConnectionImpl@6e664075
2025-04-27 08:07:18.734 [main] INFO  com.zaxxer.hikari.HikariDataSource - master - Start completed.
2025-04-27 08:07:18.735 [main] INFO  c.b.dynamic.datasource.DynamicRoutingDataSource - dynamic-datasource - add a datasource named [master] success
2025-04-27 08:07:18.736 [main] INFO  c.b.dynamic.datasource.DynamicRoutingDataSource - dynamic-datasource initial loaded [1] datasource,primary datasource named [master]
2025-04-27 08:07:22.036 [main] INFO  o.s.s.c.a.a.c.InitializeAuthenticationProviderBeanManagerConfigurer$InitializeAuthenticationProviderManagerConfigurer - Found 3 AuthenticationProvider beans, with names [daoAuthenticationProvider, mobileAuthenticationProvider, thirdAuthenticationProvider]. Global Authentication Manager will not be configured with AuthenticationProviders. Consider publishing a single AuthenticationProvider bean, or wiring your Providers directly using the DSL.
2025-04-27 08:07:22.038 [main] INFO  o.s.s.c.a.a.c.InitializeUserDetailsBeanManagerConfigurer$InitializeUserDetailsManagerConfigurer - Global AuthenticationManager configured with UserDetailsService bean with name userDetailsServiceImpl
2025-04-27 08:07:22.582 [main] INFO  o.s.b.actuate.endpoint.web.EndpointLinksResolver - Exposing 14 endpoints beneath base path '/actuator'
2025-04-27 08:07:22.896 [main] INFO  com.fhs.common.spring.SpringContextUtil - ------SpringContextUtil setApplicationContext-------
2025-04-27 08:07:23.460 [main] INFO  org.apache.coyote.http11.Http11NioProtocol - Starting ProtocolHandler ["http-nio-7000"]
2025-04-27 08:07:23.474 [main] INFO  o.s.boot.web.embedded.tomcat.TomcatWebServer - Tomcat started on port 7000 (http) with context path '/'
2025-04-27 08:07:23.493 [main] INFO  com.dlshouwen.swda.Application - Started Application in 9.336 seconds (process running for 10.074)
2025-04-27 08:07:29.355 [http-nio-7000-exec-2] INFO  o.a.c.core.ContainerBase.[Tomcat].[localhost].[/] - Initializing Spring DispatcherServlet 'dispatcherServlet'
2025-04-27 08:07:29.355 [http-nio-7000-exec-2] INFO  org.springframework.web.servlet.DispatcherServlet - Initializing Servlet 'dispatcherServlet'
2025-04-27 08:07:29.357 [http-nio-7000-exec-2] INFO  org.springframework.web.servlet.DispatcherServlet - Completed initialization in 2 ms
2025-04-27 08:13:33.353 [background-preinit] INFO  org.hibernate.validator.internal.util.Version - HV000001: Hibernate Validator 8.0.1.Final
2025-04-27 08:13:33.410 [main] INFO  com.dlshouwen.swda.Application - Starting Application using Java 17.0.10 with PID 51244 (D:\Workspace\eclipse\dlshouwen\swda-server\swda-app\target\classes started by liuji in D:\Workspace\eclipse\dlshouwen\swda-server\swda-app)
2025-04-27 08:13:33.412 [main] INFO  com.dlshouwen.swda.Application - The following 1 profile is active: "dev"
2025-04-27 08:13:35.106 [main] INFO  o.s.d.r.config.RepositoryConfigurationDelegate - Multiple Spring Data modules found, entering strict repository configuration mode
2025-04-27 08:13:35.108 [main] INFO  o.s.d.r.config.RepositoryConfigurationDelegate - Bootstrapping Spring Data JDBC repositories in DEFAULT mode.
2025-04-27 08:13:35.185 [main] INFO  o.s.d.r.config.RepositoryConfigurationDelegate - Finished Spring Data repository scanning in 72 ms. Found 0 JDBC repository interfaces.
2025-04-27 08:13:35.198 [main] INFO  o.s.d.r.config.RepositoryConfigurationDelegate - Multiple Spring Data modules found, entering strict repository configuration mode
2025-04-27 08:13:35.199 [main] INFO  o.s.d.r.config.RepositoryConfigurationDelegate - Bootstrapping Spring Data Redis repositories in DEFAULT mode.
2025-04-27 08:13:35.232 [main] INFO  o.s.d.r.config.RepositoryConfigurationDelegate - Finished Spring Data repository scanning in 24 ms. Found 0 Redis repository interfaces.
2025-04-27 08:13:36.441 [main] INFO  o.s.boot.web.embedded.tomcat.TomcatWebServer - Tomcat initialized with port 7000 (http)
2025-04-27 08:13:36.456 [main] INFO  org.apache.coyote.http11.Http11NioProtocol - Initializing ProtocolHandler ["http-nio-7000"]
2025-04-27 08:13:36.459 [main] INFO  org.apache.catalina.core.StandardService - Starting service [Tomcat]
2025-04-27 08:13:36.461 [main] INFO  org.apache.catalina.core.StandardEngine - Starting Servlet engine: [Apache Tomcat/10.1.25]
2025-04-27 08:13:36.562 [main] INFO  o.a.c.core.ContainerBase.[Tomcat].[localhost].[/] - Initializing Spring embedded WebApplicationContext
2025-04-27 08:13:36.563 [main] INFO  o.s.b.w.s.c.ServletWebServerApplicationContext - Root WebApplicationContext: initialization completed in 3100 ms
2025-04-27 08:13:37.480 [main] INFO  com.zaxxer.hikari.HikariDataSource - master - Starting...
2025-04-27 08:13:37.851 [main] INFO  com.zaxxer.hikari.pool.HikariPool - master - Added connection com.mysql.cj.jdbc.ConnectionImpl@426bf2f2
2025-04-27 08:13:37.853 [main] INFO  com.zaxxer.hikari.HikariDataSource - master - Start completed.
2025-04-27 08:13:37.854 [main] INFO  c.b.dynamic.datasource.DynamicRoutingDataSource - dynamic-datasource - add a datasource named [master] success
2025-04-27 08:13:37.855 [main] INFO  c.b.dynamic.datasource.DynamicRoutingDataSource - dynamic-datasource initial loaded [1] datasource,primary datasource named [master]
2025-04-27 08:13:41.938 [main] INFO  o.s.s.c.a.a.c.InitializeAuthenticationProviderBeanManagerConfigurer$InitializeAuthenticationProviderManagerConfigurer - Found 3 AuthenticationProvider beans, with names [daoAuthenticationProvider, mobileAuthenticationProvider, thirdAuthenticationProvider]. Global Authentication Manager will not be configured with AuthenticationProviders. Consider publishing a single AuthenticationProvider bean, or wiring your Providers directly using the DSL.
2025-04-27 08:13:41.939 [main] INFO  o.s.s.c.a.a.c.InitializeUserDetailsBeanManagerConfigurer$InitializeUserDetailsManagerConfigurer - Global AuthenticationManager configured with UserDetailsService bean with name userDetailsServiceImpl
2025-04-27 08:13:42.479 [main] INFO  o.s.b.actuate.endpoint.web.EndpointLinksResolver - Exposing 14 endpoints beneath base path '/actuator'
2025-04-27 08:13:42.839 [main] INFO  com.fhs.common.spring.SpringContextUtil - ------SpringContextUtil setApplicationContext-------
2025-04-27 08:13:43.471 [main] INFO  org.apache.coyote.http11.Http11NioProtocol - Starting ProtocolHandler ["http-nio-7000"]
2025-04-27 08:13:43.494 [main] INFO  o.s.boot.web.embedded.tomcat.TomcatWebServer - Tomcat started on port 7000 (http) with context path '/'
2025-04-27 08:13:43.514 [main] INFO  com.dlshouwen.swda.Application - Started Application in 10.745 seconds (process running for 11.467)
2025-04-27 08:13:43.571 [http-nio-7000-exec-2] INFO  o.a.c.core.ContainerBase.[Tomcat].[localhost].[/] - Initializing Spring DispatcherServlet 'dispatcherServlet'
2025-04-27 08:13:43.571 [http-nio-7000-exec-2] INFO  org.springframework.web.servlet.DispatcherServlet - Initializing Servlet 'dispatcherServlet'
2025-04-27 08:13:43.573 [http-nio-7000-exec-2] INFO  org.springframework.web.servlet.DispatcherServlet - Completed initialization in 2 ms
2025-04-27 08:17:40.045 [background-preinit] INFO  org.hibernate.validator.internal.util.Version - HV000001: Hibernate Validator 8.0.1.Final
2025-04-27 08:17:40.098 [main] INFO  com.dlshouwen.swda.Application - Starting Application using Java 17.0.10 with PID 11780 (D:\Workspace\eclipse\dlshouwen\swda-server\swda-app\target\classes started by liuji in D:\Workspace\eclipse\dlshouwen\swda-server\swda-app)
2025-04-27 08:17:40.099 [main] INFO  com.dlshouwen.swda.Application - The following 1 profile is active: "dev"
2025-04-27 08:17:41.760 [main] INFO  o.s.d.r.config.RepositoryConfigurationDelegate - Multiple Spring Data modules found, entering strict repository configuration mode
2025-04-27 08:17:41.762 [main] INFO  o.s.d.r.config.RepositoryConfigurationDelegate - Bootstrapping Spring Data JDBC repositories in DEFAULT mode.
2025-04-27 08:17:41.832 [main] INFO  o.s.d.r.config.RepositoryConfigurationDelegate - Finished Spring Data repository scanning in 65 ms. Found 0 JDBC repository interfaces.
2025-04-27 08:17:41.845 [main] INFO  o.s.d.r.config.RepositoryConfigurationDelegate - Multiple Spring Data modules found, entering strict repository configuration mode
2025-04-27 08:17:41.846 [main] INFO  o.s.d.r.config.RepositoryConfigurationDelegate - Bootstrapping Spring Data Redis repositories in DEFAULT mode.
2025-04-27 08:17:41.878 [main] INFO  o.s.d.r.config.RepositoryConfigurationDelegate - Finished Spring Data repository scanning in 23 ms. Found 0 Redis repository interfaces.
2025-04-27 08:17:43.051 [main] INFO  o.s.boot.web.embedded.tomcat.TomcatWebServer - Tomcat initialized with port 7000 (http)
2025-04-27 08:17:43.065 [main] INFO  org.apache.coyote.http11.Http11NioProtocol - Initializing ProtocolHandler ["http-nio-7000"]
2025-04-27 08:17:43.067 [main] INFO  org.apache.catalina.core.StandardService - Starting service [Tomcat]
2025-04-27 08:17:43.067 [main] INFO  org.apache.catalina.core.StandardEngine - Starting Servlet engine: [Apache Tomcat/10.1.25]
2025-04-27 08:17:43.166 [main] INFO  o.a.c.core.ContainerBase.[Tomcat].[localhost].[/] - Initializing Spring embedded WebApplicationContext
2025-04-27 08:17:43.167 [main] INFO  o.s.b.w.s.c.ServletWebServerApplicationContext - Root WebApplicationContext: initialization completed in 3019 ms
2025-04-27 08:17:43.896 [main] INFO  com.zaxxer.hikari.HikariDataSource - master - Starting...
2025-04-27 08:17:44.091 [main] INFO  com.zaxxer.hikari.pool.HikariPool - master - Added connection com.mysql.cj.jdbc.ConnectionImpl@642d971f
2025-04-27 08:17:44.093 [main] INFO  com.zaxxer.hikari.HikariDataSource - master - Start completed.
2025-04-27 08:17:44.094 [main] INFO  c.b.dynamic.datasource.DynamicRoutingDataSource - dynamic-datasource - add a datasource named [master] success
2025-04-27 08:17:44.094 [main] INFO  c.b.dynamic.datasource.DynamicRoutingDataSource - dynamic-datasource initial loaded [1] datasource,primary datasource named [master]
2025-04-27 08:17:47.169 [main] INFO  o.s.s.c.a.a.c.InitializeAuthenticationProviderBeanManagerConfigurer$InitializeAuthenticationProviderManagerConfigurer - Found 3 AuthenticationProvider beans, with names [daoAuthenticationProvider, mobileAuthenticationProvider, thirdAuthenticationProvider]. Global Authentication Manager will not be configured with AuthenticationProviders. Consider publishing a single AuthenticationProvider bean, or wiring your Providers directly using the DSL.
2025-04-27 08:17:47.171 [main] INFO  o.s.s.c.a.a.c.InitializeUserDetailsBeanManagerConfigurer$InitializeUserDetailsManagerConfigurer - Global AuthenticationManager configured with UserDetailsService bean with name userDetailsServiceImpl
2025-04-27 08:17:47.617 [main] INFO  o.s.b.actuate.endpoint.web.EndpointLinksResolver - Exposing 14 endpoints beneath base path '/actuator'
2025-04-27 08:17:47.915 [main] INFO  com.fhs.common.spring.SpringContextUtil - ------SpringContextUtil setApplicationContext-------
2025-04-27 08:17:48.470 [main] INFO  org.apache.coyote.http11.Http11NioProtocol - Starting ProtocolHandler ["http-nio-7000"]
2025-04-27 08:17:48.484 [main] INFO  o.s.boot.web.embedded.tomcat.TomcatWebServer - Tomcat started on port 7000 (http) with context path '/'
2025-04-27 08:17:48.502 [main] INFO  com.dlshouwen.swda.Application - Started Application in 9.022 seconds (process running for 9.718)
2025-04-27 08:18:01.886 [http-nio-7000-exec-1] INFO  o.a.c.core.ContainerBase.[Tomcat].[localhost].[/] - Initializing Spring DispatcherServlet 'dispatcherServlet'
2025-04-27 08:18:01.887 [http-nio-7000-exec-1] INFO  org.springframework.web.servlet.DispatcherServlet - Initializing Servlet 'dispatcherServlet'
2025-04-27 08:18:01.892 [http-nio-7000-exec-1] INFO  org.springframework.web.servlet.DispatcherServlet - Completed initialization in 4 ms
2025-04-27 08:56:33.289 [background-preinit] INFO  org.hibernate.validator.internal.util.Version - HV000001: Hibernate Validator 8.0.1.Final
2025-04-27 08:56:33.345 [main] INFO  com.dlshouwen.swda.Application - Starting Application using Java 17.0.10 with PID 46276 (D:\Workspace\eclipse\dlshouwen\swda-server\swda-app\target\classes started by liuji in D:\Workspace\eclipse\dlshouwen\swda-server\swda-app)
2025-04-27 08:56:33.346 [main] INFO  com.dlshouwen.swda.Application - The following 1 profile is active: "dev"
2025-04-27 08:56:34.948 [main] INFO  o.s.d.r.config.RepositoryConfigurationDelegate - Multiple Spring Data modules found, entering strict repository configuration mode
2025-04-27 08:56:34.950 [main] INFO  o.s.d.r.config.RepositoryConfigurationDelegate - Bootstrapping Spring Data JDBC repositories in DEFAULT mode.
2025-04-27 08:56:35.021 [main] INFO  o.s.d.r.config.RepositoryConfigurationDelegate - Finished Spring Data repository scanning in 67 ms. Found 0 JDBC repository interfaces.
2025-04-27 08:56:35.033 [main] INFO  o.s.d.r.config.RepositoryConfigurationDelegate - Multiple Spring Data modules found, entering strict repository configuration mode
2025-04-27 08:56:35.035 [main] INFO  o.s.d.r.config.RepositoryConfigurationDelegate - Bootstrapping Spring Data Redis repositories in DEFAULT mode.
2025-04-27 08:56:35.070 [main] INFO  o.s.d.r.config.RepositoryConfigurationDelegate - Finished Spring Data repository scanning in 25 ms. Found 0 Redis repository interfaces.
2025-04-27 08:56:36.207 [main] INFO  o.s.boot.web.embedded.tomcat.TomcatWebServer - Tomcat initialized with port 7000 (http)
2025-04-27 08:56:36.221 [main] INFO  org.apache.coyote.http11.Http11NioProtocol - Initializing ProtocolHandler ["http-nio-7000"]
2025-04-27 08:56:36.223 [main] INFO  org.apache.catalina.core.StandardService - Starting service [Tomcat]
2025-04-27 08:56:36.224 [main] INFO  org.apache.catalina.core.StandardEngine - Starting Servlet engine: [Apache Tomcat/10.1.25]
2025-04-27 08:56:36.329 [main] INFO  o.a.c.core.ContainerBase.[Tomcat].[localhost].[/] - Initializing Spring embedded WebApplicationContext
2025-04-27 08:56:36.329 [main] INFO  o.s.b.w.s.c.ServletWebServerApplicationContext - Root WebApplicationContext: initialization completed in 2934 ms
2025-04-27 08:56:37.047 [main] INFO  com.zaxxer.hikari.HikariDataSource - master - Starting...
2025-04-27 08:56:37.227 [main] INFO  com.zaxxer.hikari.pool.HikariPool - master - Added connection com.mysql.cj.jdbc.ConnectionImpl@51d9479c
2025-04-27 08:56:37.229 [main] INFO  com.zaxxer.hikari.HikariDataSource - master - Start completed.
2025-04-27 08:56:37.230 [main] INFO  c.b.dynamic.datasource.DynamicRoutingDataSource - dynamic-datasource - add a datasource named [master] success
2025-04-27 08:56:37.230 [main] INFO  c.b.dynamic.datasource.DynamicRoutingDataSource - dynamic-datasource initial loaded [1] datasource,primary datasource named [master]
2025-04-27 08:56:40.733 [main] INFO  o.s.s.c.a.a.c.InitializeAuthenticationProviderBeanManagerConfigurer$InitializeAuthenticationProviderManagerConfigurer - Found 3 AuthenticationProvider beans, with names [daoAuthenticationProvider, mobileAuthenticationProvider, thirdAuthenticationProvider]. Global Authentication Manager will not be configured with AuthenticationProviders. Consider publishing a single AuthenticationProvider bean, or wiring your Providers directly using the DSL.
2025-04-27 08:56:40.734 [main] INFO  o.s.s.c.a.a.c.InitializeUserDetailsBeanManagerConfigurer$InitializeUserDetailsManagerConfigurer - Global AuthenticationManager configured with UserDetailsService bean with name userDetailsServiceImpl
2025-04-27 08:56:41.227 [main] INFO  o.s.b.actuate.endpoint.web.EndpointLinksResolver - Exposing 14 endpoints beneath base path '/actuator'
2025-04-27 08:56:41.606 [main] INFO  com.fhs.common.spring.SpringContextUtil - ------SpringContextUtil setApplicationContext-------
2025-04-27 08:56:42.149 [main] INFO  org.apache.coyote.http11.Http11NioProtocol - Starting ProtocolHandler ["http-nio-7000"]
2025-04-27 08:56:42.169 [main] INFO  o.s.boot.web.embedded.tomcat.TomcatWebServer - Tomcat started on port 7000 (http) with context path '/'
2025-04-27 08:56:42.188 [main] INFO  com.dlshouwen.swda.Application - Started Application in 9.494 seconds (process running for 10.205)
2025-04-27 09:01:37.846 [http-nio-7000-exec-2] INFO  o.a.c.core.ContainerBase.[Tomcat].[localhost].[/] - Initializing Spring DispatcherServlet 'dispatcherServlet'
2025-04-27 09:01:37.847 [http-nio-7000-exec-2] INFO  org.springframework.web.servlet.DispatcherServlet - Initializing Servlet 'dispatcherServlet'
2025-04-27 09:01:37.850 [http-nio-7000-exec-2] INFO  org.springframework.web.servlet.DispatcherServlet - Completed initialization in 3 ms
2025-04-27 09:12:37.818 [background-preinit] INFO  org.hibernate.validator.internal.util.Version - HV000001: Hibernate Validator 8.0.1.Final
2025-04-27 09:12:37.874 [main] INFO  com.dlshouwen.swda.Application - Starting Application using Java 17.0.10 with PID 53396 (D:\Workspace\eclipse\dlshouwen\swda-server\swda-app\target\classes started by liuji in D:\Workspace\eclipse\dlshouwen\swda-server\swda-app)
2025-04-27 09:12:37.875 [main] INFO  com.dlshouwen.swda.Application - The following 1 profile is active: "dev"
2025-04-27 09:12:39.600 [main] INFO  o.s.d.r.config.RepositoryConfigurationDelegate - Multiple Spring Data modules found, entering strict repository configuration mode
2025-04-27 09:12:39.602 [main] INFO  o.s.d.r.config.RepositoryConfigurationDelegate - Bootstrapping Spring Data JDBC repositories in DEFAULT mode.
2025-04-27 09:12:39.676 [main] INFO  o.s.d.r.config.RepositoryConfigurationDelegate - Finished Spring Data repository scanning in 68 ms. Found 0 JDBC repository interfaces.
2025-04-27 09:12:39.689 [main] INFO  o.s.d.r.config.RepositoryConfigurationDelegate - Multiple Spring Data modules found, entering strict repository configuration mode
2025-04-27 09:12:39.691 [main] INFO  o.s.d.r.config.RepositoryConfigurationDelegate - Bootstrapping Spring Data Redis repositories in DEFAULT mode.
2025-04-27 09:12:39.729 [main] INFO  o.s.d.r.config.RepositoryConfigurationDelegate - Finished Spring Data repository scanning in 29 ms. Found 0 Redis repository interfaces.
2025-04-27 09:12:40.932 [main] INFO  o.s.boot.web.embedded.tomcat.TomcatWebServer - Tomcat initialized with port 7000 (http)
2025-04-27 09:12:40.945 [main] INFO  org.apache.coyote.http11.Http11NioProtocol - Initializing ProtocolHandler ["http-nio-7000"]
2025-04-27 09:12:40.947 [main] INFO  org.apache.catalina.core.StandardService - Starting service [Tomcat]
2025-04-27 09:12:40.948 [main] INFO  org.apache.catalina.core.StandardEngine - Starting Servlet engine: [Apache Tomcat/10.1.25]
2025-04-27 09:12:41.044 [main] INFO  o.a.c.core.ContainerBase.[Tomcat].[localhost].[/] - Initializing Spring embedded WebApplicationContext
2025-04-27 09:12:41.045 [main] INFO  o.s.b.w.s.c.ServletWebServerApplicationContext - Root WebApplicationContext: initialization completed in 3119 ms
2025-04-27 09:12:41.825 [main] INFO  com.zaxxer.hikari.HikariDataSource - master - Starting...
2025-04-27 09:12:42.014 [main] INFO  com.zaxxer.hikari.pool.HikariPool - master - Added connection com.mysql.cj.jdbc.ConnectionImpl@2e03bb74
2025-04-27 09:12:42.016 [main] INFO  com.zaxxer.hikari.HikariDataSource - master - Start completed.
2025-04-27 09:12:42.017 [main] INFO  c.b.dynamic.datasource.DynamicRoutingDataSource - dynamic-datasource - add a datasource named [master] success
2025-04-27 09:12:42.017 [main] INFO  c.b.dynamic.datasource.DynamicRoutingDataSource - dynamic-datasource initial loaded [1] datasource,primary datasource named [master]
2025-04-27 09:12:45.597 [main] INFO  o.s.s.c.a.a.c.InitializeAuthenticationProviderBeanManagerConfigurer$InitializeAuthenticationProviderManagerConfigurer - Found 3 AuthenticationProvider beans, with names [daoAuthenticationProvider, mobileAuthenticationProvider, thirdAuthenticationProvider]. Global Authentication Manager will not be configured with AuthenticationProviders. Consider publishing a single AuthenticationProvider bean, or wiring your Providers directly using the DSL.
2025-04-27 09:12:45.598 [main] INFO  o.s.s.c.a.a.c.InitializeUserDetailsBeanManagerConfigurer$InitializeUserDetailsManagerConfigurer - Global AuthenticationManager configured with UserDetailsService bean with name userDetailsServiceImpl
2025-04-27 09:12:46.066 [main] INFO  o.s.b.actuate.endpoint.web.EndpointLinksResolver - Exposing 14 endpoints beneath base path '/actuator'
2025-04-27 09:12:46.377 [main] INFO  com.fhs.common.spring.SpringContextUtil - ------SpringContextUtil setApplicationContext-------
2025-04-27 09:12:47.003 [main] INFO  org.apache.coyote.http11.Http11NioProtocol - Starting ProtocolHandler ["http-nio-7000"]
2025-04-27 09:12:47.015 [main] INFO  o.s.boot.web.embedded.tomcat.TomcatWebServer - Tomcat started on port 7000 (http) with context path '/'
2025-04-27 09:12:47.032 [main] INFO  com.dlshouwen.swda.Application - Started Application in 9.802 seconds (process running for 10.535)
2025-04-27 09:12:56.301 [http-nio-7000-exec-2] INFO  o.a.c.core.ContainerBase.[Tomcat].[localhost].[/] - Initializing Spring DispatcherServlet 'dispatcherServlet'
2025-04-27 09:12:56.301 [http-nio-7000-exec-2] INFO  org.springframework.web.servlet.DispatcherServlet - Initializing Servlet 'dispatcherServlet'
2025-04-27 09:12:56.305 [http-nio-7000-exec-2] INFO  org.springframework.web.servlet.DispatcherServlet - Completed initialization in 4 ms
2025-04-27 16:54:41.347 [background-preinit] INFO  org.hibernate.validator.internal.util.Version - HV000001: Hibernate Validator 8.0.1.Final
2025-04-27 16:54:41.404 [main] INFO  com.dlshouwen.swda.Application - Starting Application using Java 17.0.10 with PID 41484 (D:\Workspace\eclipse\dlshouwen\swda-server\swda-app\target\classes started by liuji in D:\Workspace\eclipse\dlshouwen\swda-server\swda-app)
2025-04-27 16:54:41.405 [main] INFO  com.dlshouwen.swda.Application - The following 1 profile is active: "dev"
2025-04-27 16:54:43.091 [main] INFO  o.s.d.r.config.RepositoryConfigurationDelegate - Multiple Spring Data modules found, entering strict repository configuration mode
2025-04-27 16:54:43.093 [main] INFO  o.s.d.r.config.RepositoryConfigurationDelegate - Bootstrapping Spring Data JDBC repositories in DEFAULT mode.
2025-04-27 16:54:43.165 [main] INFO  o.s.d.r.config.RepositoryConfigurationDelegate - Finished Spring Data repository scanning in 67 ms. Found 0 JDBC repository interfaces.
2025-04-27 16:54:43.179 [main] INFO  o.s.d.r.config.RepositoryConfigurationDelegate - Multiple Spring Data modules found, entering strict repository configuration mode
2025-04-27 16:54:43.181 [main] INFO  o.s.d.r.config.RepositoryConfigurationDelegate - Bootstrapping Spring Data Redis repositories in DEFAULT mode.
2025-04-27 16:54:43.208 [main] INFO  o.s.d.r.config.RepositoryConfigurationDelegate - Finished Spring Data repository scanning in 20 ms. Found 0 Redis repository interfaces.
2025-04-27 16:54:44.365 [main] INFO  o.s.boot.web.embedded.tomcat.TomcatWebServer - Tomcat initialized with port 7000 (http)
2025-04-27 16:54:44.378 [main] INFO  org.apache.coyote.http11.Http11NioProtocol - Initializing ProtocolHandler ["http-nio-7000"]
2025-04-27 16:54:44.381 [main] INFO  org.apache.catalina.core.StandardService - Starting service [Tomcat]
2025-04-27 16:54:44.381 [main] INFO  org.apache.catalina.core.StandardEngine - Starting Servlet engine: [Apache Tomcat/10.1.25]
2025-04-27 16:54:44.478 [main] INFO  o.a.c.core.ContainerBase.[Tomcat].[localhost].[/] - Initializing Spring embedded WebApplicationContext
2025-04-27 16:54:44.479 [main] INFO  o.s.b.w.s.c.ServletWebServerApplicationContext - Root WebApplicationContext: initialization completed in 3022 ms
2025-04-27 16:54:45.207 [main] INFO  com.zaxxer.hikari.HikariDataSource - master - Starting...
2025-04-27 16:54:45.404 [main] INFO  com.zaxxer.hikari.pool.HikariPool - master - Added connection com.mysql.cj.jdbc.ConnectionImpl@d60cbad
2025-04-27 16:54:45.406 [main] INFO  com.zaxxer.hikari.HikariDataSource - master - Start completed.
2025-04-27 16:54:45.407 [main] INFO  c.b.dynamic.datasource.DynamicRoutingDataSource - dynamic-datasource - add a datasource named [master] success
2025-04-27 16:54:45.408 [main] INFO  c.b.dynamic.datasource.DynamicRoutingDataSource - dynamic-datasource initial loaded [1] datasource,primary datasource named [master]
2025-04-27 16:54:48.854 [main] INFO  o.s.s.c.a.a.c.InitializeAuthenticationProviderBeanManagerConfigurer$InitializeAuthenticationProviderManagerConfigurer - Found 3 AuthenticationProvider beans, with names [daoAuthenticationProvider, mobileAuthenticationProvider, thirdAuthenticationProvider]. Global Authentication Manager will not be configured with AuthenticationProviders. Consider publishing a single AuthenticationProvider bean, or wiring your Providers directly using the DSL.
2025-04-27 16:54:48.856 [main] INFO  o.s.s.c.a.a.c.InitializeUserDetailsBeanManagerConfigurer$InitializeUserDetailsManagerConfigurer - Global AuthenticationManager configured with UserDetailsService bean with name userDetailsServiceImpl
2025-04-27 16:54:49.381 [main] INFO  o.s.b.actuate.endpoint.web.EndpointLinksResolver - Exposing 14 endpoints beneath base path '/actuator'
2025-04-27 16:54:49.688 [main] INFO  com.fhs.common.spring.SpringContextUtil - ------SpringContextUtil setApplicationContext-------
2025-04-27 16:54:50.292 [main] INFO  org.apache.coyote.http11.Http11NioProtocol - Starting ProtocolHandler ["http-nio-7000"]
2025-04-27 16:54:50.304 [main] INFO  o.s.boot.web.embedded.tomcat.TomcatWebServer - Tomcat started on port 7000 (http) with context path '/'
2025-04-27 16:54:50.323 [main] INFO  com.dlshouwen.swda.Application - Started Application in 9.596 seconds (process running for 10.304)
2025-04-27 16:54:52.303 [http-nio-7000-exec-1] INFO  o.a.c.core.ContainerBase.[Tomcat].[localhost].[/] - Initializing Spring DispatcherServlet 'dispatcherServlet'
2025-04-27 16:54:52.304 [http-nio-7000-exec-1] INFO  org.springframework.web.servlet.DispatcherServlet - Initializing Servlet 'dispatcherServlet'
2025-04-27 16:54:52.308 [http-nio-7000-exec-1] INFO  org.springframework.web.servlet.DispatcherServlet - Completed initialization in 4 ms
