2025-04-21 12:42:27.961 [background-preinit] INFO  org.hibernate.validator.internal.util.Version - HV000001: Hibernate Validator 8.0.1.Final
2025-04-21 12:42:28.006 [main] INFO  com.dlshouwen.swda.Application - Starting Application using Java 17.0.10 with PID 125964 (D:\Workspace\eclipse\dlshouwen\swda-server\swda-app\target\classes started by liuji in D:\Workspace\eclipse\dlshouwen\swda-server\swda-app)
2025-04-21 12:42:28.007 [main] INFO  com.dlshouwen.swda.Application - The following 1 profile is active: "dev"
2025-04-21 12:42:29.641 [main] INFO  o.s.d.r.config.RepositoryConfigurationDelegate - Multiple Spring Data modules found, entering strict repository configuration mode
2025-04-21 12:42:29.642 [main] INFO  o.s.d.r.config.RepositoryConfigurationDelegate - Bootstrapping Spring Data JDBC repositories in DEFAULT mode.
2025-04-21 12:42:29.698 [main] INFO  o.s.d.r.config.RepositoryConfigurationDelegate - Finished Spring Data repository scanning in 51 ms. Found 0 JDBC repository interfaces.
2025-04-21 12:42:29.711 [main] INFO  o.s.d.r.config.RepositoryConfigurationDelegate - Multiple Spring Data modules found, entering strict repository configuration mode
2025-04-21 12:42:29.712 [main] INFO  o.s.d.r.config.RepositoryConfigurationDelegate - Bootstrapping Spring Data Redis repositories in DEFAULT mode.
2025-04-21 12:42:29.733 [main] INFO  o.s.d.r.config.RepositoryConfigurationDelegate - Finished Spring Data repository scanning in 13 ms. Found 0 Redis repository interfaces.
2025-04-21 12:42:30.741 [main] INFO  o.s.boot.web.embedded.tomcat.TomcatWebServer - Tomcat initialized with port 7000 (http)
2025-04-21 12:42:30.752 [main] INFO  org.apache.coyote.http11.Http11NioProtocol - Initializing ProtocolHandler ["http-nio-7000"]
2025-04-21 12:42:30.753 [main] INFO  org.apache.catalina.core.StandardService - Starting service [Tomcat]
2025-04-21 12:42:30.753 [main] INFO  org.apache.catalina.core.StandardEngine - Starting Servlet engine: [Apache Tomcat/10.1.25]
2025-04-21 12:42:30.842 [main] INFO  o.a.c.core.ContainerBase.[Tomcat].[localhost].[/] - Initializing Spring embedded WebApplicationContext
2025-04-21 12:42:30.843 [main] INFO  o.s.b.w.s.c.ServletWebServerApplicationContext - Root WebApplicationContext: initialization completed in 2791 ms
2025-04-21 12:42:31.455 [main] INFO  com.zaxxer.hikari.HikariDataSource - master - Starting...
2025-04-21 12:42:31.661 [main] INFO  com.zaxxer.hikari.pool.HikariPool - master - Added connection com.mysql.cj.jdbc.ConnectionImpl@123e9094
2025-04-21 12:42:31.663 [main] INFO  com.zaxxer.hikari.HikariDataSource - master - Start completed.
2025-04-21 12:42:31.664 [main] INFO  c.b.dynamic.datasource.DynamicRoutingDataSource - dynamic-datasource - add a datasource named [master] success
2025-04-21 12:42:31.665 [main] INFO  c.b.dynamic.datasource.DynamicRoutingDataSource - dynamic-datasource initial loaded [1] datasource,primary datasource named [master]
2025-04-21 12:42:34.929 [main] INFO  o.s.s.c.a.a.c.InitializeAuthenticationProviderBeanManagerConfigurer$InitializeAuthenticationProviderManagerConfigurer - Found 3 AuthenticationProvider beans, with names [daoAuthenticationProvider, mobileAuthenticationProvider, thirdAuthenticationProvider]. Global Authentication Manager will not be configured with AuthenticationProviders. Consider publishing a single AuthenticationProvider bean, or wiring your Providers directly using the DSL.
2025-04-21 12:42:34.931 [main] INFO  o.s.s.c.a.a.c.InitializeUserDetailsBeanManagerConfigurer$InitializeUserDetailsManagerConfigurer - Global AuthenticationManager configured with UserDetailsService bean with name userDetailsServiceImpl
2025-04-21 12:42:35.344 [main] INFO  o.s.b.actuate.endpoint.web.EndpointLinksResolver - Exposing 14 endpoints beneath base path '/actuator'
2025-04-21 12:42:35.570 [main] INFO  com.fhs.common.spring.SpringContextUtil - ------SpringContextUtil setApplicationContext-------
2025-04-21 12:42:35.999 [main] INFO  org.apache.coyote.http11.Http11NioProtocol - Starting ProtocolHandler ["http-nio-7000"]
2025-04-21 12:42:36.010 [main] INFO  o.s.boot.web.embedded.tomcat.TomcatWebServer - Tomcat started on port 7000 (http) with context path '/'
2025-04-21 12:42:36.029 [main] INFO  com.dlshouwen.swda.Application - Started Application in 8.555 seconds (process running for 9.063)
2025-04-21 12:42:39.501 [http-nio-7000-exec-2] INFO  o.a.c.core.ContainerBase.[Tomcat].[localhost].[/] - Initializing Spring DispatcherServlet 'dispatcherServlet'
2025-04-21 12:42:39.501 [http-nio-7000-exec-2] INFO  org.springframework.web.servlet.DispatcherServlet - Initializing Servlet 'dispatcherServlet'
2025-04-21 12:42:39.503 [http-nio-7000-exec-2] INFO  org.springframework.web.servlet.DispatcherServlet - Completed initialization in 1 ms
2025-04-21 12:45:48.468 [background-preinit] INFO  org.hibernate.validator.internal.util.Version - HV000001: Hibernate Validator 8.0.1.Final
2025-04-21 12:45:48.513 [main] INFO  com.dlshouwen.swda.Application - Starting Application using Java 17.0.10 with PID 268492 (D:\Workspace\eclipse\dlshouwen\swda-server\swda-app\target\classes started by liuji in D:\Workspace\eclipse\dlshouwen\swda-server\swda-app)
2025-04-21 12:45:48.514 [main] INFO  com.dlshouwen.swda.Application - The following 1 profile is active: "dev"
2025-04-21 12:45:50.084 [main] INFO  o.s.d.r.config.RepositoryConfigurationDelegate - Multiple Spring Data modules found, entering strict repository configuration mode
2025-04-21 12:45:50.086 [main] INFO  o.s.d.r.config.RepositoryConfigurationDelegate - Bootstrapping Spring Data JDBC repositories in DEFAULT mode.
2025-04-21 12:45:50.161 [main] INFO  o.s.d.r.config.RepositoryConfigurationDelegate - Finished Spring Data repository scanning in 69 ms. Found 0 JDBC repository interfaces.
2025-04-21 12:45:50.175 [main] INFO  o.s.d.r.config.RepositoryConfigurationDelegate - Multiple Spring Data modules found, entering strict repository configuration mode
2025-04-21 12:45:50.176 [main] INFO  o.s.d.r.config.RepositoryConfigurationDelegate - Bootstrapping Spring Data Redis repositories in DEFAULT mode.
2025-04-21 12:45:50.206 [main] INFO  o.s.d.r.config.RepositoryConfigurationDelegate - Finished Spring Data repository scanning in 20 ms. Found 0 Redis repository interfaces.
2025-04-21 12:45:51.232 [main] INFO  o.s.boot.web.embedded.tomcat.TomcatWebServer - Tomcat initialized with port 7000 (http)
2025-04-21 12:45:51.244 [main] INFO  org.apache.coyote.http11.Http11NioProtocol - Initializing ProtocolHandler ["http-nio-7000"]
2025-04-21 12:45:51.246 [main] INFO  org.apache.catalina.core.StandardService - Starting service [Tomcat]
2025-04-21 12:45:51.246 [main] INFO  org.apache.catalina.core.StandardEngine - Starting Servlet engine: [Apache Tomcat/10.1.25]
2025-04-21 12:45:51.334 [main] INFO  o.a.c.core.ContainerBase.[Tomcat].[localhost].[/] - Initializing Spring embedded WebApplicationContext
2025-04-21 12:45:51.335 [main] INFO  o.s.b.w.s.c.ServletWebServerApplicationContext - Root WebApplicationContext: initialization completed in 2779 ms
2025-04-21 12:45:51.992 [main] INFO  com.zaxxer.hikari.HikariDataSource - master - Starting...
2025-04-21 12:45:52.173 [main] INFO  com.zaxxer.hikari.pool.HikariPool - master - Added connection com.mysql.cj.jdbc.ConnectionImpl@32050628
2025-04-21 12:45:52.175 [main] INFO  com.zaxxer.hikari.HikariDataSource - master - Start completed.
2025-04-21 12:45:52.176 [main] INFO  c.b.dynamic.datasource.DynamicRoutingDataSource - dynamic-datasource - add a datasource named [master] success
2025-04-21 12:45:52.176 [main] INFO  c.b.dynamic.datasource.DynamicRoutingDataSource - dynamic-datasource initial loaded [1] datasource,primary datasource named [master]
2025-04-21 12:45:55.059 [main] INFO  o.s.s.c.a.a.c.InitializeAuthenticationProviderBeanManagerConfigurer$InitializeAuthenticationProviderManagerConfigurer - Found 3 AuthenticationProvider beans, with names [daoAuthenticationProvider, mobileAuthenticationProvider, thirdAuthenticationProvider]. Global Authentication Manager will not be configured with AuthenticationProviders. Consider publishing a single AuthenticationProvider bean, or wiring your Providers directly using the DSL.
2025-04-21 12:45:55.061 [main] INFO  o.s.s.c.a.a.c.InitializeUserDetailsBeanManagerConfigurer$InitializeUserDetailsManagerConfigurer - Global AuthenticationManager configured with UserDetailsService bean with name userDetailsServiceImpl
2025-04-21 12:45:55.501 [main] INFO  o.s.b.actuate.endpoint.web.EndpointLinksResolver - Exposing 14 endpoints beneath base path '/actuator'
2025-04-21 12:45:55.779 [main] INFO  com.fhs.common.spring.SpringContextUtil - ------SpringContextUtil setApplicationContext-------
2025-04-21 12:45:56.273 [main] INFO  org.apache.coyote.http11.Http11NioProtocol - Starting ProtocolHandler ["http-nio-7000"]
2025-04-21 12:45:56.284 [main] INFO  o.s.boot.web.embedded.tomcat.TomcatWebServer - Tomcat started on port 7000 (http) with context path '/'
2025-04-21 12:45:56.298 [main] INFO  com.dlshouwen.swda.Application - Started Application in 8.331 seconds (process running for 9.01)
2025-04-21 12:45:59.612 [http-nio-7000-exec-1] INFO  o.a.c.core.ContainerBase.[Tomcat].[localhost].[/] - Initializing Spring DispatcherServlet 'dispatcherServlet'
2025-04-21 12:45:59.613 [http-nio-7000-exec-1] INFO  org.springframework.web.servlet.DispatcherServlet - Initializing Servlet 'dispatcherServlet'
2025-04-21 12:45:59.616 [http-nio-7000-exec-1] INFO  org.springframework.web.servlet.DispatcherServlet - Completed initialization in 3 ms
2025-04-21 12:49:29.283 [background-preinit] INFO  org.hibernate.validator.internal.util.Version - HV000001: Hibernate Validator 8.0.1.Final
2025-04-21 12:49:29.330 [main] INFO  com.dlshouwen.swda.Application - Starting Application using Java 17.0.10 with PID 283440 (D:\Workspace\eclipse\dlshouwen\swda-server\swda-app\target\classes started by liuji in D:\Workspace\eclipse\dlshouwen\swda-server\swda-app)
2025-04-21 12:49:29.331 [main] INFO  com.dlshouwen.swda.Application - The following 1 profile is active: "dev"
2025-04-21 12:49:30.971 [main] INFO  o.s.d.r.config.RepositoryConfigurationDelegate - Multiple Spring Data modules found, entering strict repository configuration mode
2025-04-21 12:49:30.972 [main] INFO  o.s.d.r.config.RepositoryConfigurationDelegate - Bootstrapping Spring Data JDBC repositories in DEFAULT mode.
2025-04-21 12:49:31.028 [main] INFO  o.s.d.r.config.RepositoryConfigurationDelegate - Finished Spring Data repository scanning in 52 ms. Found 0 JDBC repository interfaces.
2025-04-21 12:49:31.038 [main] INFO  o.s.d.r.config.RepositoryConfigurationDelegate - Multiple Spring Data modules found, entering strict repository configuration mode
2025-04-21 12:49:31.040 [main] INFO  o.s.d.r.config.RepositoryConfigurationDelegate - Bootstrapping Spring Data Redis repositories in DEFAULT mode.
2025-04-21 12:49:31.064 [main] INFO  o.s.d.r.config.RepositoryConfigurationDelegate - Finished Spring Data repository scanning in 17 ms. Found 0 Redis repository interfaces.
2025-04-21 12:49:32.209 [main] INFO  o.s.boot.web.embedded.tomcat.TomcatWebServer - Tomcat initialized with port 7000 (http)
2025-04-21 12:49:32.220 [main] INFO  org.apache.coyote.http11.Http11NioProtocol - Initializing ProtocolHandler ["http-nio-7000"]
2025-04-21 12:49:32.222 [main] INFO  org.apache.catalina.core.StandardService - Starting service [Tomcat]
2025-04-21 12:49:32.222 [main] INFO  org.apache.catalina.core.StandardEngine - Starting Servlet engine: [Apache Tomcat/10.1.25]
2025-04-21 12:49:32.311 [main] INFO  o.a.c.core.ContainerBase.[Tomcat].[localhost].[/] - Initializing Spring embedded WebApplicationContext
2025-04-21 12:49:32.312 [main] INFO  o.s.b.w.s.c.ServletWebServerApplicationContext - Root WebApplicationContext: initialization completed in 2936 ms
2025-04-21 12:49:33.118 [main] INFO  com.zaxxer.hikari.HikariDataSource - master - Starting...
2025-04-21 12:49:33.335 [main] INFO  com.zaxxer.hikari.pool.HikariPool - master - Added connection com.mysql.cj.jdbc.ConnectionImpl@c247b02
2025-04-21 12:49:33.337 [main] INFO  com.zaxxer.hikari.HikariDataSource - master - Start completed.
2025-04-21 12:49:33.337 [main] INFO  c.b.dynamic.datasource.DynamicRoutingDataSource - dynamic-datasource - add a datasource named [master] success
2025-04-21 12:49:33.338 [main] INFO  c.b.dynamic.datasource.DynamicRoutingDataSource - dynamic-datasource initial loaded [1] datasource,primary datasource named [master]
2025-04-21 12:49:36.256 [main] INFO  o.s.s.c.a.a.c.InitializeAuthenticationProviderBeanManagerConfigurer$InitializeAuthenticationProviderManagerConfigurer - Found 3 AuthenticationProvider beans, with names [daoAuthenticationProvider, mobileAuthenticationProvider, thirdAuthenticationProvider]. Global Authentication Manager will not be configured with AuthenticationProviders. Consider publishing a single AuthenticationProvider bean, or wiring your Providers directly using the DSL.
2025-04-21 12:49:36.258 [main] INFO  o.s.s.c.a.a.c.InitializeUserDetailsBeanManagerConfigurer$InitializeUserDetailsManagerConfigurer - Global AuthenticationManager configured with UserDetailsService bean with name userDetailsServiceImpl
2025-04-21 12:49:36.686 [main] INFO  o.s.b.actuate.endpoint.web.EndpointLinksResolver - Exposing 14 endpoints beneath base path '/actuator'
2025-04-21 12:49:36.960 [main] INFO  com.fhs.common.spring.SpringContextUtil - ------SpringContextUtil setApplicationContext-------
2025-04-21 12:49:37.531 [main] INFO  org.apache.coyote.http11.Http11NioProtocol - Starting ProtocolHandler ["http-nio-7000"]
2025-04-21 12:49:37.544 [main] INFO  o.s.boot.web.embedded.tomcat.TomcatWebServer - Tomcat started on port 7000 (http) with context path '/'
2025-04-21 12:49:37.559 [main] INFO  com.dlshouwen.swda.Application - Started Application in 8.853 seconds (process running for 9.69)
2025-04-21 12:50:21.814 [background-preinit] INFO  org.hibernate.validator.internal.util.Version - HV000001: Hibernate Validator 8.0.1.Final
2025-04-21 12:50:21.859 [main] INFO  com.dlshouwen.swda.Application - Starting Application using Java 17.0.10 with PID 291256 (D:\Workspace\eclipse\dlshouwen\swda-server\swda-app\target\classes started by liuji in D:\Workspace\eclipse\dlshouwen\swda-server\swda-app)
2025-04-21 12:50:21.860 [main] INFO  com.dlshouwen.swda.Application - The following 1 profile is active: "dev"
2025-04-21 12:50:23.436 [main] INFO  o.s.d.r.config.RepositoryConfigurationDelegate - Multiple Spring Data modules found, entering strict repository configuration mode
2025-04-21 12:50:23.438 [main] INFO  o.s.d.r.config.RepositoryConfigurationDelegate - Bootstrapping Spring Data JDBC repositories in DEFAULT mode.
2025-04-21 12:50:23.498 [main] INFO  o.s.d.r.config.RepositoryConfigurationDelegate - Finished Spring Data repository scanning in 56 ms. Found 0 JDBC repository interfaces.
2025-04-21 12:50:23.511 [main] INFO  o.s.d.r.config.RepositoryConfigurationDelegate - Multiple Spring Data modules found, entering strict repository configuration mode
2025-04-21 12:50:23.512 [main] INFO  o.s.d.r.config.RepositoryConfigurationDelegate - Bootstrapping Spring Data Redis repositories in DEFAULT mode.
2025-04-21 12:50:23.540 [main] INFO  o.s.d.r.config.RepositoryConfigurationDelegate - Finished Spring Data repository scanning in 18 ms. Found 0 Redis repository interfaces.
2025-04-21 12:50:24.644 [main] INFO  o.s.boot.web.embedded.tomcat.TomcatWebServer - Tomcat initialized with port 7000 (http)
2025-04-21 12:50:24.655 [main] INFO  org.apache.coyote.http11.Http11NioProtocol - Initializing ProtocolHandler ["http-nio-7000"]
2025-04-21 12:50:24.657 [main] INFO  org.apache.catalina.core.StandardService - Starting service [Tomcat]
2025-04-21 12:50:24.657 [main] INFO  org.apache.catalina.core.StandardEngine - Starting Servlet engine: [Apache Tomcat/10.1.25]
2025-04-21 12:50:24.737 [main] INFO  o.a.c.core.ContainerBase.[Tomcat].[localhost].[/] - Initializing Spring embedded WebApplicationContext
2025-04-21 12:50:24.737 [main] INFO  o.s.b.w.s.c.ServletWebServerApplicationContext - Root WebApplicationContext: initialization completed in 2835 ms
2025-04-21 12:50:25.391 [main] INFO  com.zaxxer.hikari.HikariDataSource - master - Starting...
2025-04-21 12:50:25.560 [main] INFO  com.zaxxer.hikari.pool.HikariPool - master - Added connection com.mysql.cj.jdbc.ConnectionImpl@109188b4
2025-04-21 12:50:25.562 [main] INFO  com.zaxxer.hikari.HikariDataSource - master - Start completed.
2025-04-21 12:50:25.563 [main] INFO  c.b.dynamic.datasource.DynamicRoutingDataSource - dynamic-datasource - add a datasource named [master] success
2025-04-21 12:50:25.563 [main] INFO  c.b.dynamic.datasource.DynamicRoutingDataSource - dynamic-datasource initial loaded [1] datasource,primary datasource named [master]
2025-04-21 12:50:28.591 [main] INFO  o.s.s.c.a.a.c.InitializeAuthenticationProviderBeanManagerConfigurer$InitializeAuthenticationProviderManagerConfigurer - Found 3 AuthenticationProvider beans, with names [daoAuthenticationProvider, mobileAuthenticationProvider, thirdAuthenticationProvider]. Global Authentication Manager will not be configured with AuthenticationProviders. Consider publishing a single AuthenticationProvider bean, or wiring your Providers directly using the DSL.
2025-04-21 12:50:28.593 [main] INFO  o.s.s.c.a.a.c.InitializeUserDetailsBeanManagerConfigurer$InitializeUserDetailsManagerConfigurer - Global AuthenticationManager configured with UserDetailsService bean with name userDetailsServiceImpl
2025-04-21 12:50:29.038 [main] INFO  o.s.b.actuate.endpoint.web.EndpointLinksResolver - Exposing 14 endpoints beneath base path '/actuator'
2025-04-21 12:50:29.334 [main] INFO  com.fhs.common.spring.SpringContextUtil - ------SpringContextUtil setApplicationContext-------
2025-04-21 12:50:29.910 [main] INFO  org.apache.coyote.http11.Http11NioProtocol - Starting ProtocolHandler ["http-nio-7000"]
2025-04-21 12:50:29.920 [main] INFO  o.s.boot.web.embedded.tomcat.TomcatWebServer - Tomcat started on port 7000 (http) with context path '/'
2025-04-21 12:50:29.935 [main] INFO  com.dlshouwen.swda.Application - Started Application in 8.633 seconds (process running for 9.344)
2025-04-21 12:50:32.017 [http-nio-7000-exec-1] INFO  o.a.c.core.ContainerBase.[Tomcat].[localhost].[/] - Initializing Spring DispatcherServlet 'dispatcherServlet'
2025-04-21 12:50:32.018 [http-nio-7000-exec-1] INFO  org.springframework.web.servlet.DispatcherServlet - Initializing Servlet 'dispatcherServlet'
2025-04-21 12:50:32.020 [http-nio-7000-exec-1] INFO  org.springframework.web.servlet.DispatcherServlet - Completed initialization in 2 ms
2025-04-21 13:51:51.514 [background-preinit] INFO  org.hibernate.validator.internal.util.Version - HV000001: Hibernate Validator 8.0.1.Final
2025-04-21 13:51:51.568 [main] INFO  com.dlshouwen.swda.Application - Starting Application using Java 17.0.10 with PID 266716 (D:\Workspace\eclipse\dlshouwen\swda-server\swda-app\target\classes started by liuji in D:\Workspace\eclipse\dlshouwen\swda-server\swda-app)
2025-04-21 13:51:51.569 [main] INFO  com.dlshouwen.swda.Application - The following 1 profile is active: "dev"
2025-04-21 13:51:53.285 [main] INFO  o.s.d.r.config.RepositoryConfigurationDelegate - Multiple Spring Data modules found, entering strict repository configuration mode
2025-04-21 13:51:53.287 [main] INFO  o.s.d.r.config.RepositoryConfigurationDelegate - Bootstrapping Spring Data JDBC repositories in DEFAULT mode.
2025-04-21 13:51:53.373 [main] INFO  o.s.d.r.config.RepositoryConfigurationDelegate - Finished Spring Data repository scanning in 76 ms. Found 0 JDBC repository interfaces.
2025-04-21 13:51:53.387 [main] INFO  o.s.d.r.config.RepositoryConfigurationDelegate - Multiple Spring Data modules found, entering strict repository configuration mode
2025-04-21 13:51:53.388 [main] INFO  o.s.d.r.config.RepositoryConfigurationDelegate - Bootstrapping Spring Data Redis repositories in DEFAULT mode.
2025-04-21 13:51:53.420 [main] INFO  o.s.d.r.config.RepositoryConfigurationDelegate - Finished Spring Data repository scanning in 23 ms. Found 0 Redis repository interfaces.
2025-04-21 13:51:54.586 [main] INFO  o.s.boot.web.embedded.tomcat.TomcatWebServer - Tomcat initialized with port 7000 (http)
2025-04-21 13:51:54.598 [main] INFO  org.apache.coyote.http11.Http11NioProtocol - Initializing ProtocolHandler ["http-nio-7000"]
2025-04-21 13:51:54.599 [main] INFO  org.apache.catalina.core.StandardService - Starting service [Tomcat]
2025-04-21 13:51:54.600 [main] INFO  org.apache.catalina.core.StandardEngine - Starting Servlet engine: [Apache Tomcat/10.1.25]
2025-04-21 13:51:54.696 [main] INFO  o.a.c.core.ContainerBase.[Tomcat].[localhost].[/] - Initializing Spring embedded WebApplicationContext
2025-04-21 13:51:54.697 [main] INFO  o.s.b.w.s.c.ServletWebServerApplicationContext - Root WebApplicationContext: initialization completed in 3081 ms
2025-04-21 13:51:55.360 [main] INFO  com.zaxxer.hikari.HikariDataSource - master - Starting...
2025-04-21 13:51:55.546 [main] INFO  com.zaxxer.hikari.pool.HikariPool - master - Added connection com.mysql.cj.jdbc.ConnectionImpl@66576bd2
2025-04-21 13:51:55.548 [main] INFO  com.zaxxer.hikari.HikariDataSource - master - Start completed.
2025-04-21 13:51:55.549 [main] INFO  c.b.dynamic.datasource.DynamicRoutingDataSource - dynamic-datasource - add a datasource named [master] success
2025-04-21 13:51:55.549 [main] INFO  c.b.dynamic.datasource.DynamicRoutingDataSource - dynamic-datasource initial loaded [1] datasource,primary datasource named [master]
2025-04-21 13:51:58.669 [main] INFO  o.s.s.c.a.a.c.InitializeAuthenticationProviderBeanManagerConfigurer$InitializeAuthenticationProviderManagerConfigurer - Found 3 AuthenticationProvider beans, with names [daoAuthenticationProvider, mobileAuthenticationProvider, thirdAuthenticationProvider]. Global Authentication Manager will not be configured with AuthenticationProviders. Consider publishing a single AuthenticationProvider bean, or wiring your Providers directly using the DSL.
2025-04-21 13:51:58.670 [main] INFO  o.s.s.c.a.a.c.InitializeUserDetailsBeanManagerConfigurer$InitializeUserDetailsManagerConfigurer - Global AuthenticationManager configured with UserDetailsService bean with name userDetailsServiceImpl
2025-04-21 13:51:59.119 [main] INFO  o.s.b.actuate.endpoint.web.EndpointLinksResolver - Exposing 14 endpoints beneath base path '/actuator'
2025-04-21 13:51:59.404 [main] INFO  com.fhs.common.spring.SpringContextUtil - ------SpringContextUtil setApplicationContext-------
2025-04-21 13:51:59.972 [main] INFO  org.apache.coyote.http11.Http11NioProtocol - Starting ProtocolHandler ["http-nio-7000"]
2025-04-21 13:51:59.985 [main] INFO  o.s.boot.web.embedded.tomcat.TomcatWebServer - Tomcat started on port 7000 (http) with context path '/'
2025-04-21 13:52:00.003 [main] INFO  com.dlshouwen.swda.Application - Started Application in 9.032 seconds (process running for 9.701)
2025-04-21 13:52:14.129 [http-nio-7000-exec-1] INFO  o.a.c.core.ContainerBase.[Tomcat].[localhost].[/] - Initializing Spring DispatcherServlet 'dispatcherServlet'
2025-04-21 13:52:14.130 [http-nio-7000-exec-1] INFO  org.springframework.web.servlet.DispatcherServlet - Initializing Servlet 'dispatcherServlet'
2025-04-21 13:52:14.132 [http-nio-7000-exec-1] INFO  org.springframework.web.servlet.DispatcherServlet - Completed initialization in 2 ms
2025-04-21 14:14:34.806 [background-preinit] INFO  org.hibernate.validator.internal.util.Version - HV000001: Hibernate Validator 8.0.1.Final
2025-04-21 14:14:34.847 [main] INFO  com.dlshouwen.swda.Application - Starting Application using Java 17.0.10 with PID 278928 (D:\Workspace\eclipse\dlshouwen\swda-server\swda-app\target\classes started by liuji in D:\Workspace\eclipse\dlshouwen\swda-server\swda-app)
2025-04-21 14:14:34.848 [main] INFO  com.dlshouwen.swda.Application - The following 1 profile is active: "dev"
2025-04-21 14:14:38.755 [background-preinit] INFO  org.hibernate.validator.internal.util.Version - HV000001: Hibernate Validator 8.0.1.Final
2025-04-21 14:14:38.798 [main] INFO  com.dlshouwen.swda.Application - Starting Application using Java 17.0.10 with PID 267296 (D:\Workspace\eclipse\dlshouwen\swda-server\swda-app\target\classes started by liuji in D:\Workspace\eclipse\dlshouwen\swda-server\swda-app)
2025-04-21 14:14:38.799 [main] INFO  com.dlshouwen.swda.Application - The following 1 profile is active: "dev"
2025-04-21 14:14:40.259 [main] INFO  o.s.d.r.config.RepositoryConfigurationDelegate - Multiple Spring Data modules found, entering strict repository configuration mode
2025-04-21 14:14:40.260 [main] INFO  o.s.d.r.config.RepositoryConfigurationDelegate - Bootstrapping Spring Data JDBC repositories in DEFAULT mode.
2025-04-21 14:14:40.324 [main] INFO  o.s.d.r.config.RepositoryConfigurationDelegate - Finished Spring Data repository scanning in 58 ms. Found 0 JDBC repository interfaces.
2025-04-21 14:14:40.335 [main] INFO  o.s.d.r.config.RepositoryConfigurationDelegate - Multiple Spring Data modules found, entering strict repository configuration mode
2025-04-21 14:14:40.336 [main] INFO  o.s.d.r.config.RepositoryConfigurationDelegate - Bootstrapping Spring Data Redis repositories in DEFAULT mode.
2025-04-21 14:14:40.367 [main] INFO  o.s.d.r.config.RepositoryConfigurationDelegate - Finished Spring Data repository scanning in 21 ms. Found 0 Redis repository interfaces.
2025-04-21 14:14:41.377 [main] INFO  o.s.boot.web.embedded.tomcat.TomcatWebServer - Tomcat initialized with port 7000 (http)
2025-04-21 14:14:41.387 [main] INFO  org.apache.coyote.http11.Http11NioProtocol - Initializing ProtocolHandler ["http-nio-7000"]
2025-04-21 14:14:41.388 [main] INFO  org.apache.catalina.core.StandardService - Starting service [Tomcat]
2025-04-21 14:14:41.389 [main] INFO  org.apache.catalina.core.StandardEngine - Starting Servlet engine: [Apache Tomcat/10.1.25]
2025-04-21 14:14:41.468 [main] INFO  o.a.c.core.ContainerBase.[Tomcat].[localhost].[/] - Initializing Spring embedded WebApplicationContext
2025-04-21 14:14:41.468 [main] INFO  o.s.b.w.s.c.ServletWebServerApplicationContext - Root WebApplicationContext: initialization completed in 2626 ms
2025-04-21 14:14:42.081 [main] INFO  com.zaxxer.hikari.HikariDataSource - master - Starting...
2025-04-21 14:14:42.249 [main] INFO  com.zaxxer.hikari.pool.HikariPool - master - Added connection com.mysql.cj.jdbc.ConnectionImpl@1dc2c13c
2025-04-21 14:14:42.251 [main] INFO  com.zaxxer.hikari.HikariDataSource - master - Start completed.
2025-04-21 14:14:42.252 [main] INFO  c.b.dynamic.datasource.DynamicRoutingDataSource - dynamic-datasource - add a datasource named [master] success
2025-04-21 14:14:42.252 [main] INFO  c.b.dynamic.datasource.DynamicRoutingDataSource - dynamic-datasource initial loaded [1] datasource,primary datasource named [master]
2025-04-21 14:14:42.300 [main] INFO  c.b.dynamic.datasource.DynamicRoutingDataSource - dynamic-datasource start closing ....
2025-04-21 14:14:42.300 [main] INFO  com.zaxxer.hikari.HikariDataSource - master - Shutdown initiated...
2025-04-21 14:14:42.306 [main] INFO  com.zaxxer.hikari.HikariDataSource - master - Shutdown completed.
2025-04-21 14:14:42.307 [main] INFO  c.b.dynamic.datasource.DynamicRoutingDataSource - dynamic-datasource all closed success,bye
2025-04-21 14:14:42.322 [main] INFO  org.apache.catalina.core.StandardService - Stopping service [Tomcat]
2025-04-21 14:14:42.340 [main] INFO  o.s.b.a.logging.ConditionEvaluationReportLogger - 

Error starting ApplicationContext. To display the condition evaluation report re-run your application with 'debug' enabled.
2025-04-21 14:20:32.518 [background-preinit] INFO  org.hibernate.validator.internal.util.Version - HV000001: Hibernate Validator 8.0.1.Final
2025-04-21 14:20:32.567 [main] INFO  com.dlshouwen.swda.Application - Starting Application using Java 17.0.10 with PID 292264 (D:\Workspace\eclipse\dlshouwen\swda-server\swda-app\target\classes started by liuji in D:\Workspace\eclipse\dlshouwen\swda-server\swda-app)
2025-04-21 14:20:32.569 [main] INFO  com.dlshouwen.swda.Application - The following 1 profile is active: "dev"
2025-04-21 14:20:34.218 [main] INFO  o.s.d.r.config.RepositoryConfigurationDelegate - Multiple Spring Data modules found, entering strict repository configuration mode
2025-04-21 14:20:34.220 [main] INFO  o.s.d.r.config.RepositoryConfigurationDelegate - Bootstrapping Spring Data JDBC repositories in DEFAULT mode.
2025-04-21 14:20:34.284 [main] INFO  o.s.d.r.config.RepositoryConfigurationDelegate - Finished Spring Data repository scanning in 58 ms. Found 0 JDBC repository interfaces.
2025-04-21 14:20:34.297 [main] INFO  o.s.d.r.config.RepositoryConfigurationDelegate - Multiple Spring Data modules found, entering strict repository configuration mode
2025-04-21 14:20:34.298 [main] INFO  o.s.d.r.config.RepositoryConfigurationDelegate - Bootstrapping Spring Data Redis repositories in DEFAULT mode.
2025-04-21 14:20:34.329 [main] INFO  o.s.d.r.config.RepositoryConfigurationDelegate - Finished Spring Data repository scanning in 21 ms. Found 0 Redis repository interfaces.
2025-04-21 14:20:35.441 [main] INFO  o.s.boot.web.embedded.tomcat.TomcatWebServer - Tomcat initialized with port 7000 (http)
2025-04-21 14:20:35.452 [main] INFO  org.apache.coyote.http11.Http11NioProtocol - Initializing ProtocolHandler ["http-nio-7000"]
2025-04-21 14:20:35.453 [main] INFO  org.apache.catalina.core.StandardService - Starting service [Tomcat]
2025-04-21 14:20:35.454 [main] INFO  org.apache.catalina.core.StandardEngine - Starting Servlet engine: [Apache Tomcat/10.1.25]
2025-04-21 14:20:35.540 [main] INFO  o.a.c.core.ContainerBase.[Tomcat].[localhost].[/] - Initializing Spring embedded WebApplicationContext
2025-04-21 14:20:35.540 [main] INFO  o.s.b.w.s.c.ServletWebServerApplicationContext - Root WebApplicationContext: initialization completed in 2925 ms
2025-04-21 14:20:36.299 [main] INFO  com.zaxxer.hikari.HikariDataSource - master - Starting...
2025-04-21 14:20:36.492 [main] INFO  com.zaxxer.hikari.pool.HikariPool - master - Added connection com.mysql.cj.jdbc.ConnectionImpl@51bc649e
2025-04-21 14:20:36.494 [main] INFO  com.zaxxer.hikari.HikariDataSource - master - Start completed.
2025-04-21 14:20:36.495 [main] INFO  c.b.dynamic.datasource.DynamicRoutingDataSource - dynamic-datasource - add a datasource named [master] success
2025-04-21 14:20:36.495 [main] INFO  c.b.dynamic.datasource.DynamicRoutingDataSource - dynamic-datasource initial loaded [1] datasource,primary datasource named [master]
2025-04-21 14:20:39.796 [main] INFO  o.s.s.c.a.a.c.InitializeAuthenticationProviderBeanManagerConfigurer$InitializeAuthenticationProviderManagerConfigurer - Found 3 AuthenticationProvider beans, with names [daoAuthenticationProvider, mobileAuthenticationProvider, thirdAuthenticationProvider]. Global Authentication Manager will not be configured with AuthenticationProviders. Consider publishing a single AuthenticationProvider bean, or wiring your Providers directly using the DSL.
2025-04-21 14:20:39.796 [main] INFO  o.s.s.c.a.a.c.InitializeUserDetailsBeanManagerConfigurer$InitializeUserDetailsManagerConfigurer - Global AuthenticationManager configured with UserDetailsService bean with name userDetailsServiceImpl
2025-04-21 14:20:40.269 [main] INFO  o.s.b.actuate.endpoint.web.EndpointLinksResolver - Exposing 14 endpoints beneath base path '/actuator'
2025-04-21 14:20:40.566 [main] INFO  com.fhs.common.spring.SpringContextUtil - ------SpringContextUtil setApplicationContext-------
2025-04-21 14:20:41.111 [main] INFO  org.apache.coyote.http11.Http11NioProtocol - Starting ProtocolHandler ["http-nio-7000"]
2025-04-21 14:20:41.122 [main] INFO  o.s.boot.web.embedded.tomcat.TomcatWebServer - Tomcat started on port 7000 (http) with context path '/'
2025-04-21 14:20:41.139 [main] INFO  com.dlshouwen.swda.Application - Started Application in 9.183 seconds (process running for 9.926)
2025-04-21 14:20:46.297 [http-nio-7000-exec-1] INFO  o.a.c.core.ContainerBase.[Tomcat].[localhost].[/] - Initializing Spring DispatcherServlet 'dispatcherServlet'
2025-04-21 14:20:46.298 [http-nio-7000-exec-1] INFO  org.springframework.web.servlet.DispatcherServlet - Initializing Servlet 'dispatcherServlet'
2025-04-21 14:20:46.300 [http-nio-7000-exec-1] INFO  org.springframework.web.servlet.DispatcherServlet - Completed initialization in 1 ms
2025-04-21 14:35:40.605 [background-preinit] INFO  org.hibernate.validator.internal.util.Version - HV000001: Hibernate Validator 8.0.1.Final
2025-04-21 14:35:40.653 [main] INFO  com.dlshouwen.swda.Application - Starting Application using Java 17.0.10 with PID 292288 (D:\Workspace\eclipse\dlshouwen\swda-server\swda-app\target\classes started by liuji in D:\Workspace\eclipse\dlshouwen\swda-server\swda-app)
2025-04-21 14:35:40.654 [main] INFO  com.dlshouwen.swda.Application - The following 1 profile is active: "dev"
2025-04-21 14:35:42.277 [main] INFO  o.s.d.r.config.RepositoryConfigurationDelegate - Multiple Spring Data modules found, entering strict repository configuration mode
2025-04-21 14:35:42.279 [main] INFO  o.s.d.r.config.RepositoryConfigurationDelegate - Bootstrapping Spring Data JDBC repositories in DEFAULT mode.
2025-04-21 14:35:42.342 [main] INFO  o.s.d.r.config.RepositoryConfigurationDelegate - Finished Spring Data repository scanning in 57 ms. Found 0 JDBC repository interfaces.
2025-04-21 14:35:42.352 [main] INFO  o.s.d.r.config.RepositoryConfigurationDelegate - Multiple Spring Data modules found, entering strict repository configuration mode
2025-04-21 14:35:42.353 [main] INFO  o.s.d.r.config.RepositoryConfigurationDelegate - Bootstrapping Spring Data Redis repositories in DEFAULT mode.
2025-04-21 14:35:42.381 [main] INFO  o.s.d.r.config.RepositoryConfigurationDelegate - Finished Spring Data repository scanning in 20 ms. Found 0 Redis repository interfaces.
2025-04-21 14:35:43.473 [main] INFO  o.s.boot.web.embedded.tomcat.TomcatWebServer - Tomcat initialized with port 7000 (http)
2025-04-21 14:35:43.487 [main] INFO  org.apache.coyote.http11.Http11NioProtocol - Initializing ProtocolHandler ["http-nio-7000"]
2025-04-21 14:35:43.489 [main] INFO  org.apache.catalina.core.StandardService - Starting service [Tomcat]
2025-04-21 14:35:43.490 [main] INFO  org.apache.catalina.core.StandardEngine - Starting Servlet engine: [Apache Tomcat/10.1.25]
2025-04-21 14:35:43.588 [main] INFO  o.a.c.core.ContainerBase.[Tomcat].[localhost].[/] - Initializing Spring embedded WebApplicationContext
2025-04-21 14:35:43.588 [main] INFO  o.s.b.w.s.c.ServletWebServerApplicationContext - Root WebApplicationContext: initialization completed in 2888 ms
2025-04-21 14:35:44.401 [main] INFO  com.zaxxer.hikari.HikariDataSource - master - Starting...
2025-04-21 14:35:44.614 [main] INFO  com.zaxxer.hikari.pool.HikariPool - master - Added connection com.mysql.cj.jdbc.ConnectionImpl@66576bd2
2025-04-21 14:35:44.616 [main] INFO  com.zaxxer.hikari.HikariDataSource - master - Start completed.
2025-04-21 14:35:44.617 [main] INFO  c.b.dynamic.datasource.DynamicRoutingDataSource - dynamic-datasource - add a datasource named [master] success
2025-04-21 14:35:44.618 [main] INFO  c.b.dynamic.datasource.DynamicRoutingDataSource - dynamic-datasource initial loaded [1] datasource,primary datasource named [master]
2025-04-21 14:35:47.830 [main] INFO  o.s.s.c.a.a.c.InitializeAuthenticationProviderBeanManagerConfigurer$InitializeAuthenticationProviderManagerConfigurer - Found 3 AuthenticationProvider beans, with names [daoAuthenticationProvider, mobileAuthenticationProvider, thirdAuthenticationProvider]. Global Authentication Manager will not be configured with AuthenticationProviders. Consider publishing a single AuthenticationProvider bean, or wiring your Providers directly using the DSL.
2025-04-21 14:35:47.832 [main] INFO  o.s.s.c.a.a.c.InitializeUserDetailsBeanManagerConfigurer$InitializeUserDetailsManagerConfigurer - Global AuthenticationManager configured with UserDetailsService bean with name userDetailsServiceImpl
2025-04-21 14:35:48.325 [main] INFO  o.s.b.actuate.endpoint.web.EndpointLinksResolver - Exposing 14 endpoints beneath base path '/actuator'
2025-04-21 14:35:48.612 [main] INFO  com.fhs.common.spring.SpringContextUtil - ------SpringContextUtil setApplicationContext-------
2025-04-21 14:35:49.178 [main] INFO  org.apache.coyote.http11.Http11NioProtocol - Starting ProtocolHandler ["http-nio-7000"]
2025-04-21 14:35:49.191 [main] INFO  o.s.boot.web.embedded.tomcat.TomcatWebServer - Tomcat started on port 7000 (http) with context path '/'
2025-04-21 14:35:49.206 [main] INFO  com.dlshouwen.swda.Application - Started Application in 9.166 seconds (process running for 9.873)
2025-04-21 14:35:58.485 [http-nio-7000-exec-2] INFO  o.a.c.core.ContainerBase.[Tomcat].[localhost].[/] - Initializing Spring DispatcherServlet 'dispatcherServlet'
2025-04-21 14:35:58.486 [http-nio-7000-exec-2] INFO  org.springframework.web.servlet.DispatcherServlet - Initializing Servlet 'dispatcherServlet'
2025-04-21 14:35:58.489 [http-nio-7000-exec-2] INFO  org.springframework.web.servlet.DispatcherServlet - Completed initialization in 3 ms
2025-04-21 14:38:19.893 [background-preinit] INFO  org.hibernate.validator.internal.util.Version - HV000001: Hibernate Validator 8.0.1.Final
2025-04-21 14:38:19.949 [main] INFO  com.dlshouwen.swda.Application - Starting Application using Java 17.0.10 with PID 290088 (D:\Workspace\eclipse\dlshouwen\swda-server\swda-app\target\classes started by liuji in D:\Workspace\eclipse\dlshouwen\swda-server\swda-app)
2025-04-21 14:38:19.950 [main] INFO  com.dlshouwen.swda.Application - The following 1 profile is active: "dev"
2025-04-21 14:38:21.537 [main] INFO  o.s.d.r.config.RepositoryConfigurationDelegate - Multiple Spring Data modules found, entering strict repository configuration mode
2025-04-21 14:38:21.539 [main] INFO  o.s.d.r.config.RepositoryConfigurationDelegate - Bootstrapping Spring Data JDBC repositories in DEFAULT mode.
2025-04-21 14:38:21.611 [main] INFO  o.s.d.r.config.RepositoryConfigurationDelegate - Finished Spring Data repository scanning in 66 ms. Found 0 JDBC repository interfaces.
2025-04-21 14:38:21.622 [main] INFO  o.s.d.r.config.RepositoryConfigurationDelegate - Multiple Spring Data modules found, entering strict repository configuration mode
2025-04-21 14:38:21.623 [main] INFO  o.s.d.r.config.RepositoryConfigurationDelegate - Bootstrapping Spring Data Redis repositories in DEFAULT mode.
2025-04-21 14:38:21.652 [main] INFO  o.s.d.r.config.RepositoryConfigurationDelegate - Finished Spring Data repository scanning in 20 ms. Found 0 Redis repository interfaces.
2025-04-21 14:38:22.781 [main] INFO  o.s.boot.web.embedded.tomcat.TomcatWebServer - Tomcat initialized with port 7000 (http)
2025-04-21 14:38:22.793 [main] INFO  org.apache.coyote.http11.Http11NioProtocol - Initializing ProtocolHandler ["http-nio-7000"]
2025-04-21 14:38:22.795 [main] INFO  org.apache.catalina.core.StandardService - Starting service [Tomcat]
2025-04-21 14:38:22.795 [main] INFO  org.apache.catalina.core.StandardEngine - Starting Servlet engine: [Apache Tomcat/10.1.25]
2025-04-21 14:38:22.898 [main] INFO  o.a.c.core.ContainerBase.[Tomcat].[localhost].[/] - Initializing Spring embedded WebApplicationContext
2025-04-21 14:38:22.898 [main] INFO  o.s.b.w.s.c.ServletWebServerApplicationContext - Root WebApplicationContext: initialization completed in 2900 ms
2025-04-21 14:38:23.597 [main] INFO  com.zaxxer.hikari.HikariDataSource - master - Starting...
2025-04-21 14:38:23.774 [main] INFO  com.zaxxer.hikari.pool.HikariPool - master - Added connection com.mysql.cj.jdbc.ConnectionImpl@66576bd2
2025-04-21 14:38:23.775 [main] INFO  com.zaxxer.hikari.HikariDataSource - master - Start completed.
2025-04-21 14:38:23.776 [main] INFO  c.b.dynamic.datasource.DynamicRoutingDataSource - dynamic-datasource - add a datasource named [master] success
2025-04-21 14:38:23.776 [main] INFO  c.b.dynamic.datasource.DynamicRoutingDataSource - dynamic-datasource initial loaded [1] datasource,primary datasource named [master]
2025-04-21 14:38:26.952 [main] INFO  o.s.s.c.a.a.c.InitializeAuthenticationProviderBeanManagerConfigurer$InitializeAuthenticationProviderManagerConfigurer - Found 3 AuthenticationProvider beans, with names [daoAuthenticationProvider, mobileAuthenticationProvider, thirdAuthenticationProvider]. Global Authentication Manager will not be configured with AuthenticationProviders. Consider publishing a single AuthenticationProvider bean, or wiring your Providers directly using the DSL.
2025-04-21 14:38:26.953 [main] INFO  o.s.s.c.a.a.c.InitializeUserDetailsBeanManagerConfigurer$InitializeUserDetailsManagerConfigurer - Global AuthenticationManager configured with UserDetailsService bean with name userDetailsServiceImpl
2025-04-21 14:38:27.488 [main] INFO  o.s.b.actuate.endpoint.web.EndpointLinksResolver - Exposing 14 endpoints beneath base path '/actuator'
2025-04-21 14:38:27.810 [main] INFO  com.fhs.common.spring.SpringContextUtil - ------SpringContextUtil setApplicationContext-------
2025-04-21 14:38:28.291 [main] INFO  org.apache.coyote.http11.Http11NioProtocol - Starting ProtocolHandler ["http-nio-7000"]
2025-04-21 14:38:28.425 [main] INFO  c.b.dynamic.datasource.DynamicRoutingDataSource - dynamic-datasource start closing ....
2025-04-21 14:38:28.425 [main] INFO  com.zaxxer.hikari.HikariDataSource - master - Shutdown initiated...
2025-04-21 14:38:28.430 [main] INFO  com.zaxxer.hikari.HikariDataSource - master - Shutdown completed.
2025-04-21 14:38:28.431 [main] INFO  c.b.dynamic.datasource.DynamicRoutingDataSource - dynamic-datasource all closed success,bye
2025-04-21 14:38:28.452 [main] INFO  o.s.b.a.logging.ConditionEvaluationReportLogger - 

Error starting ApplicationContext. To display the condition evaluation report re-run your application with 'debug' enabled.
2025-04-21 14:39:01.280 [background-preinit] INFO  org.hibernate.validator.internal.util.Version - HV000001: Hibernate Validator 8.0.1.Final
2025-04-21 14:39:01.312 [main] INFO  com.dlshouwen.swda.Application - Starting Application using Java 17.0.10 with PID 283444 (D:\Workspace\eclipse\dlshouwen\swda-server\swda-app\target\classes started by liuji in D:\Workspace\eclipse\dlshouwen\swda-server\swda-app)
2025-04-21 14:39:01.313 [main] INFO  com.dlshouwen.swda.Application - The following 1 profile is active: "dev"
2025-04-21 14:39:02.634 [main] INFO  o.s.d.r.config.RepositoryConfigurationDelegate - Multiple Spring Data modules found, entering strict repository configuration mode
2025-04-21 14:39:02.635 [main] INFO  o.s.d.r.config.RepositoryConfigurationDelegate - Bootstrapping Spring Data JDBC repositories in DEFAULT mode.
2025-04-21 14:39:02.690 [main] INFO  o.s.d.r.config.RepositoryConfigurationDelegate - Finished Spring Data repository scanning in 51 ms. Found 0 JDBC repository interfaces.
2025-04-21 14:39:02.700 [main] INFO  o.s.d.r.config.RepositoryConfigurationDelegate - Multiple Spring Data modules found, entering strict repository configuration mode
2025-04-21 14:39:02.701 [main] INFO  o.s.d.r.config.RepositoryConfigurationDelegate - Bootstrapping Spring Data Redis repositories in DEFAULT mode.
2025-04-21 14:39:02.726 [main] INFO  o.s.d.r.config.RepositoryConfigurationDelegate - Finished Spring Data repository scanning in 18 ms. Found 0 Redis repository interfaces.
2025-04-21 14:39:03.678 [main] INFO  o.s.boot.web.embedded.tomcat.TomcatWebServer - Tomcat initialized with port 7000 (http)
2025-04-21 14:39:03.688 [main] INFO  org.apache.coyote.http11.Http11NioProtocol - Initializing ProtocolHandler ["http-nio-7000"]
2025-04-21 14:39:03.690 [main] INFO  org.apache.catalina.core.StandardService - Starting service [Tomcat]
2025-04-21 14:39:03.690 [main] INFO  org.apache.catalina.core.StandardEngine - Starting Servlet engine: [Apache Tomcat/10.1.25]
2025-04-21 14:39:03.770 [main] INFO  o.a.c.core.ContainerBase.[Tomcat].[localhost].[/] - Initializing Spring embedded WebApplicationContext
2025-04-21 14:39:03.771 [main] INFO  o.s.b.w.s.c.ServletWebServerApplicationContext - Root WebApplicationContext: initialization completed in 2420 ms
2025-04-21 14:39:04.440 [main] INFO  com.zaxxer.hikari.HikariDataSource - master - Starting...
2025-04-21 14:39:04.596 [main] INFO  com.zaxxer.hikari.pool.HikariPool - master - Added connection com.mysql.cj.jdbc.ConnectionImpl@1a34772e
2025-04-21 14:39:04.597 [main] INFO  com.zaxxer.hikari.HikariDataSource - master - Start completed.
2025-04-21 14:39:04.598 [main] INFO  c.b.dynamic.datasource.DynamicRoutingDataSource - dynamic-datasource - add a datasource named [master] success
2025-04-21 14:39:04.598 [main] INFO  c.b.dynamic.datasource.DynamicRoutingDataSource - dynamic-datasource initial loaded [1] datasource,primary datasource named [master]
2025-04-21 14:39:07.250 [main] INFO  o.s.s.c.a.a.c.InitializeAuthenticationProviderBeanManagerConfigurer$InitializeAuthenticationProviderManagerConfigurer - Found 3 AuthenticationProvider beans, with names [daoAuthenticationProvider, mobileAuthenticationProvider, thirdAuthenticationProvider]. Global Authentication Manager will not be configured with AuthenticationProviders. Consider publishing a single AuthenticationProvider bean, or wiring your Providers directly using the DSL.
2025-04-21 14:39:07.251 [main] INFO  o.s.s.c.a.a.c.InitializeUserDetailsBeanManagerConfigurer$InitializeUserDetailsManagerConfigurer - Global AuthenticationManager configured with UserDetailsService bean with name userDetailsServiceImpl
2025-04-21 14:39:07.612 [main] INFO  o.s.b.actuate.endpoint.web.EndpointLinksResolver - Exposing 14 endpoints beneath base path '/actuator'
2025-04-21 14:39:07.877 [main] INFO  com.fhs.common.spring.SpringContextUtil - ------SpringContextUtil setApplicationContext-------
2025-04-21 14:39:08.423 [main] INFO  org.apache.coyote.http11.Http11NioProtocol - Starting ProtocolHandler ["http-nio-7000"]
2025-04-21 14:39:08.440 [main] INFO  o.s.boot.web.embedded.tomcat.TomcatWebServer - Tomcat started on port 7000 (http) with context path '/'
2025-04-21 14:39:08.467 [main] INFO  com.dlshouwen.swda.Application - Started Application in 7.627 seconds (process running for 8.085)
2025-04-21 14:39:11.807 [http-nio-7000-exec-1] INFO  o.a.c.core.ContainerBase.[Tomcat].[localhost].[/] - Initializing Spring DispatcherServlet 'dispatcherServlet'
2025-04-21 14:39:11.807 [http-nio-7000-exec-1] INFO  org.springframework.web.servlet.DispatcherServlet - Initializing Servlet 'dispatcherServlet'
2025-04-21 14:39:11.810 [http-nio-7000-exec-1] INFO  org.springframework.web.servlet.DispatcherServlet - Completed initialization in 2 ms
2025-04-21 14:40:23.851 [background-preinit] INFO  org.hibernate.validator.internal.util.Version - HV000001: Hibernate Validator 8.0.1.Final
2025-04-21 14:40:23.886 [main] INFO  com.dlshouwen.swda.Application - Starting Application using Java 17.0.10 with PID 285384 (D:\Workspace\eclipse\dlshouwen\swda-server\swda-app\target\classes started by liuji in D:\Workspace\eclipse\dlshouwen\swda-server\swda-app)
2025-04-21 14:40:23.887 [main] INFO  com.dlshouwen.swda.Application - The following 1 profile is active: "dev"
2025-04-21 14:40:25.432 [main] INFO  o.s.d.r.config.RepositoryConfigurationDelegate - Multiple Spring Data modules found, entering strict repository configuration mode
2025-04-21 14:40:25.434 [main] INFO  o.s.d.r.config.RepositoryConfigurationDelegate - Bootstrapping Spring Data JDBC repositories in DEFAULT mode.
2025-04-21 14:40:25.490 [main] INFO  o.s.d.r.config.RepositoryConfigurationDelegate - Finished Spring Data repository scanning in 53 ms. Found 0 JDBC repository interfaces.
2025-04-21 14:40:25.500 [main] INFO  o.s.d.r.config.RepositoryConfigurationDelegate - Multiple Spring Data modules found, entering strict repository configuration mode
2025-04-21 14:40:25.501 [main] INFO  o.s.d.r.config.RepositoryConfigurationDelegate - Bootstrapping Spring Data Redis repositories in DEFAULT mode.
2025-04-21 14:40:25.523 [main] INFO  o.s.d.r.config.RepositoryConfigurationDelegate - Finished Spring Data repository scanning in 15 ms. Found 0 Redis repository interfaces.
2025-04-21 14:40:26.564 [main] INFO  o.s.boot.web.embedded.tomcat.TomcatWebServer - Tomcat initialized with port 7000 (http)
2025-04-21 14:40:26.575 [main] INFO  org.apache.coyote.http11.Http11NioProtocol - Initializing ProtocolHandler ["http-nio-7000"]
2025-04-21 14:40:26.576 [main] INFO  org.apache.catalina.core.StandardService - Starting service [Tomcat]
2025-04-21 14:40:26.577 [main] INFO  org.apache.catalina.core.StandardEngine - Starting Servlet engine: [Apache Tomcat/10.1.25]
2025-04-21 14:40:26.659 [main] INFO  o.a.c.core.ContainerBase.[Tomcat].[localhost].[/] - Initializing Spring embedded WebApplicationContext
2025-04-21 14:40:26.660 [main] INFO  o.s.b.w.s.c.ServletWebServerApplicationContext - Root WebApplicationContext: initialization completed in 2732 ms
2025-04-21 14:40:27.301 [main] INFO  com.zaxxer.hikari.HikariDataSource - master - Starting...
2025-04-21 14:40:27.463 [main] INFO  com.zaxxer.hikari.pool.HikariPool - master - Added connection com.mysql.cj.jdbc.ConnectionImpl@401002ce
2025-04-21 14:40:27.465 [main] INFO  com.zaxxer.hikari.HikariDataSource - master - Start completed.
2025-04-21 14:40:27.466 [main] INFO  c.b.dynamic.datasource.DynamicRoutingDataSource - dynamic-datasource - add a datasource named [master] success
2025-04-21 14:40:27.466 [main] INFO  c.b.dynamic.datasource.DynamicRoutingDataSource - dynamic-datasource initial loaded [1] datasource,primary datasource named [master]
2025-04-21 14:40:30.412 [main] INFO  o.s.s.c.a.a.c.InitializeAuthenticationProviderBeanManagerConfigurer$InitializeAuthenticationProviderManagerConfigurer - Found 3 AuthenticationProvider beans, with names [daoAuthenticationProvider, mobileAuthenticationProvider, thirdAuthenticationProvider]. Global Authentication Manager will not be configured with AuthenticationProviders. Consider publishing a single AuthenticationProvider bean, or wiring your Providers directly using the DSL.
2025-04-21 14:40:30.413 [main] INFO  o.s.s.c.a.a.c.InitializeUserDetailsBeanManagerConfigurer$InitializeUserDetailsManagerConfigurer - Global AuthenticationManager configured with UserDetailsService bean with name userDetailsServiceImpl
2025-04-21 14:40:30.759 [main] INFO  o.s.b.actuate.endpoint.web.EndpointLinksResolver - Exposing 14 endpoints beneath base path '/actuator'
2025-04-21 14:40:30.980 [main] INFO  com.fhs.common.spring.SpringContextUtil - ------SpringContextUtil setApplicationContext-------
2025-04-21 14:40:31.414 [main] INFO  org.apache.coyote.http11.Http11NioProtocol - Starting ProtocolHandler ["http-nio-7000"]
2025-04-21 14:40:31.423 [main] INFO  o.s.boot.web.embedded.tomcat.TomcatWebServer - Tomcat started on port 7000 (http) with context path '/'
2025-04-21 14:40:31.436 [main] INFO  com.dlshouwen.swda.Application - Started Application in 8.042 seconds (process running for 8.572)
2025-04-21 14:40:34.807 [http-nio-7000-exec-1] INFO  o.a.c.core.ContainerBase.[Tomcat].[localhost].[/] - Initializing Spring DispatcherServlet 'dispatcherServlet'
2025-04-21 14:40:34.807 [http-nio-7000-exec-1] INFO  org.springframework.web.servlet.DispatcherServlet - Initializing Servlet 'dispatcherServlet'
2025-04-21 14:40:34.810 [http-nio-7000-exec-1] INFO  org.springframework.web.servlet.DispatcherServlet - Completed initialization in 3 ms
2025-04-21 18:41:16.478 [background-preinit] INFO  org.hibernate.validator.internal.util.Version - HV000001: Hibernate Validator 8.0.1.Final
2025-04-21 18:41:16.523 [main] INFO  com.dlshouwen.swda.Application - Starting Application using Java 17.0.10 with PID 22152 (D:\Workspace\eclipse\dlshouwen\swda-server\swda-app\target\classes started by liuji in D:\Workspace\eclipse\dlshouwen\swda-server\swda-app)
2025-04-21 18:41:16.524 [main] INFO  com.dlshouwen.swda.Application - The following 1 profile is active: "dev"
2025-04-21 18:41:17.948 [main] INFO  o.s.d.r.config.RepositoryConfigurationDelegate - Multiple Spring Data modules found, entering strict repository configuration mode
2025-04-21 18:41:17.950 [main] INFO  o.s.d.r.config.RepositoryConfigurationDelegate - Bootstrapping Spring Data JDBC repositories in DEFAULT mode.
2025-04-21 18:41:18.009 [main] INFO  o.s.d.r.config.RepositoryConfigurationDelegate - Finished Spring Data repository scanning in 54 ms. Found 0 JDBC repository interfaces.
2025-04-21 18:41:18.019 [main] INFO  o.s.d.r.config.RepositoryConfigurationDelegate - Multiple Spring Data modules found, entering strict repository configuration mode
2025-04-21 18:41:18.020 [main] INFO  o.s.d.r.config.RepositoryConfigurationDelegate - Bootstrapping Spring Data Redis repositories in DEFAULT mode.
2025-04-21 18:41:18.048 [main] INFO  o.s.d.r.config.RepositoryConfigurationDelegate - Finished Spring Data repository scanning in 19 ms. Found 0 Redis repository interfaces.
2025-04-21 18:41:19.033 [main] INFO  o.s.boot.web.embedded.tomcat.TomcatWebServer - Tomcat initialized with port 7000 (http)
2025-04-21 18:41:19.043 [main] INFO  org.apache.coyote.http11.Http11NioProtocol - Initializing ProtocolHandler ["http-nio-7000"]
2025-04-21 18:41:19.045 [main] INFO  org.apache.catalina.core.StandardService - Starting service [Tomcat]
2025-04-21 18:41:19.045 [main] INFO  org.apache.catalina.core.StandardEngine - Starting Servlet engine: [Apache Tomcat/10.1.25]
2025-04-21 18:41:19.124 [main] INFO  o.a.c.core.ContainerBase.[Tomcat].[localhost].[/] - Initializing Spring embedded WebApplicationContext
2025-04-21 18:41:19.124 [main] INFO  o.s.b.w.s.c.ServletWebServerApplicationContext - Root WebApplicationContext: initialization completed in 2559 ms
2025-04-21 18:41:19.712 [main] INFO  com.zaxxer.hikari.HikariDataSource - master - Starting...
2025-04-21 18:41:19.862 [main] INFO  com.zaxxer.hikari.pool.HikariPool - master - Added connection com.mysql.cj.jdbc.ConnectionImpl@78f1d29
2025-04-21 18:41:19.864 [main] INFO  com.zaxxer.hikari.HikariDataSource - master - Start completed.
2025-04-21 18:41:19.865 [main] INFO  c.b.dynamic.datasource.DynamicRoutingDataSource - dynamic-datasource - add a datasource named [master] success
2025-04-21 18:41:19.865 [main] INFO  c.b.dynamic.datasource.DynamicRoutingDataSource - dynamic-datasource initial loaded [1] datasource,primary datasource named [master]
2025-04-21 18:41:22.588 [main] INFO  o.s.s.c.a.a.c.InitializeAuthenticationProviderBeanManagerConfigurer$InitializeAuthenticationProviderManagerConfigurer - Found 3 AuthenticationProvider beans, with names [daoAuthenticationProvider, mobileAuthenticationProvider, thirdAuthenticationProvider]. Global Authentication Manager will not be configured with AuthenticationProviders. Consider publishing a single AuthenticationProvider bean, or wiring your Providers directly using the DSL.
2025-04-21 18:41:22.589 [main] INFO  o.s.s.c.a.a.c.InitializeUserDetailsBeanManagerConfigurer$InitializeUserDetailsManagerConfigurer - Global AuthenticationManager configured with UserDetailsService bean with name userDetailsServiceImpl
2025-04-21 18:41:23.001 [main] INFO  o.s.b.actuate.endpoint.web.EndpointLinksResolver - Exposing 14 endpoints beneath base path '/actuator'
2025-04-21 18:41:23.252 [main] INFO  com.fhs.common.spring.SpringContextUtil - ------SpringContextUtil setApplicationContext-------
2025-04-21 18:41:23.752 [main] INFO  org.apache.coyote.http11.Http11NioProtocol - Starting ProtocolHandler ["http-nio-7000"]
2025-04-21 18:41:23.765 [main] INFO  o.s.boot.web.embedded.tomcat.TomcatWebServer - Tomcat started on port 7000 (http) with context path '/'
2025-04-21 18:41:23.779 [main] INFO  com.dlshouwen.swda.Application - Started Application in 7.796 seconds (process running for 8.477)
2025-04-21 18:41:45.592 [http-nio-7000-exec-2] INFO  o.a.c.core.ContainerBase.[Tomcat].[localhost].[/] - Initializing Spring DispatcherServlet 'dispatcherServlet'
2025-04-21 18:41:45.592 [http-nio-7000-exec-2] INFO  org.springframework.web.servlet.DispatcherServlet - Initializing Servlet 'dispatcherServlet'
2025-04-21 18:41:45.594 [http-nio-7000-exec-2] INFO  org.springframework.web.servlet.DispatcherServlet - Completed initialization in 2 ms
2025-04-21 18:51:26.684 [background-preinit] INFO  org.hibernate.validator.internal.util.Version - HV000001: Hibernate Validator 8.0.1.Final
2025-04-21 18:51:26.725 [main] INFO  com.dlshouwen.swda.Application - Starting Application using Java 17.0.10 with PID 23160 (D:\Workspace\eclipse\dlshouwen\swda-server\swda-app\target\classes started by liuji in D:\Workspace\eclipse\dlshouwen\swda-server\swda-app)
2025-04-21 18:51:26.726 [main] INFO  com.dlshouwen.swda.Application - The following 1 profile is active: "dev"
2025-04-21 18:51:28.032 [main] INFO  o.s.d.r.config.RepositoryConfigurationDelegate - Multiple Spring Data modules found, entering strict repository configuration mode
2025-04-21 18:51:28.034 [main] INFO  o.s.d.r.config.RepositoryConfigurationDelegate - Bootstrapping Spring Data JDBC repositories in DEFAULT mode.
2025-04-21 18:51:28.088 [main] INFO  o.s.d.r.config.RepositoryConfigurationDelegate - Finished Spring Data repository scanning in 50 ms. Found 0 JDBC repository interfaces.
2025-04-21 18:51:28.098 [main] INFO  o.s.d.r.config.RepositoryConfigurationDelegate - Multiple Spring Data modules found, entering strict repository configuration mode
2025-04-21 18:51:28.099 [main] INFO  o.s.d.r.config.RepositoryConfigurationDelegate - Bootstrapping Spring Data Redis repositories in DEFAULT mode.
2025-04-21 18:51:28.121 [main] INFO  o.s.d.r.config.RepositoryConfigurationDelegate - Finished Spring Data repository scanning in 15 ms. Found 0 Redis repository interfaces.
2025-04-21 18:51:29.063 [main] INFO  o.s.boot.web.embedded.tomcat.TomcatWebServer - Tomcat initialized with port 7000 (http)
2025-04-21 18:51:29.072 [main] INFO  org.apache.coyote.http11.Http11NioProtocol - Initializing ProtocolHandler ["http-nio-7000"]
2025-04-21 18:51:29.075 [main] INFO  org.apache.catalina.core.StandardService - Starting service [Tomcat]
2025-04-21 18:51:29.075 [main] INFO  org.apache.catalina.core.StandardEngine - Starting Servlet engine: [Apache Tomcat/10.1.25]
2025-04-21 18:51:29.151 [main] INFO  o.a.c.core.ContainerBase.[Tomcat].[localhost].[/] - Initializing Spring embedded WebApplicationContext
2025-04-21 18:51:29.151 [main] INFO  o.s.b.w.s.c.ServletWebServerApplicationContext - Root WebApplicationContext: initialization completed in 2388 ms
2025-04-21 18:51:29.737 [main] INFO  com.zaxxer.hikari.HikariDataSource - master - Starting...
2025-04-21 18:51:29.898 [main] INFO  com.zaxxer.hikari.pool.HikariPool - master - Added connection com.mysql.cj.jdbc.ConnectionImpl@3113595e
2025-04-21 18:51:29.899 [main] INFO  com.zaxxer.hikari.HikariDataSource - master - Start completed.
2025-04-21 18:51:29.900 [main] INFO  c.b.dynamic.datasource.DynamicRoutingDataSource - dynamic-datasource - add a datasource named [master] success
2025-04-21 18:51:29.900 [main] INFO  c.b.dynamic.datasource.DynamicRoutingDataSource - dynamic-datasource initial loaded [1] datasource,primary datasource named [master]
2025-04-21 18:51:32.455 [main] INFO  o.s.s.c.a.a.c.InitializeAuthenticationProviderBeanManagerConfigurer$InitializeAuthenticationProviderManagerConfigurer - Found 3 AuthenticationProvider beans, with names [daoAuthenticationProvider, mobileAuthenticationProvider, thirdAuthenticationProvider]. Global Authentication Manager will not be configured with AuthenticationProviders. Consider publishing a single AuthenticationProvider bean, or wiring your Providers directly using the DSL.
2025-04-21 18:51:32.456 [main] INFO  o.s.s.c.a.a.c.InitializeUserDetailsBeanManagerConfigurer$InitializeUserDetailsManagerConfigurer - Global AuthenticationManager configured with UserDetailsService bean with name userDetailsServiceImpl
2025-04-21 18:51:32.839 [main] INFO  o.s.b.actuate.endpoint.web.EndpointLinksResolver - Exposing 14 endpoints beneath base path '/actuator'
2025-04-21 18:51:33.089 [main] INFO  com.fhs.common.spring.SpringContextUtil - ------SpringContextUtil setApplicationContext-------
2025-04-21 18:51:33.558 [main] INFO  org.apache.coyote.http11.Http11NioProtocol - Starting ProtocolHandler ["http-nio-7000"]
2025-04-21 18:51:33.569 [main] INFO  o.s.boot.web.embedded.tomcat.TomcatWebServer - Tomcat started on port 7000 (http) with context path '/'
2025-04-21 18:51:33.581 [main] INFO  com.dlshouwen.swda.Application - Started Application in 7.38 seconds (process running for 8.014)
2025-04-21 18:51:38.851 [http-nio-7000-exec-1] INFO  o.a.c.core.ContainerBase.[Tomcat].[localhost].[/] - Initializing Spring DispatcherServlet 'dispatcherServlet'
2025-04-21 18:51:38.851 [http-nio-7000-exec-1] INFO  org.springframework.web.servlet.DispatcherServlet - Initializing Servlet 'dispatcherServlet'
2025-04-21 18:51:38.853 [http-nio-7000-exec-1] INFO  org.springframework.web.servlet.DispatcherServlet - Completed initialization in 2 ms
2025-04-21 18:56:35.450 [background-preinit] INFO  org.hibernate.validator.internal.util.Version - HV000001: Hibernate Validator 8.0.1.Final
2025-04-21 18:56:35.483 [main] INFO  com.dlshouwen.swda.Application - Starting Application using Java 17.0.10 with PID 16604 (D:\Workspace\eclipse\dlshouwen\swda-server\swda-app\target\classes started by liuji in D:\Workspace\eclipse\dlshouwen\swda-server\swda-app)
2025-04-21 18:56:35.485 [main] INFO  com.dlshouwen.swda.Application - The following 1 profile is active: "dev"
2025-04-21 18:56:36.665 [main] INFO  o.s.d.r.config.RepositoryConfigurationDelegate - Multiple Spring Data modules found, entering strict repository configuration mode
2025-04-21 18:56:36.667 [main] INFO  o.s.d.r.config.RepositoryConfigurationDelegate - Bootstrapping Spring Data JDBC repositories in DEFAULT mode.
2025-04-21 18:56:36.716 [main] INFO  o.s.d.r.config.RepositoryConfigurationDelegate - Finished Spring Data repository scanning in 46 ms. Found 0 JDBC repository interfaces.
2025-04-21 18:56:36.726 [main] INFO  o.s.d.r.config.RepositoryConfigurationDelegate - Multiple Spring Data modules found, entering strict repository configuration mode
2025-04-21 18:56:36.727 [main] INFO  o.s.d.r.config.RepositoryConfigurationDelegate - Bootstrapping Spring Data Redis repositories in DEFAULT mode.
2025-04-21 18:56:36.747 [main] INFO  o.s.d.r.config.RepositoryConfigurationDelegate - Finished Spring Data repository scanning in 13 ms. Found 0 Redis repository interfaces.
2025-04-21 18:56:37.682 [main] INFO  o.s.boot.web.embedded.tomcat.TomcatWebServer - Tomcat initialized with port 7000 (http)
2025-04-21 18:56:37.692 [main] INFO  org.apache.coyote.http11.Http11NioProtocol - Initializing ProtocolHandler ["http-nio-7000"]
2025-04-21 18:56:37.694 [main] INFO  org.apache.catalina.core.StandardService - Starting service [Tomcat]
2025-04-21 18:56:37.694 [main] INFO  org.apache.catalina.core.StandardEngine - Starting Servlet engine: [Apache Tomcat/10.1.25]
2025-04-21 18:56:37.761 [main] INFO  o.a.c.core.ContainerBase.[Tomcat].[localhost].[/] - Initializing Spring embedded WebApplicationContext
2025-04-21 18:56:37.761 [main] INFO  o.s.b.w.s.c.ServletWebServerApplicationContext - Root WebApplicationContext: initialization completed in 2242 ms
2025-04-21 18:56:38.283 [main] INFO  com.zaxxer.hikari.HikariDataSource - master - Starting...
2025-04-21 18:56:38.419 [main] INFO  com.zaxxer.hikari.pool.HikariPool - master - Added connection com.mysql.cj.jdbc.ConnectionImpl@3ee2d546
2025-04-21 18:56:38.421 [main] INFO  com.zaxxer.hikari.HikariDataSource - master - Start completed.
2025-04-21 18:56:38.421 [main] INFO  c.b.dynamic.datasource.DynamicRoutingDataSource - dynamic-datasource - add a datasource named [master] success
2025-04-21 18:56:38.422 [main] INFO  c.b.dynamic.datasource.DynamicRoutingDataSource - dynamic-datasource initial loaded [1] datasource,primary datasource named [master]
2025-04-21 18:56:40.818 [main] INFO  o.s.s.c.a.a.c.InitializeAuthenticationProviderBeanManagerConfigurer$InitializeAuthenticationProviderManagerConfigurer - Found 3 AuthenticationProvider beans, with names [daoAuthenticationProvider, mobileAuthenticationProvider, thirdAuthenticationProvider]. Global Authentication Manager will not be configured with AuthenticationProviders. Consider publishing a single AuthenticationProvider bean, or wiring your Providers directly using the DSL.
2025-04-21 18:56:40.819 [main] INFO  o.s.s.c.a.a.c.InitializeUserDetailsBeanManagerConfigurer$InitializeUserDetailsManagerConfigurer - Global AuthenticationManager configured with UserDetailsService bean with name userDetailsServiceImpl
2025-04-21 18:56:41.142 [main] INFO  o.s.b.actuate.endpoint.web.EndpointLinksResolver - Exposing 14 endpoints beneath base path '/actuator'
2025-04-21 18:56:41.390 [main] INFO  com.fhs.common.spring.SpringContextUtil - ------SpringContextUtil setApplicationContext-------
2025-04-21 18:56:41.949 [main] INFO  org.apache.coyote.http11.Http11NioProtocol - Starting ProtocolHandler ["http-nio-7000"]
2025-04-21 18:56:41.959 [main] INFO  o.s.boot.web.embedded.tomcat.TomcatWebServer - Tomcat started on port 7000 (http) with context path '/'
2025-04-21 18:56:41.978 [main] INFO  com.dlshouwen.swda.Application - Started Application in 6.955 seconds (process running for 7.367)
2025-04-21 18:56:42.127 [http-nio-7000-exec-1] INFO  o.a.c.core.ContainerBase.[Tomcat].[localhost].[/] - Initializing Spring DispatcherServlet 'dispatcherServlet'
2025-04-21 18:56:42.128 [http-nio-7000-exec-1] INFO  org.springframework.web.servlet.DispatcherServlet - Initializing Servlet 'dispatcherServlet'
2025-04-21 18:56:42.130 [http-nio-7000-exec-1] INFO  org.springframework.web.servlet.DispatcherServlet - Completed initialization in 2 ms
2025-04-21 19:31:22.758 [background-preinit] INFO  org.hibernate.validator.internal.util.Version - HV000001: Hibernate Validator 8.0.1.Final
2025-04-21 19:31:22.815 [main] INFO  com.dlshouwen.swda.Application - Starting Application using Java 17.0.10 with PID 13176 (D:\Workspace\eclipse\dlshouwen\swda-server\swda-app\target\classes started by liuji in D:\Workspace\eclipse\dlshouwen\swda-server\swda-app)
2025-04-21 19:31:22.817 [main] INFO  com.dlshouwen.swda.Application - The following 1 profile is active: "dev"
2025-04-21 19:31:24.630 [main] INFO  o.s.d.r.config.RepositoryConfigurationDelegate - Multiple Spring Data modules found, entering strict repository configuration mode
2025-04-21 19:31:24.632 [main] INFO  o.s.d.r.config.RepositoryConfigurationDelegate - Bootstrapping Spring Data JDBC repositories in DEFAULT mode.
2025-04-21 19:31:24.706 [main] INFO  o.s.d.r.config.RepositoryConfigurationDelegate - Finished Spring Data repository scanning in 68 ms. Found 0 JDBC repository interfaces.
2025-04-21 19:31:24.719 [main] INFO  o.s.d.r.config.RepositoryConfigurationDelegate - Multiple Spring Data modules found, entering strict repository configuration mode
2025-04-21 19:31:24.720 [main] INFO  o.s.d.r.config.RepositoryConfigurationDelegate - Bootstrapping Spring Data Redis repositories in DEFAULT mode.
2025-04-21 19:31:24.764 [main] INFO  o.s.d.r.config.RepositoryConfigurationDelegate - Finished Spring Data repository scanning in 33 ms. Found 0 Redis repository interfaces.
2025-04-21 19:31:25.997 [main] INFO  o.s.boot.web.embedded.tomcat.TomcatWebServer - Tomcat initialized with port 7000 (http)
2025-04-21 19:31:26.009 [main] INFO  org.apache.coyote.http11.Http11NioProtocol - Initializing ProtocolHandler ["http-nio-7000"]
2025-04-21 19:31:26.011 [main] INFO  org.apache.catalina.core.StandardService - Starting service [Tomcat]
2025-04-21 19:31:26.011 [main] INFO  org.apache.catalina.core.StandardEngine - Starting Servlet engine: [Apache Tomcat/10.1.25]
2025-04-21 19:31:26.097 [main] INFO  o.a.c.core.ContainerBase.[Tomcat].[localhost].[/] - Initializing Spring embedded WebApplicationContext
2025-04-21 19:31:26.097 [main] INFO  o.s.b.w.s.c.ServletWebServerApplicationContext - Root WebApplicationContext: initialization completed in 3228 ms
2025-04-21 19:31:26.894 [main] INFO  com.zaxxer.hikari.HikariDataSource - master - Starting...
2025-04-21 19:31:27.091 [main] INFO  com.zaxxer.hikari.pool.HikariPool - master - Added connection com.mysql.cj.jdbc.ConnectionImpl@3182143c
2025-04-21 19:31:27.094 [main] INFO  com.zaxxer.hikari.HikariDataSource - master - Start completed.
2025-04-21 19:31:27.095 [main] INFO  c.b.dynamic.datasource.DynamicRoutingDataSource - dynamic-datasource - add a datasource named [master] success
2025-04-21 19:31:27.095 [main] INFO  c.b.dynamic.datasource.DynamicRoutingDataSource - dynamic-datasource initial loaded [1] datasource,primary datasource named [master]
2025-04-21 19:31:30.760 [main] INFO  o.s.s.c.a.a.c.InitializeAuthenticationProviderBeanManagerConfigurer$InitializeAuthenticationProviderManagerConfigurer - Found 3 AuthenticationProvider beans, with names [daoAuthenticationProvider, mobileAuthenticationProvider, thirdAuthenticationProvider]. Global Authentication Manager will not be configured with AuthenticationProviders. Consider publishing a single AuthenticationProvider bean, or wiring your Providers directly using the DSL.
2025-04-21 19:31:30.761 [main] INFO  o.s.s.c.a.a.c.InitializeUserDetailsBeanManagerConfigurer$InitializeUserDetailsManagerConfigurer - Global AuthenticationManager configured with UserDetailsService bean with name userDetailsServiceImpl
2025-04-21 19:31:31.366 [main] INFO  o.s.b.actuate.endpoint.web.EndpointLinksResolver - Exposing 14 endpoints beneath base path '/actuator'
2025-04-21 19:31:31.733 [main] INFO  com.fhs.common.spring.SpringContextUtil - ------SpringContextUtil setApplicationContext-------
2025-04-21 19:31:32.401 [main] INFO  org.apache.coyote.http11.Http11NioProtocol - Starting ProtocolHandler ["http-nio-7000"]
2025-04-21 19:31:32.536 [main] INFO  c.b.dynamic.datasource.DynamicRoutingDataSource - dynamic-datasource start closing ....
2025-04-21 19:31:32.537 [main] INFO  com.zaxxer.hikari.HikariDataSource - master - Shutdown initiated...
2025-04-21 19:31:32.543 [main] INFO  com.zaxxer.hikari.HikariDataSource - master - Shutdown completed.
2025-04-21 19:31:32.544 [main] INFO  c.b.dynamic.datasource.DynamicRoutingDataSource - dynamic-datasource all closed success,bye
2025-04-21 19:31:32.570 [main] INFO  o.s.b.a.logging.ConditionEvaluationReportLogger - 

Error starting ApplicationContext. To display the condition evaluation report re-run your application with 'debug' enabled.
2025-04-21 19:35:47.276 [background-preinit] INFO  org.hibernate.validator.internal.util.Version - HV000001: Hibernate Validator 8.0.1.Final
2025-04-21 19:35:47.330 [main] INFO  com.dlshouwen.swda.Application - Starting Application using Java 17.0.10 with PID 16124 (D:\Workspace\eclipse\dlshouwen\swda-server\swda-app\target\classes started by liuji in D:\Workspace\eclipse\dlshouwen\swda-server\swda-app)
2025-04-21 19:35:47.331 [main] INFO  com.dlshouwen.swda.Application - The following 1 profile is active: "dev"
2025-04-21 19:35:49.109 [main] INFO  o.s.d.r.config.RepositoryConfigurationDelegate - Multiple Spring Data modules found, entering strict repository configuration mode
2025-04-21 19:35:49.111 [main] INFO  o.s.d.r.config.RepositoryConfigurationDelegate - Bootstrapping Spring Data JDBC repositories in DEFAULT mode.
2025-04-21 19:35:49.199 [main] INFO  o.s.d.r.config.RepositoryConfigurationDelegate - Finished Spring Data repository scanning in 82 ms. Found 0 JDBC repository interfaces.
2025-04-21 19:35:49.216 [main] INFO  o.s.d.r.config.RepositoryConfigurationDelegate - Multiple Spring Data modules found, entering strict repository configuration mode
2025-04-21 19:35:49.218 [main] INFO  o.s.d.r.config.RepositoryConfigurationDelegate - Bootstrapping Spring Data Redis repositories in DEFAULT mode.
2025-04-21 19:35:49.256 [main] INFO  o.s.d.r.config.RepositoryConfigurationDelegate - Finished Spring Data repository scanning in 28 ms. Found 0 Redis repository interfaces.
2025-04-21 19:35:50.613 [main] INFO  o.s.boot.web.embedded.tomcat.TomcatWebServer - Tomcat initialized with port 7000 (http)
2025-04-21 19:35:50.631 [main] INFO  org.apache.coyote.http11.Http11NioProtocol - Initializing ProtocolHandler ["http-nio-7000"]
2025-04-21 19:35:50.634 [main] INFO  org.apache.catalina.core.StandardService - Starting service [Tomcat]
2025-04-21 19:35:50.634 [main] INFO  org.apache.catalina.core.StandardEngine - Starting Servlet engine: [Apache Tomcat/10.1.25]
2025-04-21 19:35:50.761 [main] INFO  o.a.c.core.ContainerBase.[Tomcat].[localhost].[/] - Initializing Spring embedded WebApplicationContext
2025-04-21 19:35:50.762 [main] INFO  o.s.b.w.s.c.ServletWebServerApplicationContext - Root WebApplicationContext: initialization completed in 3381 ms
2025-04-21 19:35:51.558 [main] INFO  com.zaxxer.hikari.HikariDataSource - master - Starting...
2025-04-21 19:35:51.756 [main] INFO  com.zaxxer.hikari.pool.HikariPool - master - Added connection com.mysql.cj.jdbc.ConnectionImpl@109188b4
2025-04-21 19:35:51.758 [main] INFO  com.zaxxer.hikari.HikariDataSource - master - Start completed.
2025-04-21 19:35:51.759 [main] INFO  c.b.dynamic.datasource.DynamicRoutingDataSource - dynamic-datasource - add a datasource named [master] success
2025-04-21 19:35:51.759 [main] INFO  c.b.dynamic.datasource.DynamicRoutingDataSource - dynamic-datasource initial loaded [1] datasource,primary datasource named [master]
2025-04-21 19:35:55.385 [main] INFO  o.s.s.c.a.a.c.InitializeAuthenticationProviderBeanManagerConfigurer$InitializeAuthenticationProviderManagerConfigurer - Found 3 AuthenticationProvider beans, with names [daoAuthenticationProvider, mobileAuthenticationProvider, thirdAuthenticationProvider]. Global Authentication Manager will not be configured with AuthenticationProviders. Consider publishing a single AuthenticationProvider bean, or wiring your Providers directly using the DSL.
2025-04-21 19:35:55.392 [main] INFO  o.s.s.c.a.a.c.InitializeUserDetailsBeanManagerConfigurer$InitializeUserDetailsManagerConfigurer - Global AuthenticationManager configured with UserDetailsService bean with name userDetailsServiceImpl
2025-04-21 19:35:55.901 [main] INFO  o.s.b.actuate.endpoint.web.EndpointLinksResolver - Exposing 14 endpoints beneath base path '/actuator'
2025-04-21 19:35:56.248 [main] INFO  com.fhs.common.spring.SpringContextUtil - ------SpringContextUtil setApplicationContext-------
2025-04-21 19:35:57.045 [main] INFO  org.apache.coyote.http11.Http11NioProtocol - Starting ProtocolHandler ["http-nio-7000"]
2025-04-21 19:35:57.063 [main] INFO  o.s.boot.web.embedded.tomcat.TomcatWebServer - Tomcat started on port 7000 (http) with context path '/'
2025-04-21 19:35:57.085 [main] INFO  com.dlshouwen.swda.Application - Started Application in 10.419 seconds (process running for 11.157)
2025-04-21 19:35:57.230 [http-nio-7000-exec-1] INFO  o.a.c.core.ContainerBase.[Tomcat].[localhost].[/] - Initializing Spring DispatcherServlet 'dispatcherServlet'
2025-04-21 19:35:57.230 [http-nio-7000-exec-1] INFO  org.springframework.web.servlet.DispatcherServlet - Initializing Servlet 'dispatcherServlet'
2025-04-21 19:35:57.233 [http-nio-7000-exec-1] INFO  org.springframework.web.servlet.DispatcherServlet - Completed initialization in 3 ms
