2024-08-09 09:01:07.629 [background-preinit] INFO  org.hibernate.validator.internal.util.Version - HV000001: Hibernate Validator 8.0.1.Final
2024-08-09 09:01:07.680 [main] INFO  com.dlshouwen.swda.Application - Starting Application using Java 17.0.10 with PID 34068 (D:\Workspace\eclipse\dlshouwen\swda-server\swda-app\target\classes started by Milo in D:\Workspace\eclipse\dlshouwen\swda-server\swda-app)
2024-08-09 09:01:07.681 [main] INFO  com.dlshouwen.swda.Application - No active profile set, falling back to 1 default profile: "default"
2024-08-09 09:01:10.089 [main] INFO  o.s.d.r.config.RepositoryConfigurationDelegate - Multiple Spring Data modules found, entering strict repository configuration mode
2024-08-09 09:01:10.090 [main] INFO  o.s.d.r.config.RepositoryConfigurationDelegate - Bootstrapping Spring Data JDBC repositories in DEFAULT mode.
2024-08-09 09:01:10.135 [main] INFO  o.s.d.r.config.RepositoryConfigurationDelegate - Finished Spring Data repository scanning in 39 ms. Found 0 JDBC repository interfaces.
2024-08-09 09:01:10.148 [main] INFO  o.s.d.r.config.RepositoryConfigurationDelegate - Multiple Spring Data modules found, entering strict repository configuration mode
2024-08-09 09:01:10.151 [main] INFO  o.s.d.r.config.RepositoryConfigurationDelegate - Bootstrapping Spring Data Redis repositories in DEFAULT mode.
2024-08-09 09:01:10.171 [main] INFO  o.s.d.r.config.RepositoryConfigurationDelegate - Finished Spring Data repository scanning in 11 ms. Found 0 Redis repository interfaces.
2024-08-09 09:01:10.528 [main] INFO  o.springframework.cloud.context.scope.GenericScope - BeanFactory id=75e42fdc-b6ff-3bd4-869f-3bee6d92f516
2024-08-09 09:01:11.716 [main] INFO  o.s.boot.web.embedded.tomcat.TomcatWebServer - Tomcat initialized with port 8081 (http)
2024-08-09 09:01:11.742 [main] INFO  org.apache.coyote.http11.Http11NioProtocol - Initializing ProtocolHandler ["http-nio-8081"]
2024-08-09 09:01:11.745 [main] INFO  org.apache.catalina.core.StandardService - Starting service [Tomcat]
2024-08-09 09:01:11.745 [main] INFO  org.apache.catalina.core.StandardEngine - Starting Servlet engine: [Apache Tomcat/10.1.25]
2024-08-09 09:01:11.844 [main] INFO  o.a.c.core.ContainerBase.[Tomcat].[localhost].[/] - Initializing Spring embedded WebApplicationContext
2024-08-09 09:01:11.844 [main] INFO  o.s.b.w.s.c.ServletWebServerApplicationContext - Root WebApplicationContext: initialization completed in 4126 ms
2024-08-09 09:01:12.922 [main] INFO  com.zaxxer.hikari.HikariDataSource - master - Starting...
2024-08-09 09:01:13.185 [main] INFO  com.zaxxer.hikari.pool.HikariPool - master - Added connection com.mysql.cj.jdbc.ConnectionImpl@41120e48
2024-08-09 09:01:13.186 [main] INFO  com.zaxxer.hikari.HikariDataSource - master - Start completed.
2024-08-09 09:01:13.187 [main] INFO  c.b.dynamic.datasource.DynamicRoutingDataSource - dynamic-datasource - add a datasource named [master] success
2024-08-09 09:01:13.187 [main] INFO  c.b.dynamic.datasource.DynamicRoutingDataSource - dynamic-datasource initial loaded [1] datasource,primary datasource named [master]
2024-08-09 09:01:15.812 [main] INFO  o.s.s.c.a.a.c.InitializeAuthenticationProviderBeanManagerConfigurer$InitializeAuthenticationProviderManagerConfigurer - Found 3 AuthenticationProvider beans, with names [daoAuthenticationProvider, mobileAuthenticationProvider, thirdAuthenticationProvider]. Global Authentication Manager will not be configured with AuthenticationProviders. Consider publishing a single AuthenticationProvider bean, or wiring your Providers directly using the DSL.
2024-08-09 09:01:15.815 [main] INFO  o.s.s.c.a.a.c.InitializeUserDetailsBeanManagerConfigurer$InitializeUserDetailsManagerConfigurer - Global AuthenticationManager configured with UserDetailsService bean with name userDetailsServiceImpl
2024-08-09 09:01:15.926 [main] INFO  c.alibaba.cloud.sentinel.SentinelWebMvcConfigurer - [Sentinel Starter] register SentinelWebInterceptor with urlPatterns: [/**].
2024-08-09 09:01:16.442 [main] INFO  o.s.b.actuate.endpoint.web.EndpointLinksResolver - Exposing 17 endpoints beneath base path '/actuator'
2024-08-09 09:01:16.808 [main] INFO  com.fhs.common.spring.SpringContextUtil - ------SpringContextUtil setApplicationContext-------
2024-08-09 09:01:17.508 [main] INFO  org.apache.coyote.http11.Http11NioProtocol - Starting ProtocolHandler ["http-nio-8081"]
2024-08-09 09:01:17.519 [main] INFO  o.s.boot.web.embedded.tomcat.TomcatWebServer - Tomcat started on port 8081 (http) with context path '/'
2024-08-09 09:01:17.678 [main] INFO  com.dlshouwen.swda.Application - Started Application in 10.511 seconds (process running for 11.118)
2024-08-09 09:20:14.068 [background-preinit] INFO  org.hibernate.validator.internal.util.Version - HV000001: Hibernate Validator 8.0.1.Final
2024-08-09 09:20:14.112 [main] INFO  com.dlshouwen.swda.Application - Starting Application using Java 17.0.10 with PID 36948 (D:\Workspace\eclipse\dlshouwen\swda-server\swda-app\target\classes started by Milo in D:\Workspace\eclipse\dlshouwen\swda-server\swda-app)
2024-08-09 09:20:14.113 [main] INFO  com.dlshouwen.swda.Application - The following 1 profile is active: "dev"
2024-08-09 09:20:15.753 [main] INFO  o.s.d.r.config.RepositoryConfigurationDelegate - Multiple Spring Data modules found, entering strict repository configuration mode
2024-08-09 09:20:15.754 [main] INFO  o.s.d.r.config.RepositoryConfigurationDelegate - Bootstrapping Spring Data JDBC repositories in DEFAULT mode.
2024-08-09 09:20:15.795 [main] INFO  o.s.d.r.config.RepositoryConfigurationDelegate - Finished Spring Data repository scanning in 36 ms. Found 0 JDBC repository interfaces.
2024-08-09 09:20:15.807 [main] INFO  o.s.d.r.config.RepositoryConfigurationDelegate - Multiple Spring Data modules found, entering strict repository configuration mode
2024-08-09 09:20:15.808 [main] INFO  o.s.d.r.config.RepositoryConfigurationDelegate - Bootstrapping Spring Data Redis repositories in DEFAULT mode.
2024-08-09 09:20:15.834 [main] INFO  o.s.d.r.config.RepositoryConfigurationDelegate - Finished Spring Data repository scanning in 13 ms. Found 0 Redis repository interfaces.
2024-08-09 09:20:16.154 [main] INFO  o.springframework.cloud.context.scope.GenericScope - BeanFactory id=75e42fdc-b6ff-3bd4-869f-3bee6d92f516
2024-08-09 09:20:17.373 [main] INFO  o.s.boot.web.embedded.tomcat.TomcatWebServer - Tomcat initialized with port 8081 (http)
2024-08-09 09:20:17.391 [main] INFO  org.apache.coyote.http11.Http11NioProtocol - Initializing ProtocolHandler ["http-nio-8081"]
2024-08-09 09:20:17.396 [main] INFO  org.apache.catalina.core.StandardService - Starting service [Tomcat]
2024-08-09 09:20:17.396 [main] INFO  org.apache.catalina.core.StandardEngine - Starting Servlet engine: [Apache Tomcat/10.1.25]
2024-08-09 09:20:17.505 [main] INFO  o.a.c.core.ContainerBase.[Tomcat].[localhost].[/] - Initializing Spring embedded WebApplicationContext
2024-08-09 09:20:17.506 [main] INFO  o.s.b.w.s.c.ServletWebServerApplicationContext - Root WebApplicationContext: initialization completed in 3349 ms
2024-08-09 09:20:18.454 [main] INFO  com.zaxxer.hikari.HikariDataSource - master - Starting...
2024-08-09 09:20:18.703 [main] INFO  com.zaxxer.hikari.pool.HikariPool - master - Added connection com.mysql.cj.jdbc.ConnectionImpl@78e4fa1
2024-08-09 09:20:18.705 [main] INFO  com.zaxxer.hikari.HikariDataSource - master - Start completed.
2024-08-09 09:20:18.705 [main] INFO  c.b.dynamic.datasource.DynamicRoutingDataSource - dynamic-datasource - add a datasource named [master] success
2024-08-09 09:20:18.706 [main] INFO  c.b.dynamic.datasource.DynamicRoutingDataSource - dynamic-datasource initial loaded [1] datasource,primary datasource named [master]
2024-08-09 09:20:21.231 [main] INFO  o.s.s.c.a.a.c.InitializeAuthenticationProviderBeanManagerConfigurer$InitializeAuthenticationProviderManagerConfigurer - Found 3 AuthenticationProvider beans, with names [daoAuthenticationProvider, mobileAuthenticationProvider, thirdAuthenticationProvider]. Global Authentication Manager will not be configured with AuthenticationProviders. Consider publishing a single AuthenticationProvider bean, or wiring your Providers directly using the DSL.
2024-08-09 09:20:21.233 [main] INFO  o.s.s.c.a.a.c.InitializeUserDetailsBeanManagerConfigurer$InitializeUserDetailsManagerConfigurer - Global AuthenticationManager configured with UserDetailsService bean with name userDetailsServiceImpl
2024-08-09 09:20:21.366 [main] INFO  c.alibaba.cloud.sentinel.SentinelWebMvcConfigurer - [Sentinel Starter] register SentinelWebInterceptor with urlPatterns: [/**].
2024-08-09 09:20:21.902 [main] INFO  o.s.b.actuate.endpoint.web.EndpointLinksResolver - Exposing 17 endpoints beneath base path '/actuator'
2024-08-09 09:20:22.209 [main] INFO  com.fhs.common.spring.SpringContextUtil - ------SpringContextUtil setApplicationContext-------
2024-08-09 09:20:22.932 [main] INFO  org.apache.coyote.http11.Http11NioProtocol - Starting ProtocolHandler ["http-nio-8081"]
2024-08-09 09:20:23.067 [main] INFO  c.b.dynamic.datasource.DynamicRoutingDataSource - dynamic-datasource start closing ....
2024-08-09 09:20:23.067 [main] INFO  com.zaxxer.hikari.HikariDataSource - master - Shutdown initiated...
2024-08-09 09:20:23.072 [main] INFO  com.zaxxer.hikari.HikariDataSource - master - Shutdown completed.
2024-08-09 09:20:23.073 [main] INFO  c.b.dynamic.datasource.DynamicRoutingDataSource - dynamic-datasource all closed success,bye
2024-08-09 09:20:23.094 [main] INFO  o.s.b.a.logging.ConditionEvaluationReportLogger - 

Error starting ApplicationContext. To display the condition evaluation report re-run your application with 'debug' enabled.
2024-08-09 09:21:47.234 [background-preinit] INFO  org.hibernate.validator.internal.util.Version - HV000001: Hibernate Validator 8.0.1.Final
2024-08-09 09:21:47.281 [main] INFO  com.dlshouwen.swda.Application - Starting Application using Java 17.0.10 with PID 42872 (D:\Workspace\eclipse\dlshouwen\swda-server\swda-app\target\classes started by Milo in D:\Workspace\eclipse\dlshouwen\swda-server\swda-app)
2024-08-09 09:21:47.282 [main] INFO  com.dlshouwen.swda.Application - The following 1 profile is active: "dev"
2024-08-09 09:21:48.999 [main] INFO  o.s.d.r.config.RepositoryConfigurationDelegate - Multiple Spring Data modules found, entering strict repository configuration mode
2024-08-09 09:21:49.000 [main] INFO  o.s.d.r.config.RepositoryConfigurationDelegate - Bootstrapping Spring Data JDBC repositories in DEFAULT mode.
2024-08-09 09:21:49.051 [main] INFO  o.s.d.r.config.RepositoryConfigurationDelegate - Finished Spring Data repository scanning in 45 ms. Found 0 JDBC repository interfaces.
2024-08-09 09:21:49.064 [main] INFO  o.s.d.r.config.RepositoryConfigurationDelegate - Multiple Spring Data modules found, entering strict repository configuration mode
2024-08-09 09:21:49.066 [main] INFO  o.s.d.r.config.RepositoryConfigurationDelegate - Bootstrapping Spring Data Redis repositories in DEFAULT mode.
2024-08-09 09:21:49.087 [main] INFO  o.s.d.r.config.RepositoryConfigurationDelegate - Finished Spring Data repository scanning in 12 ms. Found 0 Redis repository interfaces.
2024-08-09 09:21:49.402 [main] INFO  o.springframework.cloud.context.scope.GenericScope - BeanFactory id=75e42fdc-b6ff-3bd4-869f-3bee6d92f516
2024-08-09 09:21:50.629 [main] INFO  o.s.boot.web.embedded.tomcat.TomcatWebServer - Tomcat initialized with port 8081 (http)
2024-08-09 09:21:50.644 [main] INFO  org.apache.coyote.http11.Http11NioProtocol - Initializing ProtocolHandler ["http-nio-8081"]
2024-08-09 09:21:50.648 [main] INFO  org.apache.catalina.core.StandardService - Starting service [Tomcat]
2024-08-09 09:21:50.648 [main] INFO  org.apache.catalina.core.StandardEngine - Starting Servlet engine: [Apache Tomcat/10.1.25]
2024-08-09 09:21:50.752 [main] INFO  o.a.c.core.ContainerBase.[Tomcat].[localhost].[/] - Initializing Spring embedded WebApplicationContext
2024-08-09 09:21:50.752 [main] INFO  o.s.b.w.s.c.ServletWebServerApplicationContext - Root WebApplicationContext: initialization completed in 3420 ms
2024-08-09 09:21:51.753 [main] INFO  com.zaxxer.hikari.HikariDataSource - master - Starting...
2024-08-09 09:21:51.971 [main] INFO  com.zaxxer.hikari.pool.HikariPool - master - Added connection com.mysql.cj.jdbc.ConnectionImpl@64acf8d2
2024-08-09 09:21:51.973 [main] INFO  com.zaxxer.hikari.HikariDataSource - master - Start completed.
2024-08-09 09:21:51.973 [main] INFO  c.b.dynamic.datasource.DynamicRoutingDataSource - dynamic-datasource - add a datasource named [master] success
2024-08-09 09:21:51.974 [main] INFO  c.b.dynamic.datasource.DynamicRoutingDataSource - dynamic-datasource initial loaded [1] datasource,primary datasource named [master]
2024-08-09 09:21:54.442 [main] INFO  o.s.s.c.a.a.c.InitializeAuthenticationProviderBeanManagerConfigurer$InitializeAuthenticationProviderManagerConfigurer - Found 3 AuthenticationProvider beans, with names [daoAuthenticationProvider, mobileAuthenticationProvider, thirdAuthenticationProvider]. Global Authentication Manager will not be configured with AuthenticationProviders. Consider publishing a single AuthenticationProvider bean, or wiring your Providers directly using the DSL.
2024-08-09 09:21:54.444 [main] INFO  o.s.s.c.a.a.c.InitializeUserDetailsBeanManagerConfigurer$InitializeUserDetailsManagerConfigurer - Global AuthenticationManager configured with UserDetailsService bean with name userDetailsServiceImpl
2024-08-09 09:21:54.559 [main] INFO  c.alibaba.cloud.sentinel.SentinelWebMvcConfigurer - [Sentinel Starter] register SentinelWebInterceptor with urlPatterns: [/**].
2024-08-09 09:21:54.978 [main] INFO  o.s.b.actuate.endpoint.web.EndpointLinksResolver - Exposing 17 endpoints beneath base path '/actuator'
2024-08-09 09:21:55.268 [main] INFO  com.fhs.common.spring.SpringContextUtil - ------SpringContextUtil setApplicationContext-------
2024-08-09 09:21:55.955 [main] INFO  org.apache.coyote.http11.Http11NioProtocol - Starting ProtocolHandler ["http-nio-8081"]
2024-08-09 09:21:55.968 [main] INFO  o.s.boot.web.embedded.tomcat.TomcatWebServer - Tomcat started on port 8081 (http) with context path '/'
2024-08-09 09:21:56.104 [main] INFO  com.dlshouwen.swda.Application - Started Application in 9.389 seconds (process running for 9.987)
2024-08-09 09:22:47.347 [background-preinit] INFO  org.hibernate.validator.internal.util.Version - HV000001: Hibernate Validator 8.0.1.Final
2024-08-09 09:22:47.393 [main] INFO  com.dlshouwen.swda.Application - Starting Application using Java 17.0.10 with PID 39092 (D:\Workspace\eclipse\dlshouwen\swda-server\swda-app\target\classes started by Milo in D:\Workspace\eclipse\dlshouwen\swda-server\swda-app)
2024-08-09 09:22:47.394 [main] INFO  com.dlshouwen.swda.Application - The following 1 profile is active: "dev"
2024-08-09 09:22:49.169 [main] INFO  o.s.d.r.config.RepositoryConfigurationDelegate - Multiple Spring Data modules found, entering strict repository configuration mode
2024-08-09 09:22:49.171 [main] INFO  o.s.d.r.config.RepositoryConfigurationDelegate - Bootstrapping Spring Data JDBC repositories in DEFAULT mode.
2024-08-09 09:22:49.212 [main] INFO  o.s.d.r.config.RepositoryConfigurationDelegate - Finished Spring Data repository scanning in 37 ms. Found 0 JDBC repository interfaces.
2024-08-09 09:22:49.226 [main] INFO  o.s.d.r.config.RepositoryConfigurationDelegate - Multiple Spring Data modules found, entering strict repository configuration mode
2024-08-09 09:22:49.227 [main] INFO  o.s.d.r.config.RepositoryConfigurationDelegate - Bootstrapping Spring Data Redis repositories in DEFAULT mode.
2024-08-09 09:22:49.253 [main] INFO  o.s.d.r.config.RepositoryConfigurationDelegate - Finished Spring Data repository scanning in 14 ms. Found 0 Redis repository interfaces.
2024-08-09 09:22:49.573 [main] INFO  o.springframework.cloud.context.scope.GenericScope - BeanFactory id=75e42fdc-b6ff-3bd4-869f-3bee6d92f516
2024-08-09 09:22:50.849 [main] INFO  o.s.boot.web.embedded.tomcat.TomcatWebServer - Tomcat initialized with port 8081 (http)
2024-08-09 09:22:50.869 [main] INFO  org.apache.coyote.http11.Http11NioProtocol - Initializing ProtocolHandler ["http-nio-8081"]
2024-08-09 09:22:50.871 [main] INFO  org.apache.catalina.core.StandardService - Starting service [Tomcat]
2024-08-09 09:22:50.872 [main] INFO  org.apache.catalina.core.StandardEngine - Starting Servlet engine: [Apache Tomcat/10.1.25]
2024-08-09 09:22:51.000 [main] INFO  o.a.c.core.ContainerBase.[Tomcat].[localhost].[/] - Initializing Spring embedded WebApplicationContext
2024-08-09 09:22:51.001 [main] INFO  o.s.b.w.s.c.ServletWebServerApplicationContext - Root WebApplicationContext: initialization completed in 3564 ms
2024-08-09 09:22:52.002 [main] INFO  com.zaxxer.hikari.HikariDataSource - master - Starting...
2024-08-09 09:22:52.256 [main] INFO  com.zaxxer.hikari.pool.HikariPool - master - Added connection com.mysql.cj.jdbc.ConnectionImpl@3f31892e
2024-08-09 09:22:52.258 [main] INFO  com.zaxxer.hikari.HikariDataSource - master - Start completed.
2024-08-09 09:22:52.260 [main] INFO  c.b.dynamic.datasource.DynamicRoutingDataSource - dynamic-datasource - add a datasource named [master] success
2024-08-09 09:22:52.260 [main] INFO  c.b.dynamic.datasource.DynamicRoutingDataSource - dynamic-datasource initial loaded [1] datasource,primary datasource named [master]
2024-08-09 09:22:54.874 [main] INFO  o.s.s.c.a.a.c.InitializeAuthenticationProviderBeanManagerConfigurer$InitializeAuthenticationProviderManagerConfigurer - Found 3 AuthenticationProvider beans, with names [daoAuthenticationProvider, mobileAuthenticationProvider, thirdAuthenticationProvider]. Global Authentication Manager will not be configured with AuthenticationProviders. Consider publishing a single AuthenticationProvider bean, or wiring your Providers directly using the DSL.
2024-08-09 09:22:54.877 [main] INFO  o.s.s.c.a.a.c.InitializeUserDetailsBeanManagerConfigurer$InitializeUserDetailsManagerConfigurer - Global AuthenticationManager configured with UserDetailsService bean with name userDetailsServiceImpl
2024-08-09 09:22:55.014 [main] INFO  c.alibaba.cloud.sentinel.SentinelWebMvcConfigurer - [Sentinel Starter] register SentinelWebInterceptor with urlPatterns: [/**].
2024-08-09 09:22:55.483 [main] INFO  o.s.b.actuate.endpoint.web.EndpointLinksResolver - Exposing 17 endpoints beneath base path '/actuator'
2024-08-09 09:22:55.738 [main] INFO  com.fhs.common.spring.SpringContextUtil - ------SpringContextUtil setApplicationContext-------
2024-08-09 09:22:56.401 [main] INFO  org.apache.coyote.http11.Http11NioProtocol - Starting ProtocolHandler ["http-nio-8081"]
2024-08-09 09:22:56.413 [main] INFO  o.s.boot.web.embedded.tomcat.TomcatWebServer - Tomcat started on port 8081 (http) with context path '/'
2024-08-09 09:22:56.561 [main] INFO  com.dlshouwen.swda.Application - Started Application in 9.696 seconds (process running for 10.256)
2024-08-09 09:34:30.725 [background-preinit] INFO  org.hibernate.validator.internal.util.Version - HV000001: Hibernate Validator 8.0.1.Final
2024-08-09 09:34:30.770 [main] INFO  com.dlshouwen.swda.Application - Starting Application using Java 17.0.10 with PID 18576 (D:\Workspace\eclipse\dlshouwen\swda-server\swda-app\target\classes started by Milo in D:\Workspace\eclipse\dlshouwen\swda-server\swda-app)
2024-08-09 09:34:30.772 [main] INFO  com.dlshouwen.swda.Application - The following 1 profile is active: "dev"
2024-08-09 09:34:32.487 [main] INFO  o.s.d.r.config.RepositoryConfigurationDelegate - Multiple Spring Data modules found, entering strict repository configuration mode
2024-08-09 09:34:32.488 [main] INFO  o.s.d.r.config.RepositoryConfigurationDelegate - Bootstrapping Spring Data JDBC repositories in DEFAULT mode.
2024-08-09 09:34:32.531 [main] INFO  o.s.d.r.config.RepositoryConfigurationDelegate - Finished Spring Data repository scanning in 38 ms. Found 0 JDBC repository interfaces.
2024-08-09 09:34:32.543 [main] INFO  o.s.d.r.config.RepositoryConfigurationDelegate - Multiple Spring Data modules found, entering strict repository configuration mode
2024-08-09 09:34:32.544 [main] INFO  o.s.d.r.config.RepositoryConfigurationDelegate - Bootstrapping Spring Data Redis repositories in DEFAULT mode.
2024-08-09 09:34:32.568 [main] INFO  o.s.d.r.config.RepositoryConfigurationDelegate - Finished Spring Data repository scanning in 12 ms. Found 0 Redis repository interfaces.
2024-08-09 09:34:32.871 [main] INFO  o.springframework.cloud.context.scope.GenericScope - BeanFactory id=75e42fdc-b6ff-3bd4-869f-3bee6d92f516
2024-08-09 09:34:33.959 [main] INFO  o.s.boot.web.embedded.tomcat.TomcatWebServer - Tomcat initialized with port 8081 (http)
2024-08-09 09:34:33.976 [main] INFO  org.apache.coyote.http11.Http11NioProtocol - Initializing ProtocolHandler ["http-nio-8081"]
2024-08-09 09:34:33.979 [main] INFO  org.apache.catalina.core.StandardService - Starting service [Tomcat]
2024-08-09 09:34:33.979 [main] INFO  org.apache.catalina.core.StandardEngine - Starting Servlet engine: [Apache Tomcat/10.1.25]
2024-08-09 09:34:34.096 [main] INFO  o.a.c.core.ContainerBase.[Tomcat].[localhost].[/] - Initializing Spring embedded WebApplicationContext
2024-08-09 09:34:34.097 [main] INFO  o.s.b.w.s.c.ServletWebServerApplicationContext - Root WebApplicationContext: initialization completed in 3279 ms
2024-08-09 09:34:35.077 [main] INFO  com.zaxxer.hikari.HikariDataSource - master - Starting...
2024-08-09 09:34:35.335 [main] INFO  com.zaxxer.hikari.pool.HikariPool - master - Added connection com.mysql.cj.jdbc.ConnectionImpl@5192b301
2024-08-09 09:34:35.337 [main] INFO  com.zaxxer.hikari.HikariDataSource - master - Start completed.
2024-08-09 09:34:35.338 [main] INFO  c.b.dynamic.datasource.DynamicRoutingDataSource - dynamic-datasource - add a datasource named [master] success
2024-08-09 09:34:35.338 [main] INFO  c.b.dynamic.datasource.DynamicRoutingDataSource - dynamic-datasource initial loaded [1] datasource,primary datasource named [master]
2024-08-09 09:34:37.934 [main] INFO  o.s.s.c.a.a.c.InitializeAuthenticationProviderBeanManagerConfigurer$InitializeAuthenticationProviderManagerConfigurer - Found 3 AuthenticationProvider beans, with names [daoAuthenticationProvider, mobileAuthenticationProvider, thirdAuthenticationProvider]. Global Authentication Manager will not be configured with AuthenticationProviders. Consider publishing a single AuthenticationProvider bean, or wiring your Providers directly using the DSL.
2024-08-09 09:34:37.938 [main] INFO  o.s.s.c.a.a.c.InitializeUserDetailsBeanManagerConfigurer$InitializeUserDetailsManagerConfigurer - Global AuthenticationManager configured with UserDetailsService bean with name userDetailsServiceImpl
2024-08-09 09:34:38.076 [main] INFO  c.alibaba.cloud.sentinel.SentinelWebMvcConfigurer - [Sentinel Starter] register SentinelWebInterceptor with urlPatterns: [/**].
2024-08-09 09:34:38.583 [main] INFO  o.s.b.actuate.endpoint.web.EndpointLinksResolver - Exposing 17 endpoints beneath base path '/actuator'
2024-08-09 09:34:38.878 [main] INFO  com.fhs.common.spring.SpringContextUtil - ------SpringContextUtil setApplicationContext-------
2024-08-09 09:34:39.554 [main] INFO  org.apache.coyote.http11.Http11NioProtocol - Starting ProtocolHandler ["http-nio-8081"]
2024-08-09 09:34:39.562 [main] INFO  o.s.boot.web.embedded.tomcat.TomcatWebServer - Tomcat started on port 8081 (http) with context path '/'
2024-08-09 09:34:39.689 [main] INFO  com.dlshouwen.swda.Application - Started Application in 9.448 seconds (process running for 10.024)
2024-08-09 09:37:52.766 [background-preinit] INFO  org.hibernate.validator.internal.util.Version - HV000001: Hibernate Validator 8.0.1.Final
2024-08-09 09:37:52.818 [main] INFO  com.dlshouwen.swda.Application - Starting Application using Java 17.0.10 with PID 3116 (D:\Workspace\eclipse\dlshouwen\swda-server\swda-app\target\classes started by Milo in D:\Workspace\eclipse\dlshouwen\swda-server\swda-app)
2024-08-09 09:37:52.819 [main] INFO  com.dlshouwen.swda.Application - The following 1 profile is active: "dev"
2024-08-09 09:37:54.568 [main] INFO  o.s.d.r.config.RepositoryConfigurationDelegate - Multiple Spring Data modules found, entering strict repository configuration mode
2024-08-09 09:37:54.569 [main] INFO  o.s.d.r.config.RepositoryConfigurationDelegate - Bootstrapping Spring Data JDBC repositories in DEFAULT mode.
2024-08-09 09:37:54.605 [main] INFO  o.s.d.r.config.RepositoryConfigurationDelegate - Finished Spring Data repository scanning in 32 ms. Found 0 JDBC repository interfaces.
2024-08-09 09:37:54.616 [main] INFO  o.s.d.r.config.RepositoryConfigurationDelegate - Multiple Spring Data modules found, entering strict repository configuration mode
2024-08-09 09:37:54.617 [main] INFO  o.s.d.r.config.RepositoryConfigurationDelegate - Bootstrapping Spring Data Redis repositories in DEFAULT mode.
2024-08-09 09:37:54.637 [main] INFO  o.s.d.r.config.RepositoryConfigurationDelegate - Finished Spring Data repository scanning in 12 ms. Found 0 Redis repository interfaces.
2024-08-09 09:37:54.964 [main] INFO  o.springframework.cloud.context.scope.GenericScope - BeanFactory id=75e42fdc-b6ff-3bd4-869f-3bee6d92f516
2024-08-09 09:37:56.106 [main] INFO  o.s.boot.web.embedded.tomcat.TomcatWebServer - Tomcat initialized with port 8081 (http)
2024-08-09 09:37:56.122 [main] INFO  org.apache.coyote.http11.Http11NioProtocol - Initializing ProtocolHandler ["http-nio-8081"]
2024-08-09 09:37:56.125 [main] INFO  org.apache.catalina.core.StandardService - Starting service [Tomcat]
2024-08-09 09:37:56.126 [main] INFO  org.apache.catalina.core.StandardEngine - Starting Servlet engine: [Apache Tomcat/10.1.25]
2024-08-09 09:37:56.225 [main] INFO  o.a.c.core.ContainerBase.[Tomcat].[localhost].[/] - Initializing Spring embedded WebApplicationContext
2024-08-09 09:37:56.225 [main] INFO  o.s.b.w.s.c.ServletWebServerApplicationContext - Root WebApplicationContext: initialization completed in 3363 ms
2024-08-09 09:37:57.177 [main] INFO  com.zaxxer.hikari.HikariDataSource - master - Starting...
2024-08-09 09:37:57.397 [main] INFO  com.zaxxer.hikari.pool.HikariPool - master - Added connection com.mysql.cj.jdbc.ConnectionImpl@4d071e4b
2024-08-09 09:37:57.399 [main] INFO  com.zaxxer.hikari.HikariDataSource - master - Start completed.
2024-08-09 09:37:57.399 [main] INFO  c.b.dynamic.datasource.DynamicRoutingDataSource - dynamic-datasource - add a datasource named [master] success
2024-08-09 09:37:57.400 [main] INFO  c.b.dynamic.datasource.DynamicRoutingDataSource - dynamic-datasource initial loaded [1] datasource,primary datasource named [master]
2024-08-09 09:37:59.858 [main] INFO  o.s.s.c.a.a.c.InitializeAuthenticationProviderBeanManagerConfigurer$InitializeAuthenticationProviderManagerConfigurer - Found 3 AuthenticationProvider beans, with names [daoAuthenticationProvider, mobileAuthenticationProvider, thirdAuthenticationProvider]. Global Authentication Manager will not be configured with AuthenticationProviders. Consider publishing a single AuthenticationProvider bean, or wiring your Providers directly using the DSL.
2024-08-09 09:37:59.861 [main] INFO  o.s.s.c.a.a.c.InitializeUserDetailsBeanManagerConfigurer$InitializeUserDetailsManagerConfigurer - Global AuthenticationManager configured with UserDetailsService bean with name userDetailsServiceImpl
2024-08-09 09:38:00.031 [main] INFO  c.alibaba.cloud.sentinel.SentinelWebMvcConfigurer - [Sentinel Starter] register SentinelWebInterceptor with urlPatterns: [/**].
2024-08-09 09:38:00.510 [main] INFO  o.s.b.actuate.endpoint.web.EndpointLinksResolver - Exposing 17 endpoints beneath base path '/actuator'
2024-08-09 09:38:00.794 [main] INFO  com.fhs.common.spring.SpringContextUtil - ------SpringContextUtil setApplicationContext-------
2024-08-09 09:38:01.539 [main] INFO  org.apache.coyote.http11.Http11NioProtocol - Starting ProtocolHandler ["http-nio-8081"]
2024-08-09 09:38:01.550 [main] INFO  o.s.boot.web.embedded.tomcat.TomcatWebServer - Tomcat started on port 8081 (http) with context path '/'
2024-08-09 09:38:01.687 [main] INFO  com.dlshouwen.swda.Application - Started Application in 9.404 seconds (process running for 9.963)
2024-08-09 09:40:12.776 [background-preinit] INFO  org.hibernate.validator.internal.util.Version - HV000001: Hibernate Validator 8.0.1.Final
2024-08-09 09:40:12.820 [main] INFO  com.dlshouwen.swda.Application - Starting Application using Java 17.0.10 with PID 23492 (D:\Workspace\eclipse\dlshouwen\swda-server\swda-app\target\classes started by Milo in D:\Workspace\eclipse\dlshouwen\swda-server\swda-app)
2024-08-09 09:40:12.821 [main] INFO  com.dlshouwen.swda.Application - The following 1 profile is active: "dev"
2024-08-09 09:40:14.540 [main] INFO  o.s.d.r.config.RepositoryConfigurationDelegate - Multiple Spring Data modules found, entering strict repository configuration mode
2024-08-09 09:40:14.541 [main] INFO  o.s.d.r.config.RepositoryConfigurationDelegate - Bootstrapping Spring Data JDBC repositories in DEFAULT mode.
2024-08-09 09:40:14.582 [main] INFO  o.s.d.r.config.RepositoryConfigurationDelegate - Finished Spring Data repository scanning in 37 ms. Found 0 JDBC repository interfaces.
2024-08-09 09:40:14.595 [main] INFO  o.s.d.r.config.RepositoryConfigurationDelegate - Multiple Spring Data modules found, entering strict repository configuration mode
2024-08-09 09:40:14.597 [main] INFO  o.s.d.r.config.RepositoryConfigurationDelegate - Bootstrapping Spring Data Redis repositories in DEFAULT mode.
2024-08-09 09:40:14.619 [main] INFO  o.s.d.r.config.RepositoryConfigurationDelegate - Finished Spring Data repository scanning in 13 ms. Found 0 Redis repository interfaces.
2024-08-09 09:40:14.917 [main] INFO  o.springframework.cloud.context.scope.GenericScope - BeanFactory id=75e42fdc-b6ff-3bd4-869f-3bee6d92f516
2024-08-09 09:40:16.029 [main] INFO  o.s.boot.web.embedded.tomcat.TomcatWebServer - Tomcat initialized with port 8081 (http)
2024-08-09 09:40:16.050 [main] INFO  org.apache.coyote.http11.Http11NioProtocol - Initializing ProtocolHandler ["http-nio-8081"]
2024-08-09 09:40:16.053 [main] INFO  org.apache.catalina.core.StandardService - Starting service [Tomcat]
2024-08-09 09:40:16.054 [main] INFO  org.apache.catalina.core.StandardEngine - Starting Servlet engine: [Apache Tomcat/10.1.25]
2024-08-09 09:40:16.185 [main] INFO  o.a.c.core.ContainerBase.[Tomcat].[localhost].[/] - Initializing Spring embedded WebApplicationContext
2024-08-09 09:40:16.185 [main] INFO  o.s.b.w.s.c.ServletWebServerApplicationContext - Root WebApplicationContext: initialization completed in 3320 ms
2024-08-09 09:40:17.124 [main] INFO  com.zaxxer.hikari.HikariDataSource - master - Starting...
2024-08-09 09:40:17.389 [main] INFO  com.zaxxer.hikari.pool.HikariPool - master - Added connection com.mysql.cj.jdbc.ConnectionImpl@3f31892e
2024-08-09 09:40:17.392 [main] INFO  com.zaxxer.hikari.HikariDataSource - master - Start completed.
2024-08-09 09:40:17.393 [main] INFO  c.b.dynamic.datasource.DynamicRoutingDataSource - dynamic-datasource - add a datasource named [master] success
2024-08-09 09:40:17.393 [main] INFO  c.b.dynamic.datasource.DynamicRoutingDataSource - dynamic-datasource initial loaded [1] datasource,primary datasource named [master]
2024-08-09 09:40:20.066 [main] INFO  o.s.s.c.a.a.c.InitializeAuthenticationProviderBeanManagerConfigurer$InitializeAuthenticationProviderManagerConfigurer - Found 3 AuthenticationProvider beans, with names [daoAuthenticationProvider, mobileAuthenticationProvider, thirdAuthenticationProvider]. Global Authentication Manager will not be configured with AuthenticationProviders. Consider publishing a single AuthenticationProvider bean, or wiring your Providers directly using the DSL.
2024-08-09 09:40:20.068 [main] INFO  o.s.s.c.a.a.c.InitializeUserDetailsBeanManagerConfigurer$InitializeUserDetailsManagerConfigurer - Global AuthenticationManager configured with UserDetailsService bean with name userDetailsServiceImpl
2024-08-09 09:40:20.213 [main] INFO  c.alibaba.cloud.sentinel.SentinelWebMvcConfigurer - [Sentinel Starter] register SentinelWebInterceptor with urlPatterns: [/**].
2024-08-09 09:40:20.709 [main] INFO  o.s.b.actuate.endpoint.web.EndpointLinksResolver - Exposing 17 endpoints beneath base path '/actuator'
2024-08-09 09:40:21.094 [main] INFO  com.fhs.common.spring.SpringContextUtil - ------SpringContextUtil setApplicationContext-------
2024-08-09 09:40:21.813 [main] INFO  org.apache.coyote.http11.Http11NioProtocol - Starting ProtocolHandler ["http-nio-8081"]
2024-08-09 09:40:21.824 [main] INFO  o.s.boot.web.embedded.tomcat.TomcatWebServer - Tomcat started on port 8081 (http) with context path '/'
2024-08-09 09:40:21.970 [main] INFO  com.dlshouwen.swda.Application - Started Application in 9.696 seconds (process running for 10.271)
2024-08-09 10:15:59.080 [background-preinit] INFO  org.hibernate.validator.internal.util.Version - HV000001: Hibernate Validator 8.0.1.Final
2024-08-09 10:15:59.130 [main] INFO  com.dlshouwen.swda.Application - Starting Application using Java 17.0.10 with PID 43776 (D:\Workspace\eclipse\dlshouwen\swda-server\swda-app\target\classes started by Milo in D:\Workspace\eclipse\dlshouwen\swda-server\swda-app)
2024-08-09 10:15:59.131 [main] INFO  com.dlshouwen.swda.Application - The following 1 profile is active: "dev"
2024-08-09 10:16:01.085 [main] INFO  o.s.d.r.config.RepositoryConfigurationDelegate - Multiple Spring Data modules found, entering strict repository configuration mode
2024-08-09 10:16:01.087 [main] INFO  o.s.d.r.config.RepositoryConfigurationDelegate - Bootstrapping Spring Data JDBC repositories in DEFAULT mode.
2024-08-09 10:16:01.141 [main] INFO  o.s.d.r.config.RepositoryConfigurationDelegate - Finished Spring Data repository scanning in 48 ms. Found 0 JDBC repository interfaces.
2024-08-09 10:16:01.157 [main] INFO  o.s.d.r.config.RepositoryConfigurationDelegate - Multiple Spring Data modules found, entering strict repository configuration mode
2024-08-09 10:16:01.158 [main] INFO  o.s.d.r.config.RepositoryConfigurationDelegate - Bootstrapping Spring Data Redis repositories in DEFAULT mode.
2024-08-09 10:16:01.182 [main] INFO  o.s.d.r.config.RepositoryConfigurationDelegate - Finished Spring Data repository scanning in 14 ms. Found 0 Redis repository interfaces.
2024-08-09 10:16:01.529 [main] INFO  o.springframework.cloud.context.scope.GenericScope - BeanFactory id=75e42fdc-b6ff-3bd4-869f-3bee6d92f516
2024-08-09 10:16:02.846 [main] INFO  o.s.boot.web.embedded.tomcat.TomcatWebServer - Tomcat initialized with port 8081 (http)
2024-08-09 10:16:02.868 [main] INFO  org.apache.coyote.http11.Http11NioProtocol - Initializing ProtocolHandler ["http-nio-8081"]
2024-08-09 10:16:02.872 [main] INFO  org.apache.catalina.core.StandardService - Starting service [Tomcat]
2024-08-09 10:16:02.872 [main] INFO  org.apache.catalina.core.StandardEngine - Starting Servlet engine: [Apache Tomcat/10.1.25]
2024-08-09 10:16:02.977 [main] INFO  o.a.c.core.ContainerBase.[Tomcat].[localhost].[/] - Initializing Spring embedded WebApplicationContext
2024-08-09 10:16:02.977 [main] INFO  o.s.b.w.s.c.ServletWebServerApplicationContext - Root WebApplicationContext: initialization completed in 3804 ms
2024-08-09 10:16:04.157 [main] INFO  com.zaxxer.hikari.HikariDataSource - master - Starting...
2024-08-09 10:16:04.464 [main] INFO  com.zaxxer.hikari.pool.HikariPool - master - Added connection com.mysql.cj.jdbc.ConnectionImpl@73c6ae15
2024-08-09 10:16:04.467 [main] INFO  com.zaxxer.hikari.HikariDataSource - master - Start completed.
2024-08-09 10:16:04.468 [main] INFO  c.b.dynamic.datasource.DynamicRoutingDataSource - dynamic-datasource - add a datasource named [master] success
2024-08-09 10:16:04.468 [main] INFO  c.b.dynamic.datasource.DynamicRoutingDataSource - dynamic-datasource initial loaded [1] datasource,primary datasource named [master]
2024-08-09 10:16:07.755 [main] INFO  o.s.s.c.a.a.c.InitializeAuthenticationProviderBeanManagerConfigurer$InitializeAuthenticationProviderManagerConfigurer - Found 3 AuthenticationProvider beans, with names [daoAuthenticationProvider, mobileAuthenticationProvider, thirdAuthenticationProvider]. Global Authentication Manager will not be configured with AuthenticationProviders. Consider publishing a single AuthenticationProvider bean, or wiring your Providers directly using the DSL.
2024-08-09 10:16:07.757 [main] INFO  o.s.s.c.a.a.c.InitializeUserDetailsBeanManagerConfigurer$InitializeUserDetailsManagerConfigurer - Global AuthenticationManager configured with UserDetailsService bean with name userDetailsServiceImpl
2024-08-09 10:16:07.886 [main] INFO  c.alibaba.cloud.sentinel.SentinelWebMvcConfigurer - [Sentinel Starter] register SentinelWebInterceptor with urlPatterns: [/**].
2024-08-09 10:16:08.420 [main] INFO  o.s.b.actuate.endpoint.web.EndpointLinksResolver - Exposing 17 endpoints beneath base path '/actuator'
2024-08-09 10:16:08.727 [main] INFO  com.fhs.common.spring.SpringContextUtil - ------SpringContextUtil setApplicationContext-------
2024-08-09 10:16:09.529 [main] INFO  org.apache.coyote.http11.Http11NioProtocol - Starting ProtocolHandler ["http-nio-8081"]
2024-08-09 10:16:09.543 [main] INFO  o.s.boot.web.embedded.tomcat.TomcatWebServer - Tomcat started on port 8081 (http) with context path '/'
2024-08-09 10:16:09.680 [main] INFO  com.dlshouwen.swda.Application - Started Application in 11.134 seconds (process running for 11.845)
2024-08-09 10:18:38.520 [background-preinit] INFO  org.hibernate.validator.internal.util.Version - HV000001: Hibernate Validator 8.0.1.Final
2024-08-09 10:18:38.575 [main] INFO  com.dlshouwen.swda.Application - Starting Application using Java 17.0.10 with PID 39140 (D:\Workspace\eclipse\dlshouwen\swda-server\swda-app\target\classes started by Milo in D:\Workspace\eclipse\dlshouwen\swda-server\swda-app)
2024-08-09 10:18:38.576 [main] INFO  com.dlshouwen.swda.Application - The following 1 profile is active: "dev"
2024-08-09 10:18:40.699 [main] INFO  o.s.d.r.config.RepositoryConfigurationDelegate - Multiple Spring Data modules found, entering strict repository configuration mode
2024-08-09 10:18:40.701 [main] INFO  o.s.d.r.config.RepositoryConfigurationDelegate - Bootstrapping Spring Data JDBC repositories in DEFAULT mode.
2024-08-09 10:18:40.751 [main] INFO  o.s.d.r.config.RepositoryConfigurationDelegate - Finished Spring Data repository scanning in 44 ms. Found 0 JDBC repository interfaces.
2024-08-09 10:18:40.767 [main] INFO  o.s.d.r.config.RepositoryConfigurationDelegate - Multiple Spring Data modules found, entering strict repository configuration mode
2024-08-09 10:18:40.769 [main] INFO  o.s.d.r.config.RepositoryConfigurationDelegate - Bootstrapping Spring Data Redis repositories in DEFAULT mode.
2024-08-09 10:18:40.795 [main] INFO  o.s.d.r.config.RepositoryConfigurationDelegate - Finished Spring Data repository scanning in 17 ms. Found 0 Redis repository interfaces.
2024-08-09 10:18:41.173 [main] INFO  o.springframework.cloud.context.scope.GenericScope - BeanFactory id=75e42fdc-b6ff-3bd4-869f-3bee6d92f516
2024-08-09 10:18:42.628 [main] INFO  o.s.boot.web.embedded.tomcat.TomcatWebServer - Tomcat initialized with port 8081 (http)
2024-08-09 10:18:42.645 [main] INFO  org.apache.coyote.http11.Http11NioProtocol - Initializing ProtocolHandler ["http-nio-8081"]
2024-08-09 10:18:42.648 [main] INFO  org.apache.catalina.core.StandardService - Starting service [Tomcat]
2024-08-09 10:18:42.648 [main] INFO  org.apache.catalina.core.StandardEngine - Starting Servlet engine: [Apache Tomcat/10.1.25]
2024-08-09 10:18:42.761 [main] INFO  o.a.c.core.ContainerBase.[Tomcat].[localhost].[/] - Initializing Spring embedded WebApplicationContext
2024-08-09 10:18:42.762 [main] INFO  o.s.b.w.s.c.ServletWebServerApplicationContext - Root WebApplicationContext: initialization completed in 4112 ms
2024-08-09 10:18:43.978 [main] INFO  com.zaxxer.hikari.HikariDataSource - master - Starting...
2024-08-09 10:18:44.256 [main] INFO  com.zaxxer.hikari.pool.HikariPool - master - Added connection com.mysql.cj.jdbc.ConnectionImpl@5923210
2024-08-09 10:18:44.259 [main] INFO  com.zaxxer.hikari.HikariDataSource - master - Start completed.
2024-08-09 10:18:44.260 [main] INFO  c.b.dynamic.datasource.DynamicRoutingDataSource - dynamic-datasource - add a datasource named [master] success
2024-08-09 10:18:44.261 [main] INFO  c.b.dynamic.datasource.DynamicRoutingDataSource - dynamic-datasource initial loaded [1] datasource,primary datasource named [master]
2024-08-09 10:18:47.802 [main] INFO  o.s.s.c.a.a.c.InitializeAuthenticationProviderBeanManagerConfigurer$InitializeAuthenticationProviderManagerConfigurer - Found 3 AuthenticationProvider beans, with names [daoAuthenticationProvider, mobileAuthenticationProvider, thirdAuthenticationProvider]. Global Authentication Manager will not be configured with AuthenticationProviders. Consider publishing a single AuthenticationProvider bean, or wiring your Providers directly using the DSL.
2024-08-09 10:18:47.807 [main] INFO  o.s.s.c.a.a.c.InitializeUserDetailsBeanManagerConfigurer$InitializeUserDetailsManagerConfigurer - Global AuthenticationManager configured with UserDetailsService bean with name userDetailsServiceImpl
2024-08-09 10:18:47.969 [main] INFO  c.alibaba.cloud.sentinel.SentinelWebMvcConfigurer - [Sentinel Starter] register SentinelWebInterceptor with urlPatterns: [/**].
2024-08-09 10:18:48.706 [main] INFO  o.s.b.actuate.endpoint.web.EndpointLinksResolver - Exposing 17 endpoints beneath base path '/actuator'
2024-08-09 10:18:49.043 [main] INFO  com.fhs.common.spring.SpringContextUtil - ------SpringContextUtil setApplicationContext-------
2024-08-09 10:18:49.847 [main] INFO  org.apache.coyote.http11.Http11NioProtocol - Starting ProtocolHandler ["http-nio-8081"]
2024-08-09 10:18:49.861 [main] INFO  o.s.boot.web.embedded.tomcat.TomcatWebServer - Tomcat started on port 8081 (http) with context path '/'
2024-08-09 10:18:50.018 [main] INFO  com.dlshouwen.swda.Application - Started Application in 12.051 seconds (process running for 12.698)
2024-08-09 10:24:39.617 [background-preinit] INFO  org.hibernate.validator.internal.util.Version - HV000001: Hibernate Validator 8.0.1.Final
2024-08-09 10:24:39.666 [main] INFO  com.dlshouwen.swda.Application - Starting Application using Java 17.0.10 with PID 31564 (D:\Workspace\eclipse\dlshouwen\swda-server\swda-app\target\classes started by Milo in D:\Workspace\eclipse\dlshouwen\swda-server\swda-app)
2024-08-09 10:24:39.667 [main] INFO  com.dlshouwen.swda.Application - The following 1 profile is active: "dev"
2024-08-09 10:24:41.731 [main] INFO  o.s.d.r.config.RepositoryConfigurationDelegate - Multiple Spring Data modules found, entering strict repository configuration mode
2024-08-09 10:24:41.732 [main] INFO  o.s.d.r.config.RepositoryConfigurationDelegate - Bootstrapping Spring Data JDBC repositories in DEFAULT mode.
2024-08-09 10:24:41.777 [main] INFO  o.s.d.r.config.RepositoryConfigurationDelegate - Finished Spring Data repository scanning in 40 ms. Found 0 JDBC repository interfaces.
2024-08-09 10:24:41.790 [main] INFO  o.s.d.r.config.RepositoryConfigurationDelegate - Multiple Spring Data modules found, entering strict repository configuration mode
2024-08-09 10:24:41.791 [main] INFO  o.s.d.r.config.RepositoryConfigurationDelegate - Bootstrapping Spring Data Redis repositories in DEFAULT mode.
2024-08-09 10:24:41.819 [main] INFO  o.s.d.r.config.RepositoryConfigurationDelegate - Finished Spring Data repository scanning in 18 ms. Found 0 Redis repository interfaces.
2024-08-09 10:24:42.156 [main] INFO  o.springframework.cloud.context.scope.GenericScope - BeanFactory id=75e42fdc-b6ff-3bd4-869f-3bee6d92f516
2024-08-09 10:24:43.675 [main] INFO  o.s.boot.web.embedded.tomcat.TomcatWebServer - Tomcat initialized with port 8081 (http)
2024-08-09 10:24:43.693 [main] INFO  org.apache.coyote.http11.Http11NioProtocol - Initializing ProtocolHandler ["http-nio-8081"]
2024-08-09 10:24:43.697 [main] INFO  org.apache.catalina.core.StandardService - Starting service [Tomcat]
2024-08-09 10:24:43.698 [main] INFO  org.apache.catalina.core.StandardEngine - Starting Servlet engine: [Apache Tomcat/10.1.25]
2024-08-09 10:24:43.825 [main] INFO  o.a.c.core.ContainerBase.[Tomcat].[localhost].[/] - Initializing Spring embedded WebApplicationContext
2024-08-09 10:24:43.826 [main] INFO  o.s.b.w.s.c.ServletWebServerApplicationContext - Root WebApplicationContext: initialization completed in 4117 ms
2024-08-09 10:24:45.053 [main] INFO  com.zaxxer.hikari.HikariDataSource - master - Starting...
2024-08-09 10:24:45.344 [main] INFO  com.zaxxer.hikari.pool.HikariPool - master - Added connection com.mysql.cj.jdbc.ConnectionImpl@78e4fa1
2024-08-09 10:24:45.347 [main] INFO  com.zaxxer.hikari.HikariDataSource - master - Start completed.
2024-08-09 10:24:45.348 [main] INFO  c.b.dynamic.datasource.DynamicRoutingDataSource - dynamic-datasource - add a datasource named [master] success
2024-08-09 10:24:45.349 [main] INFO  c.b.dynamic.datasource.DynamicRoutingDataSource - dynamic-datasource initial loaded [1] datasource,primary datasource named [master]
2024-08-09 10:24:48.562 [main] INFO  o.s.s.c.a.a.c.InitializeAuthenticationProviderBeanManagerConfigurer$InitializeAuthenticationProviderManagerConfigurer - Found 3 AuthenticationProvider beans, with names [daoAuthenticationProvider, mobileAuthenticationProvider, thirdAuthenticationProvider]. Global Authentication Manager will not be configured with AuthenticationProviders. Consider publishing a single AuthenticationProvider bean, or wiring your Providers directly using the DSL.
2024-08-09 10:24:48.563 [main] INFO  o.s.s.c.a.a.c.InitializeUserDetailsBeanManagerConfigurer$InitializeUserDetailsManagerConfigurer - Global AuthenticationManager configured with UserDetailsService bean with name userDetailsServiceImpl
2024-08-09 10:24:48.698 [main] INFO  c.alibaba.cloud.sentinel.SentinelWebMvcConfigurer - [Sentinel Starter] register SentinelWebInterceptor with urlPatterns: [/**].
2024-08-09 10:24:49.277 [main] INFO  o.s.b.actuate.endpoint.web.EndpointLinksResolver - Exposing 17 endpoints beneath base path '/actuator'
2024-08-09 10:24:49.589 [main] INFO  com.fhs.common.spring.SpringContextUtil - ------SpringContextUtil setApplicationContext-------
2024-08-09 10:24:50.343 [main] INFO  org.apache.coyote.http11.Http11NioProtocol - Starting ProtocolHandler ["http-nio-8081"]
2024-08-09 10:24:50.359 [main] INFO  o.s.boot.web.embedded.tomcat.TomcatWebServer - Tomcat started on port 8081 (http) with context path '/'
2024-08-09 10:24:50.504 [main] INFO  com.dlshouwen.swda.Application - Started Application in 11.433 seconds (process running for 12.085)
2024-08-09 10:30:09.884 [http-nio-8081-exec-1] INFO  o.a.c.core.ContainerBase.[Tomcat].[localhost].[/] - Initializing Spring DispatcherServlet 'dispatcherServlet'
2024-08-09 10:30:09.884 [http-nio-8081-exec-1] INFO  org.springframework.web.servlet.DispatcherServlet - Initializing Servlet 'dispatcherServlet'
2024-08-09 10:30:09.888 [http-nio-8081-exec-1] INFO  org.springframework.web.servlet.DispatcherServlet - Completed initialization in 4 ms
2024-08-09 10:30:12.458 [http-nio-8081-exec-10] INFO  org.springdoc.api.AbstractOpenApiResource - Init duration for springdoc-openapi is: 1220 ms
