2025-04-27 06:54:13.146 [main] WARN  o.s.c.s.PostProcessorRegistrationDelegate$BeanPostProcessorChecker - Bean 'spring.datasource.dynamic-com.baomidou.dynamic.datasource.spring.boot.autoconfigure.DynamicDataSourceProperties' of type [com.baomidou.dynamic.datasource.spring.boot.autoconfigure.DynamicDataSourceProperties] is not eligible for getting processed by all BeanPostProcessors (for example: not eligible for auto-proxying). Is this bean getting eagerly injected into a currently created BeanPostProcessor [meterRegistryPostProcessor]? Check the corresponding BeanPostProcessor declaration and its dependencies.
2025-04-27 06:54:13.156 [main] WARN  o.s.c.s.PostProcessorRegistrationDelegate$BeanPostProcessorChecker - Bean 'com.baomidou.dynamic.datasource.spring.boot.autoconfigure.DynamicDataSourceAopConfiguration' of type [com.baomidou.dynamic.datasource.spring.boot.autoconfigure.DynamicDataSourceAopConfiguration$$SpringCGLIB$$0] is not eligible for getting processed by all BeanPostProcessors (for example: not eligible for auto-proxying). Is this bean getting eagerly injected into a currently created BeanPostProcessor [meterRegistryPostProcessor]? Check the corresponding BeanPostProcessor declaration and its dependencies.
2025-04-27 06:54:13.167 [main] WARN  o.s.c.s.PostProcessorRegistrationDelegate$BeanPostProcessorChecker - Bean 'dsProcessor' of type [com.baomidou.dynamic.datasource.processor.DsJakartaHeaderProcessor] is not eligible for getting processed by all BeanPostProcessors (for example: not eligible for auto-proxying). Is this bean getting eagerly injected into a currently created BeanPostProcessor [meterRegistryPostProcessor]? Check the corresponding BeanPostProcessor declaration and its dependencies.
2025-04-27 07:35:34.719 [main] WARN  o.s.c.s.PostProcessorRegistrationDelegate$BeanPostProcessorChecker - Bean 'spring.datasource.dynamic-com.baomidou.dynamic.datasource.spring.boot.autoconfigure.DynamicDataSourceProperties' of type [com.baomidou.dynamic.datasource.spring.boot.autoconfigure.DynamicDataSourceProperties] is not eligible for getting processed by all BeanPostProcessors (for example: not eligible for auto-proxying). Is this bean getting eagerly injected into a currently created BeanPostProcessor [meterRegistryPostProcessor]? Check the corresponding BeanPostProcessor declaration and its dependencies.
2025-04-27 07:35:34.725 [main] WARN  o.s.c.s.PostProcessorRegistrationDelegate$BeanPostProcessorChecker - Bean 'com.baomidou.dynamic.datasource.spring.boot.autoconfigure.DynamicDataSourceAopConfiguration' of type [com.baomidou.dynamic.datasource.spring.boot.autoconfigure.DynamicDataSourceAopConfiguration$$SpringCGLIB$$0] is not eligible for getting processed by all BeanPostProcessors (for example: not eligible for auto-proxying). Is this bean getting eagerly injected into a currently created BeanPostProcessor [meterRegistryPostProcessor]? Check the corresponding BeanPostProcessor declaration and its dependencies.
2025-04-27 07:35:34.735 [main] WARN  o.s.c.s.PostProcessorRegistrationDelegate$BeanPostProcessorChecker - Bean 'dsProcessor' of type [com.baomidou.dynamic.datasource.processor.DsJakartaHeaderProcessor] is not eligible for getting processed by all BeanPostProcessors (for example: not eligible for auto-proxying). Is this bean getting eagerly injected into a currently created BeanPostProcessor [meterRegistryPostProcessor]? Check the corresponding BeanPostProcessor declaration and its dependencies.
2025-04-27 07:40:20.895 [main] WARN  o.s.c.s.PostProcessorRegistrationDelegate$BeanPostProcessorChecker - Bean 'spring.datasource.dynamic-com.baomidou.dynamic.datasource.spring.boot.autoconfigure.DynamicDataSourceProperties' of type [com.baomidou.dynamic.datasource.spring.boot.autoconfigure.DynamicDataSourceProperties] is not eligible for getting processed by all BeanPostProcessors (for example: not eligible for auto-proxying). Is this bean getting eagerly injected into a currently created BeanPostProcessor [meterRegistryPostProcessor]? Check the corresponding BeanPostProcessor declaration and its dependencies.
2025-04-27 07:40:20.900 [main] WARN  o.s.c.s.PostProcessorRegistrationDelegate$BeanPostProcessorChecker - Bean 'com.baomidou.dynamic.datasource.spring.boot.autoconfigure.DynamicDataSourceAopConfiguration' of type [com.baomidou.dynamic.datasource.spring.boot.autoconfigure.DynamicDataSourceAopConfiguration$$SpringCGLIB$$0] is not eligible for getting processed by all BeanPostProcessors (for example: not eligible for auto-proxying). Is this bean getting eagerly injected into a currently created BeanPostProcessor [meterRegistryPostProcessor]? Check the corresponding BeanPostProcessor declaration and its dependencies.
2025-04-27 07:40:20.908 [main] WARN  o.s.c.s.PostProcessorRegistrationDelegate$BeanPostProcessorChecker - Bean 'dsProcessor' of type [com.baomidou.dynamic.datasource.processor.DsJakartaHeaderProcessor] is not eligible for getting processed by all BeanPostProcessors (for example: not eligible for auto-proxying). Is this bean getting eagerly injected into a currently created BeanPostProcessor [meterRegistryPostProcessor]? Check the corresponding BeanPostProcessor declaration and its dependencies.
2025-04-27 07:41:24.201 [main] WARN  o.s.c.s.PostProcessorRegistrationDelegate$BeanPostProcessorChecker - Bean 'spring.datasource.dynamic-com.baomidou.dynamic.datasource.spring.boot.autoconfigure.DynamicDataSourceProperties' of type [com.baomidou.dynamic.datasource.spring.boot.autoconfigure.DynamicDataSourceProperties] is not eligible for getting processed by all BeanPostProcessors (for example: not eligible for auto-proxying). Is this bean getting eagerly injected into a currently created BeanPostProcessor [meterRegistryPostProcessor]? Check the corresponding BeanPostProcessor declaration and its dependencies.
2025-04-27 07:41:24.206 [main] WARN  o.s.c.s.PostProcessorRegistrationDelegate$BeanPostProcessorChecker - Bean 'com.baomidou.dynamic.datasource.spring.boot.autoconfigure.DynamicDataSourceAopConfiguration' of type [com.baomidou.dynamic.datasource.spring.boot.autoconfigure.DynamicDataSourceAopConfiguration$$SpringCGLIB$$0] is not eligible for getting processed by all BeanPostProcessors (for example: not eligible for auto-proxying). Is this bean getting eagerly injected into a currently created BeanPostProcessor [meterRegistryPostProcessor]? Check the corresponding BeanPostProcessor declaration and its dependencies.
2025-04-27 07:41:24.215 [main] WARN  o.s.c.s.PostProcessorRegistrationDelegate$BeanPostProcessorChecker - Bean 'dsProcessor' of type [com.baomidou.dynamic.datasource.processor.DsJakartaHeaderProcessor] is not eligible for getting processed by all BeanPostProcessors (for example: not eligible for auto-proxying). Is this bean getting eagerly injected into a currently created BeanPostProcessor [meterRegistryPostProcessor]? Check the corresponding BeanPostProcessor declaration and its dependencies.
2025-04-27 08:07:17.298 [main] WARN  o.s.c.s.PostProcessorRegistrationDelegate$BeanPostProcessorChecker - Bean 'spring.datasource.dynamic-com.baomidou.dynamic.datasource.spring.boot.autoconfigure.DynamicDataSourceProperties' of type [com.baomidou.dynamic.datasource.spring.boot.autoconfigure.DynamicDataSourceProperties] is not eligible for getting processed by all BeanPostProcessors (for example: not eligible for auto-proxying). Is this bean getting eagerly injected into a currently created BeanPostProcessor [meterRegistryPostProcessor]? Check the corresponding BeanPostProcessor declaration and its dependencies.
2025-04-27 08:07:17.306 [main] WARN  o.s.c.s.PostProcessorRegistrationDelegate$BeanPostProcessorChecker - Bean 'com.baomidou.dynamic.datasource.spring.boot.autoconfigure.DynamicDataSourceAopConfiguration' of type [com.baomidou.dynamic.datasource.spring.boot.autoconfigure.DynamicDataSourceAopConfiguration$$SpringCGLIB$$0] is not eligible for getting processed by all BeanPostProcessors (for example: not eligible for auto-proxying). Is this bean getting eagerly injected into a currently created BeanPostProcessor [meterRegistryPostProcessor]? Check the corresponding BeanPostProcessor declaration and its dependencies.
2025-04-27 08:07:17.314 [main] WARN  o.s.c.s.PostProcessorRegistrationDelegate$BeanPostProcessorChecker - Bean 'dsProcessor' of type [com.baomidou.dynamic.datasource.processor.DsJakartaHeaderProcessor] is not eligible for getting processed by all BeanPostProcessors (for example: not eligible for auto-proxying). Is this bean getting eagerly injected into a currently created BeanPostProcessor [meterRegistryPostProcessor]? Check the corresponding BeanPostProcessor declaration and its dependencies.
2025-04-27 08:13:36.013 [main] WARN  o.s.c.s.PostProcessorRegistrationDelegate$BeanPostProcessorChecker - Bean 'spring.datasource.dynamic-com.baomidou.dynamic.datasource.spring.boot.autoconfigure.DynamicDataSourceProperties' of type [com.baomidou.dynamic.datasource.spring.boot.autoconfigure.DynamicDataSourceProperties] is not eligible for getting processed by all BeanPostProcessors (for example: not eligible for auto-proxying). Is this bean getting eagerly injected into a currently created BeanPostProcessor [meterRegistryPostProcessor]? Check the corresponding BeanPostProcessor declaration and its dependencies.
2025-04-27 08:13:36.029 [main] WARN  o.s.c.s.PostProcessorRegistrationDelegate$BeanPostProcessorChecker - Bean 'com.baomidou.dynamic.datasource.spring.boot.autoconfigure.DynamicDataSourceAopConfiguration' of type [com.baomidou.dynamic.datasource.spring.boot.autoconfigure.DynamicDataSourceAopConfiguration$$SpringCGLIB$$0] is not eligible for getting processed by all BeanPostProcessors (for example: not eligible for auto-proxying). Is this bean getting eagerly injected into a currently created BeanPostProcessor [meterRegistryPostProcessor]? Check the corresponding BeanPostProcessor declaration and its dependencies.
2025-04-27 08:13:36.040 [main] WARN  o.s.c.s.PostProcessorRegistrationDelegate$BeanPostProcessorChecker - Bean 'dsProcessor' of type [com.baomidou.dynamic.datasource.processor.DsJakartaHeaderProcessor] is not eligible for getting processed by all BeanPostProcessors (for example: not eligible for auto-proxying). Is this bean getting eagerly injected into a currently created BeanPostProcessor [meterRegistryPostProcessor]? Check the corresponding BeanPostProcessor declaration and its dependencies.
2025-04-27 08:17:42.622 [main] WARN  o.s.c.s.PostProcessorRegistrationDelegate$BeanPostProcessorChecker - Bean 'spring.datasource.dynamic-com.baomidou.dynamic.datasource.spring.boot.autoconfigure.DynamicDataSourceProperties' of type [com.baomidou.dynamic.datasource.spring.boot.autoconfigure.DynamicDataSourceProperties] is not eligible for getting processed by all BeanPostProcessors (for example: not eligible for auto-proxying). Is this bean getting eagerly injected into a currently created BeanPostProcessor [meterRegistryPostProcessor]? Check the corresponding BeanPostProcessor declaration and its dependencies.
2025-04-27 08:17:42.631 [main] WARN  o.s.c.s.PostProcessorRegistrationDelegate$BeanPostProcessorChecker - Bean 'com.baomidou.dynamic.datasource.spring.boot.autoconfigure.DynamicDataSourceAopConfiguration' of type [com.baomidou.dynamic.datasource.spring.boot.autoconfigure.DynamicDataSourceAopConfiguration$$SpringCGLIB$$0] is not eligible for getting processed by all BeanPostProcessors (for example: not eligible for auto-proxying). Is this bean getting eagerly injected into a currently created BeanPostProcessor [meterRegistryPostProcessor]? Check the corresponding BeanPostProcessor declaration and its dependencies.
2025-04-27 08:17:42.652 [main] WARN  o.s.c.s.PostProcessorRegistrationDelegate$BeanPostProcessorChecker - Bean 'dsProcessor' of type [com.baomidou.dynamic.datasource.processor.DsJakartaHeaderProcessor] is not eligible for getting processed by all BeanPostProcessors (for example: not eligible for auto-proxying). Is this bean getting eagerly injected into a currently created BeanPostProcessor [meterRegistryPostProcessor]? Check the corresponding BeanPostProcessor declaration and its dependencies.
2025-04-27 08:34:06.142 [http-nio-7000-exec-8] WARN  com.fhs.trans.service.impl.SimpleTransService - com.fhs.trans.service.impl.SimpleTransService翻译未命中数据:com.dlshouwen.swda.bms.system.entity.Region_0
2025-04-27 08:34:06.143 [http-nio-7000-exec-8] WARN  com.fhs.trans.service.impl.SimpleTransService - com.fhs.trans.service.impl.SimpleTransService翻译未命中数据:com.dlshouwen.swda.bms.system.entity.Region_0
2025-04-27 08:34:06.143 [http-nio-7000-exec-8] WARN  com.fhs.trans.service.impl.SimpleTransService - com.fhs.trans.service.impl.SimpleTransService翻译未命中数据:com.dlshouwen.swda.bms.system.entity.Region_0
2025-04-27 08:34:06.143 [http-nio-7000-exec-8] WARN  com.fhs.trans.service.impl.SimpleTransService - com.fhs.trans.service.impl.SimpleTransService翻译未命中数据:com.dlshouwen.swda.bms.system.entity.Region_0
2025-04-27 08:34:06.143 [http-nio-7000-exec-8] WARN  com.fhs.trans.service.impl.SimpleTransService - com.fhs.trans.service.impl.SimpleTransService翻译未命中数据:com.dlshouwen.swda.bms.system.entity.Region_0
2025-04-27 08:34:06.143 [http-nio-7000-exec-8] WARN  com.fhs.trans.service.impl.SimpleTransService - com.fhs.trans.service.impl.SimpleTransService翻译未命中数据:com.dlshouwen.swda.bms.system.entity.Region_0
2025-04-27 08:34:06.143 [http-nio-7000-exec-8] WARN  com.fhs.trans.service.impl.SimpleTransService - com.fhs.trans.service.impl.SimpleTransService翻译未命中数据:com.dlshouwen.swda.bms.system.entity.Region_0
2025-04-27 08:34:06.144 [http-nio-7000-exec-8] WARN  com.fhs.trans.service.impl.SimpleTransService - com.fhs.trans.service.impl.SimpleTransService翻译未命中数据:com.dlshouwen.swda.bms.system.entity.Region_0
2025-04-27 08:34:06.144 [http-nio-7000-exec-8] WARN  com.fhs.trans.service.impl.SimpleTransService - com.fhs.trans.service.impl.SimpleTransService翻译未命中数据:com.dlshouwen.swda.bms.system.entity.Region_0
2025-04-27 08:34:06.144 [http-nio-7000-exec-8] WARN  com.fhs.trans.service.impl.SimpleTransService - com.fhs.trans.service.impl.SimpleTransService翻译未命中数据:com.dlshouwen.swda.bms.system.entity.Region_0
2025-04-27 08:34:06.144 [http-nio-7000-exec-8] WARN  com.fhs.trans.service.impl.SimpleTransService - com.fhs.trans.service.impl.SimpleTransService翻译未命中数据:com.dlshouwen.swda.bms.system.entity.Region_0
2025-04-27 08:34:06.144 [http-nio-7000-exec-8] WARN  com.fhs.trans.service.impl.SimpleTransService - com.fhs.trans.service.impl.SimpleTransService翻译未命中数据:com.dlshouwen.swda.bms.system.entity.Region_0
2025-04-27 08:34:06.144 [http-nio-7000-exec-8] WARN  com.fhs.trans.service.impl.SimpleTransService - com.fhs.trans.service.impl.SimpleTransService翻译未命中数据:com.dlshouwen.swda.bms.system.entity.Region_0
2025-04-27 08:34:06.145 [http-nio-7000-exec-8] WARN  com.fhs.trans.service.impl.SimpleTransService - com.fhs.trans.service.impl.SimpleTransService翻译未命中数据:com.dlshouwen.swda.bms.system.entity.Region_0
2025-04-27 08:34:06.145 [http-nio-7000-exec-8] WARN  com.fhs.trans.service.impl.SimpleTransService - com.fhs.trans.service.impl.SimpleTransService翻译未命中数据:com.dlshouwen.swda.bms.system.entity.Region_0
2025-04-27 08:34:06.145 [http-nio-7000-exec-8] WARN  com.fhs.trans.service.impl.SimpleTransService - com.fhs.trans.service.impl.SimpleTransService翻译未命中数据:com.dlshouwen.swda.bms.system.entity.Region_0
2025-04-27 08:34:06.145 [http-nio-7000-exec-8] WARN  com.fhs.trans.service.impl.SimpleTransService - com.fhs.trans.service.impl.SimpleTransService翻译未命中数据:com.dlshouwen.swda.bms.system.entity.Region_0
2025-04-27 08:34:06.145 [http-nio-7000-exec-8] WARN  com.fhs.trans.service.impl.SimpleTransService - com.fhs.trans.service.impl.SimpleTransService翻译未命中数据:com.dlshouwen.swda.bms.system.entity.Region_0
2025-04-27 08:34:06.145 [http-nio-7000-exec-8] WARN  com.fhs.trans.service.impl.SimpleTransService - com.fhs.trans.service.impl.SimpleTransService翻译未命中数据:com.dlshouwen.swda.bms.system.entity.Region_0
2025-04-27 08:34:06.146 [http-nio-7000-exec-8] WARN  com.fhs.trans.service.impl.SimpleTransService - com.fhs.trans.service.impl.SimpleTransService翻译未命中数据:com.dlshouwen.swda.bms.system.entity.Region_0
2025-04-27 08:34:06.146 [http-nio-7000-exec-8] WARN  com.fhs.trans.service.impl.SimpleTransService - com.fhs.trans.service.impl.SimpleTransService翻译未命中数据:com.dlshouwen.swda.bms.system.entity.Region_0
2025-04-27 08:34:06.146 [http-nio-7000-exec-8] WARN  com.fhs.trans.service.impl.SimpleTransService - com.fhs.trans.service.impl.SimpleTransService翻译未命中数据:com.dlshouwen.swda.bms.system.entity.Region_0
2025-04-27 08:34:06.147 [http-nio-7000-exec-8] WARN  com.fhs.trans.service.impl.SimpleTransService - com.fhs.trans.service.impl.SimpleTransService翻译未命中数据:com.dlshouwen.swda.bms.system.entity.Region_0
2025-04-27 08:34:06.147 [http-nio-7000-exec-8] WARN  com.fhs.trans.service.impl.SimpleTransService - com.fhs.trans.service.impl.SimpleTransService翻译未命中数据:com.dlshouwen.swda.bms.system.entity.Region_0
2025-04-27 08:34:06.147 [http-nio-7000-exec-8] WARN  com.fhs.trans.service.impl.SimpleTransService - com.fhs.trans.service.impl.SimpleTransService翻译未命中数据:com.dlshouwen.swda.bms.system.entity.Region_0
2025-04-27 08:34:06.147 [http-nio-7000-exec-8] WARN  com.fhs.trans.service.impl.SimpleTransService - com.fhs.trans.service.impl.SimpleTransService翻译未命中数据:com.dlshouwen.swda.bms.system.entity.Region_0
2025-04-27 08:34:06.147 [http-nio-7000-exec-8] WARN  com.fhs.trans.service.impl.SimpleTransService - com.fhs.trans.service.impl.SimpleTransService翻译未命中数据:com.dlshouwen.swda.bms.system.entity.Region_0
2025-04-27 08:34:06.148 [http-nio-7000-exec-8] WARN  com.fhs.trans.service.impl.SimpleTransService - com.fhs.trans.service.impl.SimpleTransService翻译未命中数据:com.dlshouwen.swda.bms.system.entity.Region_0
2025-04-27 08:34:06.148 [http-nio-7000-exec-8] WARN  com.fhs.trans.service.impl.SimpleTransService - com.fhs.trans.service.impl.SimpleTransService翻译未命中数据:com.dlshouwen.swda.bms.system.entity.Region_0
2025-04-27 08:34:06.148 [http-nio-7000-exec-8] WARN  com.fhs.trans.service.impl.SimpleTransService - com.fhs.trans.service.impl.SimpleTransService翻译未命中数据:com.dlshouwen.swda.bms.system.entity.Region_0
2025-04-27 08:34:06.148 [http-nio-7000-exec-8] WARN  com.fhs.trans.service.impl.SimpleTransService - com.fhs.trans.service.impl.SimpleTransService翻译未命中数据:com.dlshouwen.swda.bms.system.entity.Region_0
2025-04-27 08:34:16.013 [http-nio-7000-exec-4] WARN  com.fhs.trans.service.impl.SimpleTransService - com.fhs.trans.service.impl.SimpleTransService翻译未命中数据:com.dlshouwen.swda.bms.system.entity.Region_0
2025-04-27 08:34:16.013 [http-nio-7000-exec-4] WARN  com.fhs.trans.service.impl.SimpleTransService - com.fhs.trans.service.impl.SimpleTransService翻译未命中数据:com.dlshouwen.swda.bms.system.entity.Region_0
2025-04-27 08:34:16.014 [http-nio-7000-exec-4] WARN  com.fhs.trans.service.impl.SimpleTransService - com.fhs.trans.service.impl.SimpleTransService翻译未命中数据:com.dlshouwen.swda.bms.system.entity.Region_0
2025-04-27 08:34:16.014 [http-nio-7000-exec-4] WARN  com.fhs.trans.service.impl.SimpleTransService - com.fhs.trans.service.impl.SimpleTransService翻译未命中数据:com.dlshouwen.swda.bms.system.entity.Region_0
2025-04-27 08:34:16.014 [http-nio-7000-exec-4] WARN  com.fhs.trans.service.impl.SimpleTransService - com.fhs.trans.service.impl.SimpleTransService翻译未命中数据:com.dlshouwen.swda.bms.system.entity.Region_0
2025-04-27 08:34:16.014 [http-nio-7000-exec-4] WARN  com.fhs.trans.service.impl.SimpleTransService - com.fhs.trans.service.impl.SimpleTransService翻译未命中数据:com.dlshouwen.swda.bms.system.entity.Region_0
2025-04-27 08:34:16.014 [http-nio-7000-exec-4] WARN  com.fhs.trans.service.impl.SimpleTransService - com.fhs.trans.service.impl.SimpleTransService翻译未命中数据:com.dlshouwen.swda.bms.system.entity.Region_0
2025-04-27 08:34:16.015 [http-nio-7000-exec-4] WARN  com.fhs.trans.service.impl.SimpleTransService - com.fhs.trans.service.impl.SimpleTransService翻译未命中数据:com.dlshouwen.swda.bms.system.entity.Region_0
2025-04-27 08:34:16.015 [http-nio-7000-exec-4] WARN  com.fhs.trans.service.impl.SimpleTransService - com.fhs.trans.service.impl.SimpleTransService翻译未命中数据:com.dlshouwen.swda.bms.system.entity.Region_0
2025-04-27 08:34:16.015 [http-nio-7000-exec-4] WARN  com.fhs.trans.service.impl.SimpleTransService - com.fhs.trans.service.impl.SimpleTransService翻译未命中数据:com.dlshouwen.swda.bms.system.entity.Region_0
2025-04-27 08:34:16.015 [http-nio-7000-exec-4] WARN  com.fhs.trans.service.impl.SimpleTransService - com.fhs.trans.service.impl.SimpleTransService翻译未命中数据:com.dlshouwen.swda.bms.system.entity.Region_0
2025-04-27 08:34:16.015 [http-nio-7000-exec-4] WARN  com.fhs.trans.service.impl.SimpleTransService - com.fhs.trans.service.impl.SimpleTransService翻译未命中数据:com.dlshouwen.swda.bms.system.entity.Region_0
2025-04-27 08:34:16.015 [http-nio-7000-exec-4] WARN  com.fhs.trans.service.impl.SimpleTransService - com.fhs.trans.service.impl.SimpleTransService翻译未命中数据:com.dlshouwen.swda.bms.system.entity.Region_0
2025-04-27 08:34:16.015 [http-nio-7000-exec-4] WARN  com.fhs.trans.service.impl.SimpleTransService - com.fhs.trans.service.impl.SimpleTransService翻译未命中数据:com.dlshouwen.swda.bms.system.entity.Region_0
2025-04-27 08:34:16.016 [http-nio-7000-exec-4] WARN  com.fhs.trans.service.impl.SimpleTransService - com.fhs.trans.service.impl.SimpleTransService翻译未命中数据:com.dlshouwen.swda.bms.system.entity.Region_0
2025-04-27 08:34:16.016 [http-nio-7000-exec-4] WARN  com.fhs.trans.service.impl.SimpleTransService - com.fhs.trans.service.impl.SimpleTransService翻译未命中数据:com.dlshouwen.swda.bms.system.entity.Region_0
2025-04-27 08:34:16.016 [http-nio-7000-exec-4] WARN  com.fhs.trans.service.impl.SimpleTransService - com.fhs.trans.service.impl.SimpleTransService翻译未命中数据:com.dlshouwen.swda.bms.system.entity.Region_0
2025-04-27 08:34:16.016 [http-nio-7000-exec-4] WARN  com.fhs.trans.service.impl.SimpleTransService - com.fhs.trans.service.impl.SimpleTransService翻译未命中数据:com.dlshouwen.swda.bms.system.entity.Region_0
2025-04-27 08:34:16.016 [http-nio-7000-exec-4] WARN  com.fhs.trans.service.impl.SimpleTransService - com.fhs.trans.service.impl.SimpleTransService翻译未命中数据:com.dlshouwen.swda.bms.system.entity.Region_0
2025-04-27 08:34:16.016 [http-nio-7000-exec-4] WARN  com.fhs.trans.service.impl.SimpleTransService - com.fhs.trans.service.impl.SimpleTransService翻译未命中数据:com.dlshouwen.swda.bms.system.entity.Region_0
2025-04-27 08:34:16.016 [http-nio-7000-exec-4] WARN  com.fhs.trans.service.impl.SimpleTransService - com.fhs.trans.service.impl.SimpleTransService翻译未命中数据:com.dlshouwen.swda.bms.system.entity.Region_0
2025-04-27 08:34:16.017 [http-nio-7000-exec-4] WARN  com.fhs.trans.service.impl.SimpleTransService - com.fhs.trans.service.impl.SimpleTransService翻译未命中数据:com.dlshouwen.swda.bms.system.entity.Region_0
2025-04-27 08:34:16.017 [http-nio-7000-exec-4] WARN  com.fhs.trans.service.impl.SimpleTransService - com.fhs.trans.service.impl.SimpleTransService翻译未命中数据:com.dlshouwen.swda.bms.system.entity.Region_0
2025-04-27 08:34:16.017 [http-nio-7000-exec-4] WARN  com.fhs.trans.service.impl.SimpleTransService - com.fhs.trans.service.impl.SimpleTransService翻译未命中数据:com.dlshouwen.swda.bms.system.entity.Region_0
2025-04-27 08:34:16.017 [http-nio-7000-exec-4] WARN  com.fhs.trans.service.impl.SimpleTransService - com.fhs.trans.service.impl.SimpleTransService翻译未命中数据:com.dlshouwen.swda.bms.system.entity.Region_0
2025-04-27 08:34:16.017 [http-nio-7000-exec-4] WARN  com.fhs.trans.service.impl.SimpleTransService - com.fhs.trans.service.impl.SimpleTransService翻译未命中数据:com.dlshouwen.swda.bms.system.entity.Region_0
2025-04-27 08:34:16.017 [http-nio-7000-exec-4] WARN  com.fhs.trans.service.impl.SimpleTransService - com.fhs.trans.service.impl.SimpleTransService翻译未命中数据:com.dlshouwen.swda.bms.system.entity.Region_0
2025-04-27 08:34:16.018 [http-nio-7000-exec-4] WARN  com.fhs.trans.service.impl.SimpleTransService - com.fhs.trans.service.impl.SimpleTransService翻译未命中数据:com.dlshouwen.swda.bms.system.entity.Region_0
2025-04-27 08:34:16.018 [http-nio-7000-exec-4] WARN  com.fhs.trans.service.impl.SimpleTransService - com.fhs.trans.service.impl.SimpleTransService翻译未命中数据:com.dlshouwen.swda.bms.system.entity.Region_0
2025-04-27 08:34:16.018 [http-nio-7000-exec-4] WARN  com.fhs.trans.service.impl.SimpleTransService - com.fhs.trans.service.impl.SimpleTransService翻译未命中数据:com.dlshouwen.swda.bms.system.entity.Region_0
2025-04-27 08:34:16.018 [http-nio-7000-exec-4] WARN  com.fhs.trans.service.impl.SimpleTransService - com.fhs.trans.service.impl.SimpleTransService翻译未命中数据:com.dlshouwen.swda.bms.system.entity.Region_0
2025-04-27 08:34:18.814 [http-nio-7000-exec-9] WARN  com.fhs.trans.service.impl.SimpleTransService - com.fhs.trans.service.impl.SimpleTransService翻译未命中数据:com.dlshouwen.swda.bms.system.entity.Region_0
2025-04-27 08:34:18.815 [http-nio-7000-exec-9] WARN  com.fhs.trans.service.impl.SimpleTransService - com.fhs.trans.service.impl.SimpleTransService翻译未命中数据:com.dlshouwen.swda.bms.system.entity.Region_0
2025-04-27 08:34:18.815 [http-nio-7000-exec-9] WARN  com.fhs.trans.service.impl.SimpleTransService - com.fhs.trans.service.impl.SimpleTransService翻译未命中数据:com.dlshouwen.swda.bms.system.entity.Region_0
2025-04-27 08:34:18.815 [http-nio-7000-exec-9] WARN  com.fhs.trans.service.impl.SimpleTransService - com.fhs.trans.service.impl.SimpleTransService翻译未命中数据:com.dlshouwen.swda.bms.system.entity.Region_0
2025-04-27 08:34:18.815 [http-nio-7000-exec-9] WARN  com.fhs.trans.service.impl.SimpleTransService - com.fhs.trans.service.impl.SimpleTransService翻译未命中数据:com.dlshouwen.swda.bms.system.entity.Region_0
2025-04-27 08:34:18.816 [http-nio-7000-exec-9] WARN  com.fhs.trans.service.impl.SimpleTransService - com.fhs.trans.service.impl.SimpleTransService翻译未命中数据:com.dlshouwen.swda.bms.system.entity.Region_0
2025-04-27 08:34:18.816 [http-nio-7000-exec-9] WARN  com.fhs.trans.service.impl.SimpleTransService - com.fhs.trans.service.impl.SimpleTransService翻译未命中数据:com.dlshouwen.swda.bms.system.entity.Region_0
2025-04-27 08:34:18.816 [http-nio-7000-exec-9] WARN  com.fhs.trans.service.impl.SimpleTransService - com.fhs.trans.service.impl.SimpleTransService翻译未命中数据:com.dlshouwen.swda.bms.system.entity.Region_0
2025-04-27 08:34:18.816 [http-nio-7000-exec-9] WARN  com.fhs.trans.service.impl.SimpleTransService - com.fhs.trans.service.impl.SimpleTransService翻译未命中数据:com.dlshouwen.swda.bms.system.entity.Region_0
2025-04-27 08:34:18.816 [http-nio-7000-exec-9] WARN  com.fhs.trans.service.impl.SimpleTransService - com.fhs.trans.service.impl.SimpleTransService翻译未命中数据:com.dlshouwen.swda.bms.system.entity.Region_0
2025-04-27 08:34:18.816 [http-nio-7000-exec-9] WARN  com.fhs.trans.service.impl.SimpleTransService - com.fhs.trans.service.impl.SimpleTransService翻译未命中数据:com.dlshouwen.swda.bms.system.entity.Region_0
2025-04-27 08:34:18.816 [http-nio-7000-exec-9] WARN  com.fhs.trans.service.impl.SimpleTransService - com.fhs.trans.service.impl.SimpleTransService翻译未命中数据:com.dlshouwen.swda.bms.system.entity.Region_0
2025-04-27 08:34:18.817 [http-nio-7000-exec-9] WARN  com.fhs.trans.service.impl.SimpleTransService - com.fhs.trans.service.impl.SimpleTransService翻译未命中数据:com.dlshouwen.swda.bms.system.entity.Region_0
2025-04-27 08:34:18.817 [http-nio-7000-exec-9] WARN  com.fhs.trans.service.impl.SimpleTransService - com.fhs.trans.service.impl.SimpleTransService翻译未命中数据:com.dlshouwen.swda.bms.system.entity.Region_0
2025-04-27 08:34:18.817 [http-nio-7000-exec-9] WARN  com.fhs.trans.service.impl.SimpleTransService - com.fhs.trans.service.impl.SimpleTransService翻译未命中数据:com.dlshouwen.swda.bms.system.entity.Region_0
2025-04-27 08:34:18.817 [http-nio-7000-exec-9] WARN  com.fhs.trans.service.impl.SimpleTransService - com.fhs.trans.service.impl.SimpleTransService翻译未命中数据:com.dlshouwen.swda.bms.system.entity.Region_0
2025-04-27 08:34:18.817 [http-nio-7000-exec-9] WARN  com.fhs.trans.service.impl.SimpleTransService - com.fhs.trans.service.impl.SimpleTransService翻译未命中数据:com.dlshouwen.swda.bms.system.entity.Region_0
2025-04-27 08:34:18.817 [http-nio-7000-exec-9] WARN  com.fhs.trans.service.impl.SimpleTransService - com.fhs.trans.service.impl.SimpleTransService翻译未命中数据:com.dlshouwen.swda.bms.system.entity.Region_0
2025-04-27 08:34:18.818 [http-nio-7000-exec-9] WARN  com.fhs.trans.service.impl.SimpleTransService - com.fhs.trans.service.impl.SimpleTransService翻译未命中数据:com.dlshouwen.swda.bms.system.entity.Region_0
2025-04-27 08:34:18.818 [http-nio-7000-exec-9] WARN  com.fhs.trans.service.impl.SimpleTransService - com.fhs.trans.service.impl.SimpleTransService翻译未命中数据:com.dlshouwen.swda.bms.system.entity.Region_0
2025-04-27 08:34:18.818 [http-nio-7000-exec-9] WARN  com.fhs.trans.service.impl.SimpleTransService - com.fhs.trans.service.impl.SimpleTransService翻译未命中数据:com.dlshouwen.swda.bms.system.entity.Region_0
2025-04-27 08:34:18.818 [http-nio-7000-exec-9] WARN  com.fhs.trans.service.impl.SimpleTransService - com.fhs.trans.service.impl.SimpleTransService翻译未命中数据:com.dlshouwen.swda.bms.system.entity.Region_0
2025-04-27 08:34:18.818 [http-nio-7000-exec-9] WARN  com.fhs.trans.service.impl.SimpleTransService - com.fhs.trans.service.impl.SimpleTransService翻译未命中数据:com.dlshouwen.swda.bms.system.entity.Region_0
2025-04-27 08:34:18.818 [http-nio-7000-exec-9] WARN  com.fhs.trans.service.impl.SimpleTransService - com.fhs.trans.service.impl.SimpleTransService翻译未命中数据:com.dlshouwen.swda.bms.system.entity.Region_0
2025-04-27 08:34:18.818 [http-nio-7000-exec-9] WARN  com.fhs.trans.service.impl.SimpleTransService - com.fhs.trans.service.impl.SimpleTransService翻译未命中数据:com.dlshouwen.swda.bms.system.entity.Region_0
2025-04-27 08:34:18.819 [http-nio-7000-exec-9] WARN  com.fhs.trans.service.impl.SimpleTransService - com.fhs.trans.service.impl.SimpleTransService翻译未命中数据:com.dlshouwen.swda.bms.system.entity.Region_0
2025-04-27 08:34:18.819 [http-nio-7000-exec-9] WARN  com.fhs.trans.service.impl.SimpleTransService - com.fhs.trans.service.impl.SimpleTransService翻译未命中数据:com.dlshouwen.swda.bms.system.entity.Region_0
2025-04-27 08:34:18.819 [http-nio-7000-exec-9] WARN  com.fhs.trans.service.impl.SimpleTransService - com.fhs.trans.service.impl.SimpleTransService翻译未命中数据:com.dlshouwen.swda.bms.system.entity.Region_0
2025-04-27 08:34:18.819 [http-nio-7000-exec-9] WARN  com.fhs.trans.service.impl.SimpleTransService - com.fhs.trans.service.impl.SimpleTransService翻译未命中数据:com.dlshouwen.swda.bms.system.entity.Region_0
2025-04-27 08:34:18.819 [http-nio-7000-exec-9] WARN  com.fhs.trans.service.impl.SimpleTransService - com.fhs.trans.service.impl.SimpleTransService翻译未命中数据:com.dlshouwen.swda.bms.system.entity.Region_0
2025-04-27 08:34:18.820 [http-nio-7000-exec-9] WARN  com.fhs.trans.service.impl.SimpleTransService - com.fhs.trans.service.impl.SimpleTransService翻译未命中数据:com.dlshouwen.swda.bms.system.entity.Region_0
2025-04-27 08:56:35.805 [main] WARN  o.s.c.s.PostProcessorRegistrationDelegate$BeanPostProcessorChecker - Bean 'spring.datasource.dynamic-com.baomidou.dynamic.datasource.spring.boot.autoconfigure.DynamicDataSourceProperties' of type [com.baomidou.dynamic.datasource.spring.boot.autoconfigure.DynamicDataSourceProperties] is not eligible for getting processed by all BeanPostProcessors (for example: not eligible for auto-proxying). Is this bean getting eagerly injected into a currently created BeanPostProcessor [meterRegistryPostProcessor]? Check the corresponding BeanPostProcessor declaration and its dependencies.
2025-04-27 08:56:35.813 [main] WARN  o.s.c.s.PostProcessorRegistrationDelegate$BeanPostProcessorChecker - Bean 'com.baomidou.dynamic.datasource.spring.boot.autoconfigure.DynamicDataSourceAopConfiguration' of type [com.baomidou.dynamic.datasource.spring.boot.autoconfigure.DynamicDataSourceAopConfiguration$$SpringCGLIB$$0] is not eligible for getting processed by all BeanPostProcessors (for example: not eligible for auto-proxying). Is this bean getting eagerly injected into a currently created BeanPostProcessor [meterRegistryPostProcessor]? Check the corresponding BeanPostProcessor declaration and its dependencies.
2025-04-27 08:56:35.822 [main] WARN  o.s.c.s.PostProcessorRegistrationDelegate$BeanPostProcessorChecker - Bean 'dsProcessor' of type [com.baomidou.dynamic.datasource.processor.DsJakartaHeaderProcessor] is not eligible for getting processed by all BeanPostProcessors (for example: not eligible for auto-proxying). Is this bean getting eagerly injected into a currently created BeanPostProcessor [meterRegistryPostProcessor]? Check the corresponding BeanPostProcessor declaration and its dependencies.
2025-04-27 09:01:39.862 [http-nio-7000-exec-7] WARN  com.fhs.trans.service.impl.SimpleTransService - com.fhs.trans.service.impl.SimpleTransService翻译未命中数据:com.dlshouwen.swda.bms.system.entity.Region_0
2025-04-27 09:01:39.862 [http-nio-7000-exec-7] WARN  com.fhs.trans.service.impl.SimpleTransService - com.fhs.trans.service.impl.SimpleTransService翻译未命中数据:com.dlshouwen.swda.bms.system.entity.Region_0
2025-04-27 09:01:39.863 [http-nio-7000-exec-7] WARN  com.fhs.trans.service.impl.SimpleTransService - com.fhs.trans.service.impl.SimpleTransService翻译未命中数据:com.dlshouwen.swda.bms.system.entity.Region_0
2025-04-27 09:01:39.863 [http-nio-7000-exec-7] WARN  com.fhs.trans.service.impl.SimpleTransService - com.fhs.trans.service.impl.SimpleTransService翻译未命中数据:com.dlshouwen.swda.bms.system.entity.Region_0
2025-04-27 09:01:39.863 [http-nio-7000-exec-7] WARN  com.fhs.trans.service.impl.SimpleTransService - com.fhs.trans.service.impl.SimpleTransService翻译未命中数据:com.dlshouwen.swda.bms.system.entity.Region_0
2025-04-27 09:01:39.863 [http-nio-7000-exec-7] WARN  com.fhs.trans.service.impl.SimpleTransService - com.fhs.trans.service.impl.SimpleTransService翻译未命中数据:com.dlshouwen.swda.bms.system.entity.Region_0
2025-04-27 09:01:39.864 [http-nio-7000-exec-7] WARN  com.fhs.trans.service.impl.SimpleTransService - com.fhs.trans.service.impl.SimpleTransService翻译未命中数据:com.dlshouwen.swda.bms.system.entity.Region_0
2025-04-27 09:01:39.864 [http-nio-7000-exec-7] WARN  com.fhs.trans.service.impl.SimpleTransService - com.fhs.trans.service.impl.SimpleTransService翻译未命中数据:com.dlshouwen.swda.bms.system.entity.Region_0
2025-04-27 09:01:39.864 [http-nio-7000-exec-7] WARN  com.fhs.trans.service.impl.SimpleTransService - com.fhs.trans.service.impl.SimpleTransService翻译未命中数据:com.dlshouwen.swda.bms.system.entity.Region_0
2025-04-27 09:01:39.864 [http-nio-7000-exec-7] WARN  com.fhs.trans.service.impl.SimpleTransService - com.fhs.trans.service.impl.SimpleTransService翻译未命中数据:com.dlshouwen.swda.bms.system.entity.Region_0
2025-04-27 09:01:39.865 [http-nio-7000-exec-7] WARN  com.fhs.trans.service.impl.SimpleTransService - com.fhs.trans.service.impl.SimpleTransService翻译未命中数据:com.dlshouwen.swda.bms.system.entity.Region_0
2025-04-27 09:01:39.865 [http-nio-7000-exec-7] WARN  com.fhs.trans.service.impl.SimpleTransService - com.fhs.trans.service.impl.SimpleTransService翻译未命中数据:com.dlshouwen.swda.bms.system.entity.Region_0
2025-04-27 09:01:39.865 [http-nio-7000-exec-7] WARN  com.fhs.trans.service.impl.SimpleTransService - com.fhs.trans.service.impl.SimpleTransService翻译未命中数据:com.dlshouwen.swda.bms.system.entity.Region_0
2025-04-27 09:01:39.866 [http-nio-7000-exec-7] WARN  com.fhs.trans.service.impl.SimpleTransService - com.fhs.trans.service.impl.SimpleTransService翻译未命中数据:com.dlshouwen.swda.bms.system.entity.Region_0
2025-04-27 09:01:39.866 [http-nio-7000-exec-7] WARN  com.fhs.trans.service.impl.SimpleTransService - com.fhs.trans.service.impl.SimpleTransService翻译未命中数据:com.dlshouwen.swda.bms.system.entity.Region_0
2025-04-27 09:01:39.866 [http-nio-7000-exec-7] WARN  com.fhs.trans.service.impl.SimpleTransService - com.fhs.trans.service.impl.SimpleTransService翻译未命中数据:com.dlshouwen.swda.bms.system.entity.Region_0
2025-04-27 09:01:39.866 [http-nio-7000-exec-7] WARN  com.fhs.trans.service.impl.SimpleTransService - com.fhs.trans.service.impl.SimpleTransService翻译未命中数据:com.dlshouwen.swda.bms.system.entity.Region_0
2025-04-27 09:01:39.867 [http-nio-7000-exec-7] WARN  com.fhs.trans.service.impl.SimpleTransService - com.fhs.trans.service.impl.SimpleTransService翻译未命中数据:com.dlshouwen.swda.bms.system.entity.Region_0
2025-04-27 09:01:39.867 [http-nio-7000-exec-7] WARN  com.fhs.trans.service.impl.SimpleTransService - com.fhs.trans.service.impl.SimpleTransService翻译未命中数据:com.dlshouwen.swda.bms.system.entity.Region_0
2025-04-27 09:01:39.868 [http-nio-7000-exec-7] WARN  com.fhs.trans.service.impl.SimpleTransService - com.fhs.trans.service.impl.SimpleTransService翻译未命中数据:com.dlshouwen.swda.bms.system.entity.Region_0
2025-04-27 09:01:39.868 [http-nio-7000-exec-7] WARN  com.fhs.trans.service.impl.SimpleTransService - com.fhs.trans.service.impl.SimpleTransService翻译未命中数据:com.dlshouwen.swda.bms.system.entity.Region_0
2025-04-27 09:01:39.869 [http-nio-7000-exec-7] WARN  com.fhs.trans.service.impl.SimpleTransService - com.fhs.trans.service.impl.SimpleTransService翻译未命中数据:com.dlshouwen.swda.bms.system.entity.Region_0
2025-04-27 09:01:39.869 [http-nio-7000-exec-7] WARN  com.fhs.trans.service.impl.SimpleTransService - com.fhs.trans.service.impl.SimpleTransService翻译未命中数据:com.dlshouwen.swda.bms.system.entity.Region_0
2025-04-27 09:01:39.869 [http-nio-7000-exec-7] WARN  com.fhs.trans.service.impl.SimpleTransService - com.fhs.trans.service.impl.SimpleTransService翻译未命中数据:com.dlshouwen.swda.bms.system.entity.Region_0
2025-04-27 09:01:39.869 [http-nio-7000-exec-7] WARN  com.fhs.trans.service.impl.SimpleTransService - com.fhs.trans.service.impl.SimpleTransService翻译未命中数据:com.dlshouwen.swda.bms.system.entity.Region_0
2025-04-27 09:01:39.869 [http-nio-7000-exec-7] WARN  com.fhs.trans.service.impl.SimpleTransService - com.fhs.trans.service.impl.SimpleTransService翻译未命中数据:com.dlshouwen.swda.bms.system.entity.Region_0
2025-04-27 09:01:39.869 [http-nio-7000-exec-7] WARN  com.fhs.trans.service.impl.SimpleTransService - com.fhs.trans.service.impl.SimpleTransService翻译未命中数据:com.dlshouwen.swda.bms.system.entity.Region_0
2025-04-27 09:01:39.869 [http-nio-7000-exec-7] WARN  com.fhs.trans.service.impl.SimpleTransService - com.fhs.trans.service.impl.SimpleTransService翻译未命中数据:com.dlshouwen.swda.bms.system.entity.Region_0
2025-04-27 09:01:39.870 [http-nio-7000-exec-7] WARN  com.fhs.trans.service.impl.SimpleTransService - com.fhs.trans.service.impl.SimpleTransService翻译未命中数据:com.dlshouwen.swda.bms.system.entity.Region_0
2025-04-27 09:01:39.870 [http-nio-7000-exec-7] WARN  com.fhs.trans.service.impl.SimpleTransService - com.fhs.trans.service.impl.SimpleTransService翻译未命中数据:com.dlshouwen.swda.bms.system.entity.Region_0
2025-04-27 09:01:39.870 [http-nio-7000-exec-7] WARN  com.fhs.trans.service.impl.SimpleTransService - com.fhs.trans.service.impl.SimpleTransService翻译未命中数据:com.dlshouwen.swda.bms.system.entity.Region_0
2025-04-27 09:04:29.949 [http-nio-7000-exec-7] WARN  com.fhs.trans.service.impl.SimpleTransService - com.fhs.trans.service.impl.SimpleTransService翻译未命中数据:com.dlshouwen.swda.bms.system.entity.Region_0
2025-04-27 09:04:29.949 [http-nio-7000-exec-7] WARN  com.fhs.trans.service.impl.SimpleTransService - com.fhs.trans.service.impl.SimpleTransService翻译未命中数据:com.dlshouwen.swda.bms.system.entity.Region_0
2025-04-27 09:04:29.949 [http-nio-7000-exec-7] WARN  com.fhs.trans.service.impl.SimpleTransService - com.fhs.trans.service.impl.SimpleTransService翻译未命中数据:com.dlshouwen.swda.bms.system.entity.Region_0
2025-04-27 09:04:29.950 [http-nio-7000-exec-7] WARN  com.fhs.trans.service.impl.SimpleTransService - com.fhs.trans.service.impl.SimpleTransService翻译未命中数据:com.dlshouwen.swda.bms.system.entity.Region_0
2025-04-27 09:04:29.950 [http-nio-7000-exec-7] WARN  com.fhs.trans.service.impl.SimpleTransService - com.fhs.trans.service.impl.SimpleTransService翻译未命中数据:com.dlshouwen.swda.bms.system.entity.Region_0
2025-04-27 09:04:29.950 [http-nio-7000-exec-7] WARN  com.fhs.trans.service.impl.SimpleTransService - com.fhs.trans.service.impl.SimpleTransService翻译未命中数据:com.dlshouwen.swda.bms.system.entity.Region_0
2025-04-27 09:04:29.951 [http-nio-7000-exec-7] WARN  com.fhs.trans.service.impl.SimpleTransService - com.fhs.trans.service.impl.SimpleTransService翻译未命中数据:com.dlshouwen.swda.bms.system.entity.Region_0
2025-04-27 09:04:29.951 [http-nio-7000-exec-7] WARN  com.fhs.trans.service.impl.SimpleTransService - com.fhs.trans.service.impl.SimpleTransService翻译未命中数据:com.dlshouwen.swda.bms.system.entity.Region_0
2025-04-27 09:04:29.951 [http-nio-7000-exec-7] WARN  com.fhs.trans.service.impl.SimpleTransService - com.fhs.trans.service.impl.SimpleTransService翻译未命中数据:com.dlshouwen.swda.bms.system.entity.Region_0
2025-04-27 09:04:29.951 [http-nio-7000-exec-7] WARN  com.fhs.trans.service.impl.SimpleTransService - com.fhs.trans.service.impl.SimpleTransService翻译未命中数据:com.dlshouwen.swda.bms.system.entity.Region_0
2025-04-27 09:04:29.952 [http-nio-7000-exec-7] WARN  com.fhs.trans.service.impl.SimpleTransService - com.fhs.trans.service.impl.SimpleTransService翻译未命中数据:com.dlshouwen.swda.bms.system.entity.Region_0
2025-04-27 09:04:29.952 [http-nio-7000-exec-7] WARN  com.fhs.trans.service.impl.SimpleTransService - com.fhs.trans.service.impl.SimpleTransService翻译未命中数据:com.dlshouwen.swda.bms.system.entity.Region_0
2025-04-27 09:04:29.952 [http-nio-7000-exec-7] WARN  com.fhs.trans.service.impl.SimpleTransService - com.fhs.trans.service.impl.SimpleTransService翻译未命中数据:com.dlshouwen.swda.bms.system.entity.Region_0
2025-04-27 09:04:29.952 [http-nio-7000-exec-7] WARN  com.fhs.trans.service.impl.SimpleTransService - com.fhs.trans.service.impl.SimpleTransService翻译未命中数据:com.dlshouwen.swda.bms.system.entity.Region_0
2025-04-27 09:04:29.952 [http-nio-7000-exec-7] WARN  com.fhs.trans.service.impl.SimpleTransService - com.fhs.trans.service.impl.SimpleTransService翻译未命中数据:com.dlshouwen.swda.bms.system.entity.Region_0
2025-04-27 09:04:29.953 [http-nio-7000-exec-7] WARN  com.fhs.trans.service.impl.SimpleTransService - com.fhs.trans.service.impl.SimpleTransService翻译未命中数据:com.dlshouwen.swda.bms.system.entity.Region_0
2025-04-27 09:04:29.953 [http-nio-7000-exec-7] WARN  com.fhs.trans.service.impl.SimpleTransService - com.fhs.trans.service.impl.SimpleTransService翻译未命中数据:com.dlshouwen.swda.bms.system.entity.Region_0
2025-04-27 09:04:29.953 [http-nio-7000-exec-7] WARN  com.fhs.trans.service.impl.SimpleTransService - com.fhs.trans.service.impl.SimpleTransService翻译未命中数据:com.dlshouwen.swda.bms.system.entity.Region_0
2025-04-27 09:04:29.953 [http-nio-7000-exec-7] WARN  com.fhs.trans.service.impl.SimpleTransService - com.fhs.trans.service.impl.SimpleTransService翻译未命中数据:com.dlshouwen.swda.bms.system.entity.Region_0
2025-04-27 09:04:29.954 [http-nio-7000-exec-7] WARN  com.fhs.trans.service.impl.SimpleTransService - com.fhs.trans.service.impl.SimpleTransService翻译未命中数据:com.dlshouwen.swda.bms.system.entity.Region_0
2025-04-27 09:04:29.954 [http-nio-7000-exec-7] WARN  com.fhs.trans.service.impl.SimpleTransService - com.fhs.trans.service.impl.SimpleTransService翻译未命中数据:com.dlshouwen.swda.bms.system.entity.Region_0
2025-04-27 09:04:29.954 [http-nio-7000-exec-7] WARN  com.fhs.trans.service.impl.SimpleTransService - com.fhs.trans.service.impl.SimpleTransService翻译未命中数据:com.dlshouwen.swda.bms.system.entity.Region_0
2025-04-27 09:04:29.954 [http-nio-7000-exec-7] WARN  com.fhs.trans.service.impl.SimpleTransService - com.fhs.trans.service.impl.SimpleTransService翻译未命中数据:com.dlshouwen.swda.bms.system.entity.Region_0
2025-04-27 09:04:29.955 [http-nio-7000-exec-7] WARN  com.fhs.trans.service.impl.SimpleTransService - com.fhs.trans.service.impl.SimpleTransService翻译未命中数据:com.dlshouwen.swda.bms.system.entity.Region_0
2025-04-27 09:04:29.955 [http-nio-7000-exec-7] WARN  com.fhs.trans.service.impl.SimpleTransService - com.fhs.trans.service.impl.SimpleTransService翻译未命中数据:com.dlshouwen.swda.bms.system.entity.Region_0
2025-04-27 09:04:29.955 [http-nio-7000-exec-7] WARN  com.fhs.trans.service.impl.SimpleTransService - com.fhs.trans.service.impl.SimpleTransService翻译未命中数据:com.dlshouwen.swda.bms.system.entity.Region_0
2025-04-27 09:04:29.955 [http-nio-7000-exec-7] WARN  com.fhs.trans.service.impl.SimpleTransService - com.fhs.trans.service.impl.SimpleTransService翻译未命中数据:com.dlshouwen.swda.bms.system.entity.Region_0
2025-04-27 09:04:29.956 [http-nio-7000-exec-7] WARN  com.fhs.trans.service.impl.SimpleTransService - com.fhs.trans.service.impl.SimpleTransService翻译未命中数据:com.dlshouwen.swda.bms.system.entity.Region_0
2025-04-27 09:04:29.956 [http-nio-7000-exec-7] WARN  com.fhs.trans.service.impl.SimpleTransService - com.fhs.trans.service.impl.SimpleTransService翻译未命中数据:com.dlshouwen.swda.bms.system.entity.Region_0
2025-04-27 09:04:29.956 [http-nio-7000-exec-7] WARN  com.fhs.trans.service.impl.SimpleTransService - com.fhs.trans.service.impl.SimpleTransService翻译未命中数据:com.dlshouwen.swda.bms.system.entity.Region_0
2025-04-27 09:04:29.957 [http-nio-7000-exec-7] WARN  com.fhs.trans.service.impl.SimpleTransService - com.fhs.trans.service.impl.SimpleTransService翻译未命中数据:com.dlshouwen.swda.bms.system.entity.Region_0
2025-04-27 09:09:19.277 [http-nio-7000-exec-1] WARN  c.d.s.b.p.service.impl.UserRoleServiceImpl - SqlSession [org.apache.ibatis.session.defaults.DefaultSqlSession@1aea5f8b] Transaction not enabled
2025-04-27 09:12:40.520 [main] WARN  o.s.c.s.PostProcessorRegistrationDelegate$BeanPostProcessorChecker - Bean 'spring.datasource.dynamic-com.baomidou.dynamic.datasource.spring.boot.autoconfigure.DynamicDataSourceProperties' of type [com.baomidou.dynamic.datasource.spring.boot.autoconfigure.DynamicDataSourceProperties] is not eligible for getting processed by all BeanPostProcessors (for example: not eligible for auto-proxying). Is this bean getting eagerly injected into a currently created BeanPostProcessor [meterRegistryPostProcessor]? Check the corresponding BeanPostProcessor declaration and its dependencies.
2025-04-27 09:12:40.527 [main] WARN  o.s.c.s.PostProcessorRegistrationDelegate$BeanPostProcessorChecker - Bean 'com.baomidou.dynamic.datasource.spring.boot.autoconfigure.DynamicDataSourceAopConfiguration' of type [com.baomidou.dynamic.datasource.spring.boot.autoconfigure.DynamicDataSourceAopConfiguration$$SpringCGLIB$$0] is not eligible for getting processed by all BeanPostProcessors (for example: not eligible for auto-proxying). Is this bean getting eagerly injected into a currently created BeanPostProcessor [meterRegistryPostProcessor]? Check the corresponding BeanPostProcessor declaration and its dependencies.
2025-04-27 09:12:40.536 [main] WARN  o.s.c.s.PostProcessorRegistrationDelegate$BeanPostProcessorChecker - Bean 'dsProcessor' of type [com.baomidou.dynamic.datasource.processor.DsJakartaHeaderProcessor] is not eligible for getting processed by all BeanPostProcessors (for example: not eligible for auto-proxying). Is this bean getting eagerly injected into a currently created BeanPostProcessor [meterRegistryPostProcessor]? Check the corresponding BeanPostProcessor declaration and its dependencies.
2025-04-27 09:13:04.455 [http-nio-7000-exec-6] WARN  com.fhs.trans.service.impl.SimpleTransService - com.fhs.trans.service.impl.SimpleTransService翻译未命中数据:com.dlshouwen.swda.bms.system.entity.Region_0
2025-04-27 09:13:04.455 [http-nio-7000-exec-6] WARN  com.fhs.trans.service.impl.SimpleTransService - com.fhs.trans.service.impl.SimpleTransService翻译未命中数据:com.dlshouwen.swda.bms.system.entity.Region_0
2025-04-27 09:13:04.456 [http-nio-7000-exec-6] WARN  com.fhs.trans.service.impl.SimpleTransService - com.fhs.trans.service.impl.SimpleTransService翻译未命中数据:com.dlshouwen.swda.bms.system.entity.Region_0
2025-04-27 09:13:04.456 [http-nio-7000-exec-6] WARN  com.fhs.trans.service.impl.SimpleTransService - com.fhs.trans.service.impl.SimpleTransService翻译未命中数据:com.dlshouwen.swda.bms.system.entity.Region_0
2025-04-27 09:13:04.456 [http-nio-7000-exec-6] WARN  com.fhs.trans.service.impl.SimpleTransService - com.fhs.trans.service.impl.SimpleTransService翻译未命中数据:com.dlshouwen.swda.bms.system.entity.Region_0
2025-04-27 09:13:04.456 [http-nio-7000-exec-6] WARN  com.fhs.trans.service.impl.SimpleTransService - com.fhs.trans.service.impl.SimpleTransService翻译未命中数据:com.dlshouwen.swda.bms.system.entity.Region_0
2025-04-27 09:13:04.457 [http-nio-7000-exec-6] WARN  com.fhs.trans.service.impl.SimpleTransService - com.fhs.trans.service.impl.SimpleTransService翻译未命中数据:com.dlshouwen.swda.bms.system.entity.Region_0
2025-04-27 09:13:04.457 [http-nio-7000-exec-6] WARN  com.fhs.trans.service.impl.SimpleTransService - com.fhs.trans.service.impl.SimpleTransService翻译未命中数据:com.dlshouwen.swda.bms.system.entity.Region_0
2025-04-27 09:13:04.457 [http-nio-7000-exec-6] WARN  com.fhs.trans.service.impl.SimpleTransService - com.fhs.trans.service.impl.SimpleTransService翻译未命中数据:com.dlshouwen.swda.bms.system.entity.Region_0
2025-04-27 09:13:04.457 [http-nio-7000-exec-6] WARN  com.fhs.trans.service.impl.SimpleTransService - com.fhs.trans.service.impl.SimpleTransService翻译未命中数据:com.dlshouwen.swda.bms.system.entity.Region_0
2025-04-27 09:13:04.458 [http-nio-7000-exec-6] WARN  com.fhs.trans.service.impl.SimpleTransService - com.fhs.trans.service.impl.SimpleTransService翻译未命中数据:com.dlshouwen.swda.bms.system.entity.Region_0
2025-04-27 09:13:04.458 [http-nio-7000-exec-6] WARN  com.fhs.trans.service.impl.SimpleTransService - com.fhs.trans.service.impl.SimpleTransService翻译未命中数据:com.dlshouwen.swda.bms.system.entity.Region_0
2025-04-27 09:13:04.458 [http-nio-7000-exec-6] WARN  com.fhs.trans.service.impl.SimpleTransService - com.fhs.trans.service.impl.SimpleTransService翻译未命中数据:com.dlshouwen.swda.bms.system.entity.Region_0
2025-04-27 09:13:04.458 [http-nio-7000-exec-6] WARN  com.fhs.trans.service.impl.SimpleTransService - com.fhs.trans.service.impl.SimpleTransService翻译未命中数据:com.dlshouwen.swda.bms.system.entity.Region_0
2025-04-27 09:13:04.459 [http-nio-7000-exec-6] WARN  com.fhs.trans.service.impl.SimpleTransService - com.fhs.trans.service.impl.SimpleTransService翻译未命中数据:com.dlshouwen.swda.bms.system.entity.Region_0
2025-04-27 09:13:04.459 [http-nio-7000-exec-6] WARN  com.fhs.trans.service.impl.SimpleTransService - com.fhs.trans.service.impl.SimpleTransService翻译未命中数据:com.dlshouwen.swda.bms.system.entity.Region_0
2025-04-27 09:13:04.459 [http-nio-7000-exec-6] WARN  com.fhs.trans.service.impl.SimpleTransService - com.fhs.trans.service.impl.SimpleTransService翻译未命中数据:com.dlshouwen.swda.bms.system.entity.Region_0
2025-04-27 09:13:04.459 [http-nio-7000-exec-6] WARN  com.fhs.trans.service.impl.SimpleTransService - com.fhs.trans.service.impl.SimpleTransService翻译未命中数据:com.dlshouwen.swda.bms.system.entity.Region_0
2025-04-27 09:13:04.459 [http-nio-7000-exec-6] WARN  com.fhs.trans.service.impl.SimpleTransService - com.fhs.trans.service.impl.SimpleTransService翻译未命中数据:com.dlshouwen.swda.bms.system.entity.Region_0
2025-04-27 09:13:04.460 [http-nio-7000-exec-6] WARN  com.fhs.trans.service.impl.SimpleTransService - com.fhs.trans.service.impl.SimpleTransService翻译未命中数据:com.dlshouwen.swda.bms.system.entity.Region_0
2025-04-27 09:13:04.460 [http-nio-7000-exec-6] WARN  com.fhs.trans.service.impl.SimpleTransService - com.fhs.trans.service.impl.SimpleTransService翻译未命中数据:com.dlshouwen.swda.bms.system.entity.Region_0
2025-04-27 09:13:04.460 [http-nio-7000-exec-6] WARN  com.fhs.trans.service.impl.SimpleTransService - com.fhs.trans.service.impl.SimpleTransService翻译未命中数据:com.dlshouwen.swda.bms.system.entity.Region_0
2025-04-27 09:13:04.460 [http-nio-7000-exec-6] WARN  com.fhs.trans.service.impl.SimpleTransService - com.fhs.trans.service.impl.SimpleTransService翻译未命中数据:com.dlshouwen.swda.bms.system.entity.Region_0
2025-04-27 09:13:04.461 [http-nio-7000-exec-6] WARN  com.fhs.trans.service.impl.SimpleTransService - com.fhs.trans.service.impl.SimpleTransService翻译未命中数据:com.dlshouwen.swda.bms.system.entity.Region_0
2025-04-27 09:13:04.461 [http-nio-7000-exec-6] WARN  com.fhs.trans.service.impl.SimpleTransService - com.fhs.trans.service.impl.SimpleTransService翻译未命中数据:com.dlshouwen.swda.bms.system.entity.Region_0
2025-04-27 09:13:04.461 [http-nio-7000-exec-6] WARN  com.fhs.trans.service.impl.SimpleTransService - com.fhs.trans.service.impl.SimpleTransService翻译未命中数据:com.dlshouwen.swda.bms.system.entity.Region_0
2025-04-27 09:13:04.461 [http-nio-7000-exec-6] WARN  com.fhs.trans.service.impl.SimpleTransService - com.fhs.trans.service.impl.SimpleTransService翻译未命中数据:com.dlshouwen.swda.bms.system.entity.Region_0
2025-04-27 09:13:04.462 [http-nio-7000-exec-6] WARN  com.fhs.trans.service.impl.SimpleTransService - com.fhs.trans.service.impl.SimpleTransService翻译未命中数据:com.dlshouwen.swda.bms.system.entity.Region_0
2025-04-27 09:13:04.462 [http-nio-7000-exec-6] WARN  com.fhs.trans.service.impl.SimpleTransService - com.fhs.trans.service.impl.SimpleTransService翻译未命中数据:com.dlshouwen.swda.bms.system.entity.Region_0
2025-04-27 09:13:04.462 [http-nio-7000-exec-6] WARN  com.fhs.trans.service.impl.SimpleTransService - com.fhs.trans.service.impl.SimpleTransService翻译未命中数据:com.dlshouwen.swda.bms.system.entity.Region_0
2025-04-27 09:13:04.463 [http-nio-7000-exec-6] WARN  com.fhs.trans.service.impl.SimpleTransService - com.fhs.trans.service.impl.SimpleTransService翻译未命中数据:com.dlshouwen.swda.bms.system.entity.Region_0
2025-04-27 09:29:17.678 [http-nio-7000-exec-9] WARN  c.d.swda.bms.system.service.impl.AttrServiceImpl - SqlSession [org.apache.ibatis.session.defaults.DefaultSqlSession@62b70ff9] Transaction not enabled
2025-04-27 16:54:43.933 [main] WARN  o.s.c.s.PostProcessorRegistrationDelegate$BeanPostProcessorChecker - Bean 'spring.datasource.dynamic-com.baomidou.dynamic.datasource.spring.boot.autoconfigure.DynamicDataSourceProperties' of type [com.baomidou.dynamic.datasource.spring.boot.autoconfigure.DynamicDataSourceProperties] is not eligible for getting processed by all BeanPostProcessors (for example: not eligible for auto-proxying). Is this bean getting eagerly injected into a currently created BeanPostProcessor [meterRegistryPostProcessor]? Check the corresponding BeanPostProcessor declaration and its dependencies.
2025-04-27 16:54:43.941 [main] WARN  o.s.c.s.PostProcessorRegistrationDelegate$BeanPostProcessorChecker - Bean 'com.baomidou.dynamic.datasource.spring.boot.autoconfigure.DynamicDataSourceAopConfiguration' of type [com.baomidou.dynamic.datasource.spring.boot.autoconfigure.DynamicDataSourceAopConfiguration$$SpringCGLIB$$0] is not eligible for getting processed by all BeanPostProcessors (for example: not eligible for auto-proxying). Is this bean getting eagerly injected into a currently created BeanPostProcessor [meterRegistryPostProcessor]? Check the corresponding BeanPostProcessor declaration and its dependencies.
2025-04-27 16:54:43.950 [main] WARN  o.s.c.s.PostProcessorRegistrationDelegate$BeanPostProcessorChecker - Bean 'dsProcessor' of type [com.baomidou.dynamic.datasource.processor.DsJakartaHeaderProcessor] is not eligible for getting processed by all BeanPostProcessors (for example: not eligible for auto-proxying). Is this bean getting eagerly injected into a currently created BeanPostProcessor [meterRegistryPostProcessor]? Check the corresponding BeanPostProcessor declaration and its dependencies.
